
Note: the module "Python" cannot be unloaded because it was not loaded.

Lmod Warning:
-------------------------------------------------------------------------------
The following dependent module(s) are not currently loaded:
Python/3.10.8-GCCcore-12.2.0 (required by: Bowtie2/2.5.1-GCC-12.2.0)
-------------------------------------------------------------------------------



unzipping R1...
unzipping R2...
beginning barcode extraction...
# UMI-tools version: 1.1.6
# output generated by extract --extract-method=regex --bc-pattern=^(?P<cell_1>.{16})(?P<umi_1>.{12}) --bc-pattern2=(?P<discard_1>SCGGTAAGCTCCCGGGAGCTTGT){s<=3}(?P<umi_2>.{8}) --stdin=/home/mcn26/palmer_scratch/tabula_data/raw_recap/cohen_retina/filtered_fastq/SRR21787460_1.fastq.gz_R1_paired.fastq --stdout=/home/mcn26/palmer_scratch/tabula_data/raw_recap/cohen_retina/main_bc_extract/SRR21787460_processed_R1.fastq --read2-in=/home/mcn26/palmer_scratch/tabula_data/raw_recap/cohen_retina/filtered_fastq/SRR21787460_1.fastq.gz_R2_paired.fastq --read2-out=/home/mcn26/palmer_scratch/tabula_data/raw_recap/cohen_retina/main_bc_extract/SRR21787460_processed_R2.fastq
# job started at Mon Feb  3 19:54:01 2025 on r814u15n10.mccleary.ycrc.yale.edu -- ad2b9396-a78b-43e4-917d-a956f8ea6ad8
# pid: 2955896, system: Linux 4.18.0-477.74.1.el8_8.x86_64 #1 SMP Thu Sep 12 12:27:11 EDT 2024 x86_64
# blacklist                               : None
# compresslevel                           : 6
# correct_umi_threshold                   : 0
# either_read                             : False
# either_read_resolve                     : discard
# error_correct_cell                      : False
# extract_method                          : regex
# filter_cell_barcode                     : None
# filter_cell_barcodes                    : False
# filter_umi                              : None
# filtered_out                            : None
# filtered_out2                           : None
# ignore_suffix                           : False
# log2stderr                              : False
# loglevel                                : 1
# pattern                                 : ^(?P<cell_1>.{16})(?P<umi_1>.{12})
# pattern2                                : (?P<discard_1>SCGGTAAGCTCCCGGGAGCTTGT){s<=3}(?P<umi_2>.{8})
# prime3                                  : None
# quality_encoding                        : None
# quality_filter_mask                     : None
# quality_filter_threshold                : None
# random_seed                             : None
# read2_in                                : /home/mcn26/palmer_scratch/tabula_data/raw_recap/cohen_retina/filtered_fastq/SRR21787460_1.fastq.gz_R2_paired.fastq
# read2_only                              : False
# read2_out                               : /home/mcn26/palmer_scratch/tabula_data/raw_recap/cohen_retina/main_bc_extract/SRR21787460_processed_R2.fastq
# read2_stdout                            : False
# reads_subset                            : None
# reconcile                               : False
# retain_umi                              : None
# short_help                              : None
# stderr                                  : <_io.TextIOWrapper name='<stderr>' mode='w' encoding='utf-8'>
# stdin                                   : <_io.TextIOWrapper name='/home/mcn26/palmer_scratch/tabula_data/raw_recap/cohen_retina/filtered_fastq/SRR21787460_1.fastq.gz_R1_paired.fastq' mode='r' encoding='UTF-8'>
# stdlog                                  : <_io.TextIOWrapper name='<stdout>' mode='w' encoding='utf-8'>
# stdout                                  : <_io.TextIOWrapper name='/home/mcn26/palmer_scratch/tabula_data/raw_recap/cohen_retina/main_bc_extract/SRR21787460_processed_R1.fastq' mode='w' encoding='UTF-8'>
# timeit_file                             : None
# timeit_header                           : None
# timeit_name                             : all
# tmpdir                                  : None
# umi_correct_log                         : None
# umi_separator                           : _
# umi_whitelist                           : None
# umi_whitelist_paired                    : None
# whitelist                               : None
2025-02-03 19:54:01,527 INFO Starting barcode extraction
2025-02-03 19:54:04,324 INFO Parsed 100000 reads
2025-02-03 19:54:06,106 INFO Parsed 200000 reads
2025-02-03 19:54:07,887 INFO Parsed 300000 reads
2025-02-03 19:54:09,668 INFO Parsed 400000 reads
2025-02-03 19:54:11,446 INFO Parsed 500000 reads
2025-02-03 19:54:13,231 INFO Parsed 600000 reads
2025-02-03 19:54:15,032 INFO Parsed 700000 reads
2025-02-03 19:54:16,823 INFO Parsed 800000 reads
2025-02-03 19:54:18,602 INFO Parsed 900000 reads
2025-02-03 19:54:20,380 INFO Parsed 1000000 reads
2025-02-03 19:54:22,166 INFO Parsed 1100000 reads
2025-02-03 19:54:24,106 INFO Parsed 1200000 reads
2025-02-03 19:54:25,890 INFO Parsed 1300000 reads
2025-02-03 19:54:27,690 INFO Parsed 1400000 reads
2025-02-03 19:54:29,487 INFO Parsed 1500000 reads
2025-02-03 19:54:31,290 INFO Parsed 1600000 reads
2025-02-03 19:54:33,092 INFO Parsed 1700000 reads
2025-02-03 19:54:34,894 INFO Parsed 1800000 reads
2025-02-03 19:54:36,699 INFO Parsed 1900000 reads
2025-02-03 19:54:38,512 INFO Parsed 2000000 reads
2025-02-03 19:54:40,325 INFO Parsed 2100000 reads
2025-02-03 19:54:42,145 INFO Parsed 2200000 reads
2025-02-03 19:54:43,961 INFO Parsed 2300000 reads
2025-02-03 19:54:45,965 INFO Parsed 2400000 reads
2025-02-03 19:54:47,772 INFO Parsed 2500000 reads
2025-02-03 19:54:49,580 INFO Parsed 2600000 reads
2025-02-03 19:54:51,386 INFO Parsed 2700000 reads
2025-02-03 19:54:53,190 INFO Parsed 2800000 reads
2025-02-03 19:54:55,002 INFO Parsed 2900000 reads
2025-02-03 19:54:56,815 INFO Parsed 3000000 reads
2025-02-03 19:54:58,635 INFO Parsed 3100000 reads
2025-02-03 19:55:00,467 INFO Parsed 3200000 reads
2025-02-03 19:55:02,283 INFO Parsed 3300000 reads
2025-02-03 19:55:04,099 INFO Parsed 3400000 reads
2025-02-03 19:55:05,917 INFO Parsed 3500000 reads
2025-02-03 19:55:07,730 INFO Parsed 3600000 reads
2025-02-03 19:55:09,554 INFO Parsed 3700000 reads
2025-02-03 19:55:11,533 INFO Parsed 3800000 reads
2025-02-03 19:55:13,358 INFO Parsed 3900000 reads
2025-02-03 19:55:15,177 INFO Parsed 4000000 reads
2025-02-03 19:55:16,996 INFO Parsed 4100000 reads
2025-02-03 19:55:18,797 INFO Parsed 4200000 reads
2025-02-03 19:55:20,592 INFO Parsed 4300000 reads
2025-02-03 19:55:22,383 INFO Parsed 4400000 reads
2025-02-03 19:55:24,168 INFO Parsed 4500000 reads
2025-02-03 19:55:25,955 INFO Parsed 4600000 reads
2025-02-03 19:55:27,738 INFO Parsed 4700000 reads
2025-02-03 19:55:29,520 INFO Parsed 4800000 reads
2025-02-03 19:55:31,323 INFO Parsed 4900000 reads
2025-02-03 19:55:33,192 INFO Parsed 5000000 reads
2025-02-03 19:55:34,979 INFO Parsed 5100000 reads
2025-02-03 19:55:36,767 INFO Parsed 5200000 reads
2025-02-03 19:55:38,552 INFO Parsed 5300000 reads
2025-02-03 19:55:40,335 INFO Parsed 5400000 reads
2025-02-03 19:55:42,126 INFO Parsed 5500000 reads
2025-02-03 19:55:43,939 INFO Parsed 5600000 reads
2025-02-03 19:55:45,739 INFO Parsed 5700000 reads
2025-02-03 19:55:47,537 INFO Parsed 5800000 reads
2025-02-03 19:55:49,330 INFO Parsed 5900000 reads
2025-02-03 19:55:51,132 INFO Parsed 6000000 reads
2025-02-03 19:55:52,935 INFO Parsed 6100000 reads
2025-02-03 19:55:54,744 INFO Parsed 6200000 reads
2025-02-03 19:55:56,561 INFO Parsed 6300000 reads
2025-02-03 19:55:58,538 INFO Parsed 6400000 reads
2025-02-03 19:56:00,343 INFO Parsed 6500000 reads
2025-02-03 19:56:02,148 INFO Parsed 6600000 reads
2025-02-03 19:56:03,950 INFO Parsed 6700000 reads
2025-02-03 19:56:05,758 INFO Parsed 6800000 reads
2025-02-03 19:56:07,569 INFO Parsed 6900000 reads
2025-02-03 19:56:09,384 INFO Parsed 7000000 reads
2025-02-03 19:56:11,207 INFO Parsed 7100000 reads
2025-02-03 19:56:13,028 INFO Parsed 7200000 reads
2025-02-03 19:56:14,846 INFO Parsed 7300000 reads
2025-02-03 19:56:16,657 INFO Parsed 7400000 reads
2025-02-03 19:56:18,471 INFO Parsed 7500000 reads
2025-02-03 19:56:20,287 INFO Parsed 7600000 reads
2025-02-03 19:56:22,095 INFO Parsed 7700000 reads
2025-02-03 19:56:24,203 INFO Parsed 7800000 reads
2025-02-03 19:56:26,027 INFO Parsed 7900000 reads
2025-02-03 19:56:27,838 INFO Parsed 8000000 reads
2025-02-03 19:56:29,648 INFO Parsed 8100000 reads
2025-02-03 19:56:31,457 INFO Parsed 8200000 reads
2025-02-03 19:56:33,253 INFO Parsed 8300000 reads
2025-02-03 19:56:35,037 INFO Parsed 8400000 reads
2025-02-03 19:56:36,814 INFO Parsed 8500000 reads
2025-02-03 19:56:38,597 INFO Parsed 8600000 reads
2025-02-03 19:56:40,397 INFO Parsed 8700000 reads
2025-02-03 19:56:42,189 INFO Parsed 8800000 reads
2025-02-03 19:56:43,974 INFO Parsed 8900000 reads
2025-02-03 19:56:45,770 INFO Parsed 9000000 reads
2025-02-03 19:56:47,572 INFO Parsed 9100000 reads
2025-02-03 19:56:49,490 INFO Parsed 9200000 reads
2025-02-03 19:56:51,290 INFO Parsed 9300000 reads
2025-02-03 19:56:53,088 INFO Parsed 9400000 reads
2025-02-03 19:56:54,880 INFO Parsed 9500000 reads
2025-02-03 19:56:56,672 INFO Parsed 9600000 reads
2025-02-03 19:56:58,463 INFO Parsed 9700000 reads
2025-02-03 19:57:00,259 INFO Parsed 9800000 reads
2025-02-03 19:57:02,056 INFO Parsed 9900000 reads
2025-02-03 19:57:03,858 INFO Parsed 10000000 reads
2025-02-03 19:57:05,665 INFO Parsed 10100000 reads
2025-02-03 19:57:07,475 INFO Parsed 10200000 reads
2025-02-03 19:57:09,284 INFO Parsed 10300000 reads
2025-02-03 19:57:11,092 INFO Parsed 10400000 reads
2025-02-03 19:57:12,899 INFO Parsed 10500000 reads
2025-02-03 19:57:14,882 INFO Parsed 10600000 reads
2025-02-03 19:57:16,689 INFO Parsed 10700000 reads
2025-02-03 19:57:18,502 INFO Parsed 10800000 reads
2025-02-03 19:57:20,319 INFO Parsed 10900000 reads
2025-02-03 19:57:22,132 INFO Parsed 11000000 reads
2025-02-03 19:57:23,948 INFO Parsed 11100000 reads
2025-02-03 19:57:25,769 INFO Parsed 11200000 reads
2025-02-03 19:57:27,592 INFO Parsed 11300000 reads
2025-02-03 19:57:29,406 INFO Parsed 11400000 reads
2025-02-03 19:57:31,224 INFO Parsed 11500000 reads
2025-02-03 19:57:33,037 INFO Parsed 11600000 reads
2025-02-03 19:57:34,857 INFO Parsed 11700000 reads
2025-02-03 19:57:36,850 INFO Parsed 11800000 reads
2025-02-03 19:57:38,677 INFO Parsed 11900000 reads
2025-02-03 19:57:40,494 INFO Parsed 12000000 reads
2025-02-03 19:57:42,318 INFO Parsed 12100000 reads
2025-02-03 19:57:44,133 INFO Parsed 12200000 reads
2025-02-03 19:57:45,955 INFO Parsed 12300000 reads
2025-02-03 19:57:47,749 INFO Parsed 12400000 reads
2025-02-03 19:57:49,528 INFO Parsed 12500000 reads
2025-02-03 19:57:51,325 INFO Parsed 12600000 reads
2025-02-03 19:57:53,125 INFO Parsed 12700000 reads
2025-02-03 19:57:54,910 INFO Parsed 12800000 reads
2025-02-03 19:57:56,688 INFO Parsed 12900000 reads
2025-02-03 19:57:58,465 INFO Parsed 13000000 reads
2025-02-03 19:58:00,250 INFO Parsed 13100000 reads
2025-02-03 19:58:02,252 INFO Parsed 13200000 reads
2025-02-03 19:58:04,035 INFO Parsed 13300000 reads
2025-02-03 19:58:05,817 INFO Parsed 13400000 reads
2025-02-03 19:58:07,603 INFO Parsed 13500000 reads
2025-02-03 19:58:09,386 INFO Parsed 13600000 reads
2025-02-03 19:58:11,168 INFO Parsed 13700000 reads
2025-02-03 19:58:12,970 INFO Parsed 13800000 reads
2025-02-03 19:58:14,760 INFO Parsed 13900000 reads
2025-02-03 19:58:16,557 INFO Parsed 14000000 reads
2025-02-03 19:58:18,357 INFO Parsed 14100000 reads
2025-02-03 19:58:20,163 INFO Parsed 14200000 reads
2025-02-03 19:58:21,966 INFO Parsed 14300000 reads
2025-02-03 19:58:23,772 INFO Parsed 14400000 reads
2025-02-03 19:58:25,584 INFO Parsed 14500000 reads
2025-02-03 19:58:27,594 INFO Parsed 14600000 reads
2025-02-03 19:58:29,400 INFO Parsed 14700000 reads
2025-02-03 19:58:31,208 INFO Parsed 14800000 reads
2025-02-03 19:58:33,019 INFO Parsed 14900000 reads
2025-02-03 19:58:34,832 INFO Parsed 15000000 reads
2025-02-03 19:58:36,643 INFO Parsed 15100000 reads
2025-02-03 19:58:38,455 INFO Parsed 15200000 reads
2025-02-03 19:58:40,288 INFO Parsed 15300000 reads
2025-02-03 19:58:42,114 INFO Parsed 15400000 reads
2025-02-03 19:58:43,939 INFO Parsed 15500000 reads
2025-02-03 19:58:45,752 INFO Parsed 15600000 reads
2025-02-03 19:58:47,567 INFO Parsed 15700000 reads
2025-02-03 19:58:49,399 INFO Parsed 15800000 reads
2025-02-03 19:58:51,221 INFO Parsed 15900000 reads
2025-02-03 19:58:53,033 INFO Parsed 16000000 reads
2025-02-03 19:58:55,098 INFO Parsed 16100000 reads
2025-02-03 19:58:56,913 INFO Parsed 16200000 reads
2025-02-03 19:58:58,731 INFO Parsed 16300000 reads
2025-02-03 19:59:00,560 INFO Parsed 16400000 reads
2025-02-03 19:59:02,375 INFO Parsed 16500000 reads
2025-02-03 19:59:04,176 INFO Parsed 16600000 reads
2025-02-03 19:59:05,973 INFO Parsed 16700000 reads
2025-02-03 19:59:07,755 INFO Parsed 16800000 reads
2025-02-03 19:59:09,539 INFO Parsed 16900000 reads
2025-02-03 19:59:11,339 INFO Parsed 17000000 reads
2025-02-03 19:59:13,138 INFO Parsed 17100000 reads
2025-02-03 19:59:15,080 INFO Parsed 17200000 reads
2025-02-03 19:59:16,862 INFO Parsed 17300000 reads
2025-02-03 19:59:18,647 INFO Parsed 17400000 reads
2025-02-03 19:59:20,438 INFO Parsed 17500000 reads
2025-02-03 19:59:22,237 INFO Parsed 17600000 reads
2025-02-03 19:59:24,030 INFO Parsed 17700000 reads
2025-02-03 19:59:25,821 INFO Parsed 17800000 reads
2025-02-03 19:59:27,609 INFO Parsed 17900000 reads
2025-02-03 19:59:29,399 INFO Parsed 18000000 reads
2025-02-03 19:59:31,196 INFO Parsed 18100000 reads
2025-02-03 19:59:32,990 INFO Parsed 18200000 reads
2025-02-03 19:59:34,802 INFO Parsed 18300000 reads
2025-02-03 19:59:36,830 INFO Parsed 18400000 reads
2025-02-03 19:59:38,632 INFO Parsed 18500000 reads
2025-02-03 19:59:40,431 INFO Parsed 18600000 reads
2025-02-03 19:59:42,232 INFO Parsed 18700000 reads
2025-02-03 19:59:44,035 INFO Parsed 18800000 reads
2025-02-03 19:59:45,841 INFO Parsed 18900000 reads
2025-02-03 19:59:47,648 INFO Parsed 19000000 reads
2025-02-03 19:59:49,461 INFO Parsed 19100000 reads
2025-02-03 19:59:51,270 INFO Parsed 19200000 reads
2025-02-03 19:59:53,075 INFO Parsed 19300000 reads
2025-02-03 19:59:54,883 INFO Parsed 19400000 reads
2025-02-03 19:59:56,834 INFO Parsed 19500000 reads
2025-02-03 19:59:58,655 INFO Parsed 19600000 reads
2025-02-03 20:00:00,477 INFO Parsed 19700000 reads
2025-02-03 20:00:02,297 INFO Parsed 19800000 reads
2025-02-03 20:00:04,126 INFO Parsed 19900000 reads
2025-02-03 20:00:05,955 INFO Parsed 20000000 reads
2025-02-03 20:00:07,777 INFO Parsed 20100000 reads
2025-02-03 20:00:09,595 INFO Parsed 20200000 reads
2025-02-03 20:00:11,417 INFO Parsed 20300000 reads
2025-02-03 20:00:13,238 INFO Parsed 20400000 reads
2025-02-03 20:00:15,062 INFO Parsed 20500000 reads
2025-02-03 20:00:16,883 INFO Parsed 20600000 reads
2025-02-03 20:00:18,707 INFO Parsed 20700000 reads
2025-02-03 20:00:20,510 INFO Parsed 20800000 reads
2025-02-03 20:00:22,301 INFO Parsed 20900000 reads
2025-02-03 20:00:24,272 INFO Parsed 21000000 reads
2025-02-03 20:00:26,070 INFO Parsed 21100000 reads
2025-02-03 20:00:27,867 INFO Parsed 21200000 reads
2025-02-03 20:00:29,670 INFO Parsed 21300000 reads
2025-02-03 20:00:31,470 INFO Parsed 21400000 reads
2025-02-03 20:00:33,267 INFO Parsed 21500000 reads
2025-02-03 20:00:35,061 INFO Parsed 21600000 reads
2025-02-03 20:00:36,855 INFO Parsed 21700000 reads
2025-02-03 20:00:38,650 INFO Parsed 21800000 reads
2025-02-03 20:00:40,447 INFO Parsed 21900000 reads
2025-02-03 20:00:42,259 INFO Parsed 22000000 reads
2025-02-03 20:00:44,063 INFO Parsed 22100000 reads
2025-02-03 20:00:45,866 INFO Parsed 22200000 reads
2025-02-03 20:00:47,674 INFO Parsed 22300000 reads
2025-02-03 20:00:49,687 INFO Parsed 22400000 reads
2025-02-03 20:00:51,491 INFO Parsed 22500000 reads
2025-02-03 20:00:53,298 INFO Parsed 22600000 reads
2025-02-03 20:00:55,119 INFO Parsed 22700000 reads
2025-02-03 20:00:56,938 INFO Parsed 22800000 reads
2025-02-03 20:00:58,753 INFO Parsed 22900000 reads
2025-02-03 20:01:00,558 INFO Parsed 23000000 reads
2025-02-03 20:01:02,365 INFO Parsed 23100000 reads
2025-02-03 20:01:04,177 INFO Parsed 23200000 reads
2025-02-03 20:01:06,009 INFO Parsed 23300000 reads
2025-02-03 20:01:07,833 INFO Parsed 23400000 reads
2025-02-03 20:01:09,654 INFO Parsed 23500000 reads
2025-02-03 20:01:11,484 INFO Parsed 23600000 reads
2025-02-03 20:01:13,315 INFO Parsed 23700000 reads
2025-02-03 20:01:15,265 INFO Parsed 23800000 reads
2025-02-03 20:01:17,092 INFO Parsed 23900000 reads
2025-02-03 20:01:18,915 INFO Parsed 24000000 reads
2025-02-03 20:01:20,743 INFO Parsed 24100000 reads
2025-02-03 20:01:22,570 INFO Parsed 24200000 reads
2025-02-03 20:01:24,404 INFO Parsed 24300000 reads
2025-02-03 20:01:26,232 INFO Parsed 24400000 reads
2025-02-03 20:01:28,060 INFO Parsed 24500000 reads
2025-02-03 20:01:29,891 INFO Parsed 24600000 reads
2025-02-03 20:01:31,719 INFO Parsed 24700000 reads
2025-02-03 20:01:33,549 INFO Parsed 24800000 reads
2025-02-03 20:01:35,365 INFO Parsed 24900000 reads
2025-02-03 20:01:37,176 INFO Parsed 25000000 reads
2025-02-03 20:01:38,990 INFO Parsed 25100000 reads
2025-02-03 20:01:41,040 INFO Parsed 25200000 reads
2025-02-03 20:01:42,851 INFO Parsed 25300000 reads
2025-02-03 20:01:44,660 INFO Parsed 25400000 reads
2025-02-03 20:01:46,470 INFO Parsed 25500000 reads
2025-02-03 20:01:48,289 INFO Parsed 25600000 reads
2025-02-03 20:01:50,098 INFO Parsed 25700000 reads
2025-02-03 20:01:51,912 INFO Parsed 25800000 reads
2025-02-03 20:01:53,722 INFO Parsed 25900000 reads
2025-02-03 20:01:55,529 INFO Parsed 26000000 reads
2025-02-03 20:01:57,339 INFO Parsed 26100000 reads
2025-02-03 20:01:59,154 INFO Parsed 26200000 reads
2025-02-03 20:02:00,962 INFO Parsed 26300000 reads
2025-02-03 20:02:02,775 INFO Parsed 26400000 reads
2025-02-03 20:02:04,588 INFO Parsed 26500000 reads
2025-02-03 20:02:06,402 INFO Parsed 26600000 reads
2025-02-03 20:02:08,325 INFO Parsed 26700000 reads
2025-02-03 20:02:10,136 INFO Parsed 26800000 reads
2025-02-03 20:02:11,947 INFO Parsed 26900000 reads
2025-02-03 20:02:13,758 INFO Parsed 27000000 reads
2025-02-03 20:02:15,583 INFO Parsed 27100000 reads
2025-02-03 20:02:17,397 INFO Parsed 27200000 reads
2025-02-03 20:02:19,207 INFO Parsed 27300000 reads
2025-02-03 20:02:21,023 INFO Parsed 27400000 reads
2025-02-03 20:02:22,837 INFO Parsed 27500000 reads
2025-02-03 20:02:24,650 INFO Parsed 27600000 reads
2025-02-03 20:02:26,465 INFO Parsed 27700000 reads
2025-02-03 20:02:28,278 INFO Parsed 27800000 reads
2025-02-03 20:02:30,102 INFO Parsed 27900000 reads
2025-02-03 20:02:31,924 INFO Parsed 28000000 reads
2025-02-03 20:02:33,861 INFO Parsed 28100000 reads
2025-02-03 20:02:35,670 INFO Parsed 28200000 reads
2025-02-03 20:02:37,477 INFO Parsed 28300000 reads
2025-02-03 20:02:39,282 INFO Parsed 28400000 reads
2025-02-03 20:02:41,082 INFO Parsed 28500000 reads
2025-02-03 20:02:42,902 INFO Parsed 28600000 reads
2025-02-03 20:02:44,726 INFO Parsed 28700000 reads
2025-02-03 20:02:46,539 INFO Parsed 28800000 reads
2025-02-03 20:02:48,350 INFO Parsed 28900000 reads
2025-02-03 20:02:50,158 INFO Parsed 29000000 reads
2025-02-03 20:02:51,961 INFO Parsed 29100000 reads
2025-02-03 20:02:53,766 INFO Parsed 29200000 reads
2025-02-03 20:02:55,570 INFO Parsed 29300000 reads
2025-02-03 20:02:57,367 INFO Parsed 29400000 reads
2025-02-03 20:02:59,258 INFO Parsed 29500000 reads
2025-02-03 20:03:01,071 INFO Parsed 29600000 reads
2025-02-03 20:03:02,894 INFO Parsed 29700000 reads
2025-02-03 20:03:04,706 INFO Parsed 29800000 reads
2025-02-03 20:03:06,521 INFO Parsed 29900000 reads
2025-02-03 20:03:08,330 INFO Parsed 30000000 reads
2025-02-03 20:03:10,133 INFO Parsed 30100000 reads
2025-02-03 20:03:11,941 INFO Parsed 30200000 reads
2025-02-03 20:03:13,754 INFO Parsed 30300000 reads
2025-02-03 20:03:15,560 INFO Parsed 30400000 reads
2025-02-03 20:03:17,370 INFO Parsed 30500000 reads
2025-02-03 20:03:19,187 INFO Parsed 30600000 reads
2025-02-03 20:03:21,003 INFO Parsed 30700000 reads
2025-02-03 20:03:22,829 INFO Parsed 30800000 reads
2025-02-03 20:03:24,648 INFO Parsed 30900000 reads
2025-02-03 20:03:26,553 INFO Parsed 31000000 reads
2025-02-03 20:03:28,370 INFO Parsed 31100000 reads
2025-02-03 20:03:30,194 INFO Parsed 31200000 reads
2025-02-03 20:03:32,011 INFO Parsed 31300000 reads
2025-02-03 20:03:33,820 INFO Parsed 31400000 reads
2025-02-03 20:03:35,628 INFO Parsed 31500000 reads
2025-02-03 20:03:37,452 INFO Parsed 31600000 reads
2025-02-03 20:03:39,276 INFO Parsed 31700000 reads
2025-02-03 20:03:41,096 INFO Parsed 31800000 reads
2025-02-03 20:03:42,903 INFO Parsed 31900000 reads
2025-02-03 20:03:44,715 INFO Parsed 32000000 reads
2025-02-03 20:03:46,527 INFO Parsed 32100000 reads
2025-02-03 20:03:48,343 INFO Parsed 32200000 reads
2025-02-03 20:03:50,150 INFO Parsed 32300000 reads
2025-02-03 20:03:52,180 INFO Parsed 32400000 reads
2025-02-03 20:03:53,996 INFO Parsed 32500000 reads
2025-02-03 20:03:55,813 INFO Parsed 32600000 reads
2025-02-03 20:03:57,627 INFO Parsed 32700000 reads
2025-02-03 20:03:59,445 INFO Parsed 32800000 reads
2025-02-03 20:04:01,270 INFO Parsed 32900000 reads
2025-02-03 20:04:03,095 INFO Parsed 33000000 reads
2025-02-03 20:04:04,919 INFO Parsed 33100000 reads
2025-02-03 20:04:06,745 INFO Parsed 33200000 reads
2025-02-03 20:04:08,570 INFO Parsed 33300000 reads
2025-02-03 20:04:10,395 INFO Parsed 33400000 reads
2025-02-03 20:04:12,218 INFO Parsed 33500000 reads
2025-02-03 20:04:14,037 INFO Parsed 33600000 reads
2025-02-03 20:04:15,856 INFO Parsed 33700000 reads
2025-02-03 20:04:18,026 INFO Parsed 33800000 reads
2025-02-03 20:04:19,837 INFO Parsed 33900000 reads
2025-02-03 20:04:21,652 INFO Parsed 34000000 reads
2025-02-03 20:04:23,467 INFO Parsed 34100000 reads
2025-02-03 20:04:25,281 INFO Parsed 34200000 reads
2025-02-03 20:04:27,102 INFO Parsed 34300000 reads
2025-02-03 20:04:28,917 INFO Parsed 34400000 reads
2025-02-03 20:04:30,740 INFO Parsed 34500000 reads
2025-02-03 20:04:32,569 INFO Parsed 34600000 reads
2025-02-03 20:04:34,395 INFO Parsed 34700000 reads
2025-02-03 20:04:36,213 INFO Parsed 34800000 reads
2025-02-03 20:04:38,031 INFO Parsed 34900000 reads
2025-02-03 20:04:39,848 INFO Parsed 35000000 reads
2025-02-03 20:04:41,664 INFO Parsed 35100000 reads
2025-02-03 20:04:43,675 INFO Parsed 35200000 reads
2025-02-03 20:04:45,489 INFO Parsed 35300000 reads
2025-02-03 20:04:47,307 INFO Parsed 35400000 reads
2025-02-03 20:04:49,132 INFO Parsed 35500000 reads
2025-02-03 20:04:50,951 INFO Parsed 35600000 reads
2025-02-03 20:04:52,767 INFO Parsed 35700000 reads
2025-02-03 20:04:54,583 INFO Parsed 35800000 reads
2025-02-03 20:04:56,395 INFO Parsed 35900000 reads
2025-02-03 20:04:58,202 INFO Parsed 36000000 reads
2025-02-03 20:05:00,031 INFO Parsed 36100000 reads
2025-02-03 20:05:01,877 INFO Parsed 36200000 reads
2025-02-03 20:05:03,707 INFO Parsed 36300000 reads
2025-02-03 20:05:05,533 INFO Parsed 36400000 reads
2025-02-03 20:05:07,359 INFO Parsed 36500000 reads
2025-02-03 20:05:09,331 INFO Parsed 36600000 reads
2025-02-03 20:05:11,141 INFO Parsed 36700000 reads
2025-02-03 20:05:12,957 INFO Parsed 36800000 reads
2025-02-03 20:05:14,778 INFO Parsed 36900000 reads
2025-02-03 20:05:16,592 INFO Parsed 37000000 reads
2025-02-03 20:05:18,414 INFO Parsed 37100000 reads
2025-02-03 20:05:20,238 INFO Parsed 37200000 reads
2025-02-03 20:05:22,048 INFO Parsed 37300000 reads
2025-02-03 20:05:23,868 INFO Parsed 37400000 reads
2025-02-03 20:05:25,692 INFO Parsed 37500000 reads
2025-02-03 20:05:27,507 INFO Parsed 37600000 reads
2025-02-03 20:05:29,323 INFO Parsed 37700000 reads
2025-02-03 20:05:31,147 INFO Parsed 37800000 reads
2025-02-03 20:05:32,960 INFO Parsed 37900000 reads
2025-02-03 20:05:35,091 INFO Parsed 38000000 reads
2025-02-03 20:05:36,909 INFO Parsed 38100000 reads
2025-02-03 20:05:38,724 INFO Parsed 38200000 reads
2025-02-03 20:05:40,531 INFO Parsed 38300000 reads
2025-02-03 20:05:42,340 INFO Parsed 38400000 reads
2025-02-03 20:05:44,170 INFO Parsed 38500000 reads
2025-02-03 20:05:45,998 INFO Parsed 38600000 reads
2025-02-03 20:05:47,815 INFO Parsed 38700000 reads
2025-02-03 20:05:49,636 INFO Parsed 38800000 reads
2025-02-03 20:05:51,475 INFO Parsed 38900000 reads
2025-02-03 20:05:53,300 INFO Parsed 39000000 reads
2025-02-03 20:05:55,137 INFO Parsed 39100000 reads
2025-02-03 20:05:56,951 INFO Parsed 39200000 reads
2025-02-03 20:05:58,760 INFO Parsed 39300000 reads
2025-02-03 20:06:00,571 INFO Parsed 39400000 reads
2025-02-03 20:06:02,493 INFO Parsed 39500000 reads
2025-02-03 20:06:04,300 INFO Parsed 39600000 reads
2025-02-03 20:06:06,107 INFO Parsed 39700000 reads
2025-02-03 20:06:07,929 INFO Parsed 39800000 reads
2025-02-03 20:06:09,752 INFO Parsed 39900000 reads
2025-02-03 20:06:11,560 INFO Parsed 40000000 reads
2025-02-03 20:06:13,363 INFO Parsed 40100000 reads
2025-02-03 20:06:15,186 INFO Parsed 40200000 reads
2025-02-03 20:06:16,989 INFO Parsed 40300000 reads
2025-02-03 20:06:18,793 INFO Parsed 40400000 reads
2025-02-03 20:06:20,614 INFO Parsed 40500000 reads
2025-02-03 20:06:22,431 INFO Parsed 40600000 reads
2025-02-03 20:06:24,252 INFO Parsed 40700000 reads
2025-02-03 20:06:26,069 INFO Parsed 40800000 reads
2025-02-03 20:06:28,037 INFO Parsed 40900000 reads
2025-02-03 20:06:29,854 INFO Parsed 41000000 reads
2025-02-03 20:06:31,667 INFO Parsed 41100000 reads
2025-02-03 20:06:33,480 INFO Parsed 41200000 reads
2025-02-03 20:06:35,292 INFO Parsed 41300000 reads
2025-02-03 20:06:37,108 INFO Parsed 41400000 reads
2025-02-03 20:06:38,920 INFO Parsed 41500000 reads
2025-02-03 20:06:40,734 INFO Parsed 41600000 reads
2025-02-03 20:06:42,549 INFO Parsed 41700000 reads
2025-02-03 20:06:44,356 INFO Parsed 41800000 reads
2025-02-03 20:06:46,171 INFO Parsed 41900000 reads
2025-02-03 20:06:47,992 INFO Parsed 42000000 reads
2025-02-03 20:06:49,806 INFO Parsed 42100000 reads
2025-02-03 20:06:51,633 INFO Parsed 42200000 reads
2025-02-03 20:06:53,591 INFO Parsed 42300000 reads
2025-02-03 20:06:54,158 INFO Parsed 42400000 reads
2025-02-03 20:06:55,775 INFO Parsed 42500000 reads
2025-02-03 20:06:57,598 INFO Parsed 42600000 reads
2025-02-03 20:06:59,413 INFO Parsed 42700000 reads
2025-02-03 20:07:01,224 INFO Parsed 42800000 reads
2025-02-03 20:07:03,030 INFO Parsed 42900000 reads
2025-02-03 20:07:04,840 INFO Parsed 43000000 reads
2025-02-03 20:07:06,651 INFO Parsed 43100000 reads
2025-02-03 20:07:08,469 INFO Parsed 43200000 reads
2025-02-03 20:07:10,295 INFO Parsed 43300000 reads
2025-02-03 20:07:12,101 INFO Parsed 43400000 reads
2025-02-03 20:07:13,913 INFO Parsed 43500000 reads
2025-02-03 20:07:15,722 INFO Parsed 43600000 reads
2025-02-03 20:07:17,530 INFO Parsed 43700000 reads
2025-02-03 20:07:19,546 INFO Parsed 43800000 reads
2025-02-03 20:07:21,358 INFO Parsed 43900000 reads
2025-02-03 20:07:23,183 INFO Parsed 44000000 reads
2025-02-03 20:07:25,004 INFO Parsed 44100000 reads
2025-02-03 20:07:26,821 INFO Parsed 44200000 reads
2025-02-03 20:07:28,631 INFO Parsed 44300000 reads
2025-02-03 20:07:30,442 INFO Parsed 44400000 reads
2025-02-03 20:07:32,255 INFO Parsed 44500000 reads
2025-02-03 20:07:34,076 INFO Parsed 44600000 reads
2025-02-03 20:07:35,904 INFO Parsed 44700000 reads
2025-02-03 20:07:37,714 INFO Parsed 44800000 reads
2025-02-03 20:07:39,527 INFO Parsed 44900000 reads
2025-02-03 20:07:41,335 INFO Parsed 45000000 reads
2025-02-03 20:07:43,140 INFO Parsed 45100000 reads
2025-02-03 20:07:45,153 INFO Parsed 45200000 reads
2025-02-03 20:07:46,962 INFO Parsed 45300000 reads
2025-02-03 20:07:48,794 INFO Parsed 45400000 reads
2025-02-03 20:07:50,612 INFO Parsed 45500000 reads
2025-02-03 20:07:52,432 INFO Parsed 45600000 reads
2025-02-03 20:07:54,245 INFO Parsed 45700000 reads
2025-02-03 20:07:56,054 INFO Parsed 45800000 reads
2025-02-03 20:07:57,871 INFO Parsed 45900000 reads
2025-02-03 20:07:59,681 INFO Parsed 46000000 reads
2025-02-03 20:08:01,484 INFO Parsed 46100000 reads
2025-02-03 20:08:03,297 INFO Parsed 46200000 reads
2025-02-03 20:08:05,110 INFO Parsed 46300000 reads
2025-02-03 20:08:06,919 INFO Parsed 46400000 reads
2025-02-03 20:08:08,735 INFO Parsed 46500000 reads
2025-02-03 20:08:10,560 INFO Parsed 46600000 reads
2025-02-03 20:08:12,547 INFO Parsed 46700000 reads
2025-02-03 20:08:14,363 INFO Parsed 46800000 reads
2025-02-03 20:08:16,183 INFO Parsed 46900000 reads
2025-02-03 20:08:18,004 INFO Parsed 47000000 reads
2025-02-03 20:08:19,822 INFO Parsed 47100000 reads
2025-02-03 20:08:21,634 INFO Parsed 47200000 reads
2025-02-03 20:08:23,448 INFO Parsed 47300000 reads
2025-02-03 20:08:25,268 INFO Parsed 47400000 reads
2025-02-03 20:08:27,088 INFO Parsed 47500000 reads
2025-02-03 20:08:28,907 INFO Parsed 47600000 reads
2025-02-03 20:08:30,723 INFO Parsed 47700000 reads
2025-02-03 20:08:32,542 INFO Parsed 47800000 reads
2025-02-03 20:08:34,359 INFO Parsed 47900000 reads
2025-02-03 20:08:36,173 INFO Parsed 48000000 reads
2025-02-03 20:08:38,157 INFO Parsed 48100000 reads
2025-02-03 20:08:39,983 INFO Parsed 48200000 reads
2025-02-03 20:08:41,809 INFO Parsed 48300000 reads
2025-02-03 20:08:43,620 INFO Parsed 48400000 reads
2025-02-03 20:08:45,430 INFO Parsed 48500000 reads
2025-02-03 20:08:47,240 INFO Parsed 48600000 reads
2025-02-03 20:08:49,053 INFO Parsed 48700000 reads
2025-02-03 20:08:50,873 INFO Parsed 48800000 reads
2025-02-03 20:08:52,684 INFO Parsed 48900000 reads
2025-02-03 20:08:54,487 INFO Parsed 49000000 reads
2025-02-03 20:08:56,282 INFO Parsed 49100000 reads
2025-02-03 20:08:58,075 INFO Parsed 49200000 reads
2025-02-03 20:08:59,914 INFO Parsed 49300000 reads
2025-02-03 20:09:01,757 INFO Parsed 49400000 reads
2025-02-03 20:09:03,686 INFO Parsed 49500000 reads
2025-02-03 20:09:05,522 INFO Parsed 49600000 reads
2025-02-03 20:09:07,374 INFO Parsed 49700000 reads
2025-02-03 20:09:09,208 INFO Parsed 49800000 reads
2025-02-03 20:09:11,030 INFO Parsed 49900000 reads
2025-02-03 20:09:12,858 INFO Parsed 50000000 reads
2025-02-03 20:09:14,684 INFO Parsed 50100000 reads
2025-02-03 20:09:16,510 INFO Parsed 50200000 reads
2025-02-03 20:09:18,333 INFO Parsed 50300000 reads
2025-02-03 20:09:20,160 INFO Parsed 50400000 reads
2025-02-03 20:09:21,983 INFO Parsed 50500000 reads
2025-02-03 20:09:23,806 INFO Parsed 50600000 reads
2025-02-03 20:09:25,629 INFO Parsed 50700000 reads
2025-02-03 20:09:27,446 INFO Parsed 50800000 reads
2025-02-03 20:09:29,496 INFO Parsed 50900000 reads
2025-02-03 20:09:31,312 INFO Parsed 51000000 reads
2025-02-03 20:09:33,130 INFO Parsed 51100000 reads
2025-02-03 20:09:34,950 INFO Parsed 51200000 reads
2025-02-03 20:09:36,771 INFO Parsed 51300000 reads
2025-02-03 20:09:38,602 INFO Parsed 51400000 reads
2025-02-03 20:09:40,431 INFO Parsed 51500000 reads
2025-02-03 20:09:42,254 INFO Parsed 51600000 reads
2025-02-03 20:09:44,082 INFO Parsed 51700000 reads
2025-02-03 20:09:45,912 INFO Parsed 51800000 reads
2025-02-03 20:09:47,736 INFO Parsed 51900000 reads
2025-02-03 20:09:49,540 INFO Parsed 52000000 reads
2025-02-03 20:09:51,340 INFO Parsed 52100000 reads
2025-02-03 20:09:53,150 INFO Parsed 52200000 reads
2025-02-03 20:09:54,947 INFO Parsed 52300000 reads
2025-02-03 20:09:56,885 INFO Parsed 52400000 reads
2025-02-03 20:09:58,681 INFO Parsed 52500000 reads
2025-02-03 20:10:00,496 INFO Parsed 52600000 reads
2025-02-03 20:10:02,321 INFO Parsed 52700000 reads
2025-02-03 20:10:04,142 INFO Parsed 52800000 reads
2025-02-03 20:10:05,969 INFO Parsed 52900000 reads
2025-02-03 20:10:07,786 INFO Parsed 53000000 reads
2025-02-03 20:10:09,610 INFO Parsed 53100000 reads
2025-02-03 20:10:11,436 INFO Parsed 53200000 reads
2025-02-03 20:10:13,265 INFO Parsed 53300000 reads
2025-02-03 20:10:15,094 INFO Parsed 53400000 reads
2025-02-03 20:10:16,933 INFO Parsed 53500000 reads
2025-02-03 20:10:18,767 INFO Parsed 53600000 reads
2025-02-03 20:10:20,581 INFO Parsed 53700000 reads
2025-02-03 20:10:22,592 INFO Parsed 53800000 reads
2025-02-03 20:10:24,409 INFO Parsed 53900000 reads
2025-02-03 20:10:26,221 INFO Parsed 54000000 reads
2025-02-03 20:10:28,038 INFO Parsed 54100000 reads
2025-02-03 20:10:29,865 INFO Parsed 54200000 reads
2025-02-03 20:10:31,682 INFO Parsed 54300000 reads
2025-02-03 20:10:33,494 INFO Parsed 54400000 reads
2025-02-03 20:10:35,306 INFO Parsed 54500000 reads
2025-02-03 20:10:37,121 INFO Parsed 54600000 reads
2025-02-03 20:10:38,934 INFO Parsed 54700000 reads
2025-02-03 20:10:40,740 INFO Parsed 54800000 reads
2025-02-03 20:10:42,555 INFO Parsed 54900000 reads
2025-02-03 20:10:44,370 INFO Parsed 55000000 reads
2025-02-03 20:10:46,188 INFO Parsed 55100000 reads
2025-02-03 20:10:48,111 INFO Parsed 55200000 reads
2025-02-03 20:10:49,919 INFO Parsed 55300000 reads
2025-02-03 20:10:51,730 INFO Parsed 55400000 reads
2025-02-03 20:10:53,543 INFO Parsed 55500000 reads
2025-02-03 20:10:55,366 INFO Parsed 55600000 reads
2025-02-03 20:10:57,193 INFO Parsed 55700000 reads
2025-02-03 20:10:59,012 INFO Parsed 55800000 reads
2025-02-03 20:11:00,823 INFO Parsed 55900000 reads
2025-02-03 20:11:02,628 INFO Parsed 56000000 reads
2025-02-03 20:11:04,431 INFO Parsed 56100000 reads
2025-02-03 20:11:06,236 INFO Parsed 56200000 reads
2025-02-03 20:11:08,033 INFO Parsed 56300000 reads
2025-02-03 20:11:09,843 INFO Parsed 56400000 reads
2025-02-03 20:11:11,640 INFO Parsed 56500000 reads
2025-02-03 20:11:13,612 INFO Parsed 56600000 reads
2025-02-03 20:11:15,409 INFO Parsed 56700000 reads
2025-02-03 20:11:17,207 INFO Parsed 56800000 reads
2025-02-03 20:11:19,019 INFO Parsed 56900000 reads
2025-02-03 20:11:20,828 INFO Parsed 57000000 reads
2025-02-03 20:11:22,631 INFO Parsed 57100000 reads
2025-02-03 20:11:24,431 INFO Parsed 57200000 reads
2025-02-03 20:11:26,226 INFO Parsed 57300000 reads
2025-02-03 20:11:28,030 INFO Parsed 57400000 reads
2025-02-03 20:11:29,843 INFO Parsed 57500000 reads
2025-02-03 20:11:31,669 INFO Parsed 57600000 reads
2025-02-03 20:11:33,487 INFO Parsed 57700000 reads
2025-02-03 20:11:35,306 INFO Parsed 57800000 reads
2025-02-03 20:11:37,125 INFO Parsed 57900000 reads
2025-02-03 20:11:38,993 INFO Parsed 58000000 reads
2025-02-03 20:11:40,816 INFO Parsed 58100000 reads
2025-02-03 20:11:42,644 INFO Parsed 58200000 reads
2025-02-03 20:11:44,470 INFO Parsed 58300000 reads
2025-02-03 20:11:46,305 INFO Parsed 58400000 reads
2025-02-03 20:11:48,127 INFO Parsed 58500000 reads
2025-02-03 20:11:49,945 INFO Parsed 58600000 reads
2025-02-03 20:11:51,767 INFO Parsed 58700000 reads
2025-02-03 20:11:53,588 INFO Parsed 58800000 reads
2025-02-03 20:11:55,406 INFO Parsed 58900000 reads
2025-02-03 20:11:57,221 INFO Parsed 59000000 reads
2025-02-03 20:11:59,036 INFO Parsed 59100000 reads
2025-02-03 20:12:00,862 INFO Parsed 59200000 reads
2025-02-03 20:12:02,680 INFO Parsed 59300000 reads
2025-02-03 20:12:04,741 INFO Parsed 59400000 reads
2025-02-03 20:12:06,558 INFO Parsed 59500000 reads
2025-02-03 20:12:08,375 INFO Parsed 59600000 reads
2025-02-03 20:12:10,190 INFO Parsed 59700000 reads
2025-02-03 20:12:11,998 INFO Parsed 59800000 reads
2025-02-03 20:12:13,813 INFO Parsed 59900000 reads
2025-02-03 20:12:15,637 INFO Parsed 60000000 reads
2025-02-03 20:12:17,459 INFO Parsed 60100000 reads
2025-02-03 20:12:19,278 INFO Parsed 60200000 reads
2025-02-03 20:12:21,089 INFO Parsed 60300000 reads
2025-02-03 20:12:22,890 INFO Parsed 60400000 reads
2025-02-03 20:12:24,691 INFO Parsed 60500000 reads
2025-02-03 20:12:26,522 INFO Parsed 60600000 reads
2025-02-03 20:12:28,339 INFO Parsed 60700000 reads
2025-02-03 20:12:30,143 INFO Parsed 60800000 reads
2025-02-03 20:12:32,070 INFO Parsed 60900000 reads
2025-02-03 20:12:33,877 INFO Parsed 61000000 reads
2025-02-03 20:12:35,684 INFO Parsed 61100000 reads
2025-02-03 20:12:37,495 INFO Parsed 61200000 reads
2025-02-03 20:12:39,300 INFO Parsed 61300000 reads
2025-02-03 20:12:41,106 INFO Parsed 61400000 reads
2025-02-03 20:12:42,911 INFO Parsed 61500000 reads
2025-02-03 20:12:44,723 INFO Parsed 61600000 reads
2025-02-03 20:12:46,535 INFO Parsed 61700000 reads
2025-02-03 20:12:48,369 INFO Parsed 61800000 reads
2025-02-03 20:12:50,204 INFO Parsed 61900000 reads
2025-02-03 20:12:52,030 INFO Parsed 62000000 reads
2025-02-03 20:12:53,857 INFO Parsed 62100000 reads
2025-02-03 20:12:55,678 INFO Parsed 62200000 reads
2025-02-03 20:12:57,667 INFO Parsed 62300000 reads
2025-02-03 20:12:59,514 INFO Parsed 62400000 reads
2025-02-03 20:13:01,343 INFO Parsed 62500000 reads
2025-02-03 20:13:03,175 INFO Parsed 62600000 reads
2025-02-03 20:13:05,008 INFO Parsed 62700000 reads
2025-02-03 20:13:06,844 INFO Parsed 62800000 reads
2025-02-03 20:13:08,676 INFO Parsed 62900000 reads
2025-02-03 20:13:10,504 INFO Parsed 63000000 reads
2025-02-03 20:13:12,313 INFO Parsed 63100000 reads
2025-02-03 20:13:14,120 INFO Parsed 63200000 reads
2025-02-03 20:13:15,932 INFO Parsed 63300000 reads
2025-02-03 20:13:17,748 INFO Parsed 63400000 reads
2025-02-03 20:13:19,567 INFO Parsed 63500000 reads
2025-02-03 20:13:21,388 INFO Parsed 63600000 reads
2025-02-03 20:13:23,430 INFO Parsed 63700000 reads
2025-02-03 20:13:25,249 INFO Parsed 63800000 reads
2025-02-03 20:13:27,071 INFO Parsed 63900000 reads
2025-02-03 20:13:28,892 INFO Parsed 64000000 reads
2025-02-03 20:13:30,710 INFO Parsed 64100000 reads
2025-02-03 20:13:32,528 INFO Parsed 64200000 reads
2025-02-03 20:13:34,346 INFO Parsed 64300000 reads
2025-02-03 20:13:36,165 INFO Parsed 64400000 reads
2025-02-03 20:13:37,983 INFO Parsed 64500000 reads
2025-02-03 20:13:39,785 INFO Parsed 64600000 reads
2025-02-03 20:13:41,581 INFO Parsed 64700000 reads
2025-02-03 20:13:43,384 INFO Parsed 64800000 reads
2025-02-03 20:13:45,187 INFO Parsed 64900000 reads
2025-02-03 20:13:47,000 INFO Parsed 65000000 reads
2025-02-03 20:13:48,954 INFO Parsed 65100000 reads
2025-02-03 20:13:50,764 INFO Parsed 65200000 reads
2025-02-03 20:13:52,574 INFO Parsed 65300000 reads
2025-02-03 20:13:54,385 INFO Parsed 65400000 reads
2025-02-03 20:13:56,210 INFO Parsed 65500000 reads
2025-02-03 20:13:58,040 INFO Parsed 65600000 reads
2025-02-03 20:13:59,870 INFO Parsed 65700000 reads
2025-02-03 20:14:01,683 INFO Parsed 65800000 reads
2025-02-03 20:14:03,502 INFO Parsed 65900000 reads
2025-02-03 20:14:05,319 INFO Parsed 66000000 reads
2025-02-03 20:14:07,139 INFO Parsed 66100000 reads
2025-02-03 20:14:08,956 INFO Parsed 66200000 reads
2025-02-03 20:14:10,778 INFO Parsed 66300000 reads
2025-02-03 20:14:12,609 INFO Parsed 66400000 reads
2025-02-03 20:14:14,436 INFO Parsed 66500000 reads
2025-02-03 20:14:16,375 INFO Parsed 66600000 reads
2025-02-03 20:14:18,195 INFO Parsed 66700000 reads
2025-02-03 20:14:20,016 INFO Parsed 66800000 reads
2025-02-03 20:14:21,836 INFO Parsed 66900000 reads
2025-02-03 20:14:23,657 INFO Parsed 67000000 reads
2025-02-03 20:14:25,485 INFO Parsed 67100000 reads
2025-02-03 20:14:27,307 INFO Parsed 67200000 reads
2025-02-03 20:14:29,111 INFO Parsed 67300000 reads
2025-02-03 20:14:30,917 INFO Parsed 67400000 reads
2025-02-03 20:14:32,720 INFO Parsed 67500000 reads
2025-02-03 20:14:34,525 INFO Parsed 67600000 reads
2025-02-03 20:14:36,342 INFO Parsed 67700000 reads
2025-02-03 20:14:38,165 INFO Parsed 67800000 reads
2025-02-03 20:14:39,979 INFO Parsed 67900000 reads
2025-02-03 20:14:41,867 INFO Parsed 68000000 reads
2025-02-03 20:14:43,677 INFO Parsed 68100000 reads
2025-02-03 20:14:45,489 INFO Parsed 68200000 reads
2025-02-03 20:14:47,302 INFO Parsed 68300000 reads
2025-02-03 20:14:49,126 INFO Parsed 68400000 reads
2025-02-03 20:14:50,947 INFO Parsed 68500000 reads
2025-02-03 20:14:52,758 INFO Parsed 68600000 reads
2025-02-03 20:14:54,564 INFO Parsed 68700000 reads
2025-02-03 20:14:56,361 INFO Parsed 68800000 reads
2025-02-03 20:14:58,163 INFO Parsed 68900000 reads
2025-02-03 20:14:59,987 INFO Parsed 69000000 reads
2025-02-03 20:15:01,802 INFO Parsed 69100000 reads
2025-02-03 20:15:03,608 INFO Parsed 69200000 reads
2025-02-03 20:15:05,414 INFO Parsed 69300000 reads
2025-02-03 20:15:07,334 INFO Parsed 69400000 reads
2025-02-03 20:15:09,148 INFO Parsed 69500000 reads
2025-02-03 20:15:10,963 INFO Parsed 69600000 reads
2025-02-03 20:15:12,778 INFO Parsed 69700000 reads
2025-02-03 20:15:14,584 INFO Parsed 69800000 reads
2025-02-03 20:15:16,388 INFO Parsed 69900000 reads
2025-02-03 20:15:18,194 INFO Parsed 70000000 reads
2025-02-03 20:15:20,009 INFO Parsed 70100000 reads
2025-02-03 20:15:21,823 INFO Parsed 70200000 reads
2025-02-03 20:15:23,642 INFO Parsed 70300000 reads
2025-02-03 20:15:25,468 INFO Parsed 70400000 reads
2025-02-03 20:15:27,289 INFO Parsed 70500000 reads
2025-02-03 20:15:29,105 INFO Parsed 70600000 reads
2025-02-03 20:15:30,928 INFO Parsed 70700000 reads
2025-02-03 20:15:32,753 INFO Parsed 70800000 reads
2025-02-03 20:15:34,656 INFO Parsed 70900000 reads
2025-02-03 20:15:36,486 INFO Parsed 71000000 reads
2025-02-03 20:15:38,312 INFO Parsed 71100000 reads
2025-02-03 20:15:40,136 INFO Parsed 71200000 reads
2025-02-03 20:15:41,956 INFO Parsed 71300000 reads
2025-02-03 20:15:43,794 INFO Parsed 71400000 reads
2025-02-03 20:15:45,621 INFO Parsed 71500000 reads
2025-02-03 20:15:47,432 INFO Parsed 71600000 reads
2025-02-03 20:15:49,234 INFO Parsed 71700000 reads
2025-02-03 20:15:51,041 INFO Parsed 71800000 reads
2025-02-03 20:15:52,857 INFO Parsed 71900000 reads
2025-02-03 20:15:54,675 INFO Parsed 72000000 reads
2025-02-03 20:15:56,494 INFO Parsed 72100000 reads
2025-02-03 20:15:58,314 INFO Parsed 72200000 reads
2025-02-03 20:16:00,345 INFO Parsed 72300000 reads
2025-02-03 20:16:02,156 INFO Parsed 72400000 reads
2025-02-03 20:16:03,967 INFO Parsed 72500000 reads
2025-02-03 20:16:05,781 INFO Parsed 72600000 reads
2025-02-03 20:16:07,596 INFO Parsed 72700000 reads
2025-02-03 20:16:09,426 INFO Parsed 72800000 reads
2025-02-03 20:16:11,245 INFO Parsed 72900000 reads
2025-02-03 20:16:13,043 INFO Parsed 73000000 reads
2025-02-03 20:16:14,838 INFO Parsed 73100000 reads
2025-02-03 20:16:16,631 INFO Parsed 73200000 reads
2025-02-03 20:16:18,435 INFO Parsed 73300000 reads
2025-02-03 20:16:20,241 INFO Parsed 73400000 reads
2025-02-03 20:16:22,038 INFO Parsed 73500000 reads
2025-02-03 20:16:23,830 INFO Parsed 73600000 reads
2025-02-03 20:16:25,772 INFO Parsed 73700000 reads
2025-02-03 20:16:27,583 INFO Parsed 73800000 reads
2025-02-03 20:16:29,386 INFO Parsed 73900000 reads
2025-02-03 20:16:31,187 INFO Parsed 74000000 reads
2025-02-03 20:16:32,995 INFO Parsed 74100000 reads
2025-02-03 20:16:34,797 INFO Parsed 74200000 reads
2025-02-03 20:16:36,614 INFO Parsed 74300000 reads
2025-02-03 20:16:38,425 INFO Parsed 74400000 reads
2025-02-03 20:16:40,232 INFO Parsed 74500000 reads
2025-02-03 20:16:42,045 INFO Parsed 74600000 reads
2025-02-03 20:16:43,855 INFO Parsed 74700000 reads
2025-02-03 20:16:45,665 INFO Parsed 74800000 reads
2025-02-03 20:16:47,477 INFO Parsed 74900000 reads
2025-02-03 20:16:49,289 INFO Parsed 75000000 reads
2025-02-03 20:16:51,093 INFO Parsed 75100000 reads
2025-02-03 20:16:52,979 INFO Parsed 75200000 reads
2025-02-03 20:16:54,785 INFO Parsed 75300000 reads
2025-02-03 20:16:56,593 INFO Parsed 75400000 reads
2025-02-03 20:16:58,400 INFO Parsed 75500000 reads
2025-02-03 20:17:00,206 INFO Parsed 75600000 reads
2025-02-03 20:17:02,011 INFO Parsed 75700000 reads
2025-02-03 20:17:03,816 INFO Parsed 75800000 reads
2025-02-03 20:17:05,628 INFO Parsed 75900000 reads
2025-02-03 20:17:07,438 INFO Parsed 76000000 reads
2025-02-03 20:17:09,267 INFO Parsed 76100000 reads
2025-02-03 20:17:11,096 INFO Parsed 76200000 reads
2025-02-03 20:17:12,920 INFO Parsed 76300000 reads
2025-02-03 20:17:14,733 INFO Parsed 76400000 reads
2025-02-03 20:17:16,554 INFO Parsed 76500000 reads
2025-02-03 20:17:18,500 INFO Parsed 76600000 reads
2025-02-03 20:17:20,321 INFO Parsed 76700000 reads
2025-02-03 20:17:22,140 INFO Parsed 76800000 reads
2025-02-03 20:17:23,967 INFO Parsed 76900000 reads
2025-02-03 20:17:25,792 INFO Parsed 77000000 reads
2025-02-03 20:17:27,615 INFO Parsed 77100000 reads
2025-02-03 20:17:29,424 INFO Parsed 77200000 reads
2025-02-03 20:17:31,238 INFO Parsed 77300000 reads
2025-02-03 20:17:33,052 INFO Parsed 77400000 reads
2025-02-03 20:17:34,869 INFO Parsed 77500000 reads
2025-02-03 20:17:36,691 INFO Parsed 77600000 reads
2025-02-03 20:17:38,512 INFO Parsed 77700000 reads
2025-02-03 20:17:40,332 INFO Parsed 77800000 reads
2025-02-03 20:17:42,160 INFO Parsed 77900000 reads
2025-02-03 20:17:44,119 INFO Parsed 78000000 reads
2025-02-03 20:17:45,938 INFO Parsed 78100000 reads
2025-02-03 20:17:47,761 INFO Parsed 78200000 reads
2025-02-03 20:17:49,579 INFO Parsed 78300000 reads
2025-02-03 20:17:51,400 INFO Parsed 78400000 reads
2025-02-03 20:17:53,224 INFO Parsed 78500000 reads
2025-02-03 20:17:55,043 INFO Parsed 78600000 reads
2025-02-03 20:17:56,851 INFO Parsed 78700000 reads
2025-02-03 20:17:58,672 INFO Parsed 78800000 reads
2025-02-03 20:18:00,491 INFO Parsed 78900000 reads
2025-02-03 20:18:02,303 INFO Parsed 79000000 reads
2025-02-03 20:18:04,109 INFO Parsed 79100000 reads
2025-02-03 20:18:05,915 INFO Parsed 79200000 reads
2025-02-03 20:18:07,719 INFO Parsed 79300000 reads
2025-02-03 20:18:09,744 INFO Parsed 79400000 reads
2025-02-03 20:18:11,552 INFO Parsed 79500000 reads
2025-02-03 20:18:13,359 INFO Parsed 79600000 reads
2025-02-03 20:18:15,161 INFO Parsed 79700000 reads
2025-02-03 20:18:16,957 INFO Parsed 79800000 reads
2025-02-03 20:18:18,770 INFO Parsed 79900000 reads
2025-02-03 20:18:20,579 INFO Parsed 80000000 reads
2025-02-03 20:18:22,400 INFO Parsed 80100000 reads
2025-02-03 20:18:24,223 INFO Parsed 80200000 reads
2025-02-03 20:18:26,044 INFO Parsed 80300000 reads
2025-02-03 20:18:27,870 INFO Parsed 80400000 reads
2025-02-03 20:18:29,687 INFO Parsed 80500000 reads
2025-02-03 20:18:31,509 INFO Parsed 80600000 reads
2025-02-03 20:18:33,330 INFO Parsed 80700000 reads
2025-02-03 20:18:35,370 INFO Parsed 80800000 reads
2025-02-03 20:18:37,191 INFO Parsed 80900000 reads
2025-02-03 20:18:39,003 INFO Parsed 81000000 reads
2025-02-03 20:18:40,821 INFO Parsed 81100000 reads
2025-02-03 20:18:42,636 INFO Parsed 81200000 reads
2025-02-03 20:18:44,449 INFO Parsed 81300000 reads
2025-02-03 20:18:46,263 INFO Parsed 81400000 reads
2025-02-03 20:18:48,085 INFO Parsed 81500000 reads
2025-02-03 20:18:49,911 INFO Parsed 81600000 reads
2025-02-03 20:18:51,740 INFO Parsed 81700000 reads
2025-02-03 20:18:53,560 INFO Parsed 81800000 reads
2025-02-03 20:18:55,378 INFO Parsed 81900000 reads
2025-02-03 20:18:57,192 INFO Parsed 82000000 reads
2025-02-03 20:18:59,010 INFO Parsed 82100000 reads
2025-02-03 20:19:01,009 INFO Parsed 82200000 reads
2025-02-03 20:19:02,832 INFO Parsed 82300000 reads
2025-02-03 20:19:04,658 INFO Parsed 82400000 reads
2025-02-03 20:19:06,485 INFO Parsed 82500000 reads
2025-02-03 20:19:08,300 INFO Parsed 82600000 reads
2025-02-03 20:19:10,122 INFO Parsed 82700000 reads
2025-02-03 20:19:11,935 INFO Parsed 82800000 reads
2025-02-03 20:19:13,736 INFO Parsed 82900000 reads
2025-02-03 20:19:15,540 INFO Parsed 83000000 reads
2025-02-03 20:19:17,350 INFO Parsed 83100000 reads
2025-02-03 20:19:19,167 INFO Parsed 83200000 reads
2025-02-03 20:19:20,970 INFO Parsed 83300000 reads
2025-02-03 20:19:22,770 INFO Parsed 83400000 reads
2025-02-03 20:19:24,569 INFO Parsed 83500000 reads
2025-02-03 20:19:26,640 INFO Parsed 83600000 reads
2025-02-03 20:19:28,459 INFO Parsed 83700000 reads
2025-02-03 20:19:30,268 INFO Parsed 83800000 reads
2025-02-03 20:19:32,070 INFO Parsed 83900000 reads
2025-02-03 20:19:33,876 INFO Parsed 84000000 reads
2025-02-03 20:19:35,681 INFO Parsed 84100000 reads
2025-02-03 20:19:37,486 INFO Parsed 84200000 reads
2025-02-03 20:19:39,307 INFO Parsed 84300000 reads
2025-02-03 20:19:41,121 INFO Parsed 84400000 reads
2025-02-03 20:19:42,932 INFO Parsed 84500000 reads
2025-02-03 20:19:44,741 INFO Parsed 84600000 reads
2025-02-03 20:19:46,557 INFO Parsed 84700000 reads
2025-02-03 20:19:48,376 INFO Parsed 84800000 reads
2025-02-03 20:19:50,192 INFO Parsed 84900000 reads
2025-02-03 20:19:52,006 INFO Parsed 85000000 reads
2025-02-03 20:19:53,965 INFO Parsed 85100000 reads
2025-02-03 20:19:55,784 INFO Parsed 85200000 reads
2025-02-03 20:19:57,595 INFO Parsed 85300000 reads
2025-02-03 20:19:59,404 INFO Parsed 85400000 reads
2025-02-03 20:20:01,211 INFO Parsed 85500000 reads
2025-02-03 20:20:03,024 INFO Parsed 85600000 reads
2025-02-03 20:20:04,847 INFO Parsed 85700000 reads
2025-02-03 20:20:06,674 INFO Parsed 85800000 reads
2025-02-03 20:20:08,488 INFO Parsed 85900000 reads
2025-02-03 20:20:10,301 INFO Parsed 86000000 reads
2025-02-03 20:20:12,119 INFO Parsed 86100000 reads
2025-02-03 20:20:13,930 INFO Parsed 86200000 reads
2025-02-03 20:20:15,743 INFO Parsed 86300000 reads
2025-02-03 20:20:17,562 INFO Parsed 86400000 reads
2025-02-03 20:20:19,489 INFO Parsed 86500000 reads
2025-02-03 20:20:21,305 INFO Parsed 86600000 reads
2025-02-03 20:20:23,134 INFO Parsed 86700000 reads
2025-02-03 20:20:24,953 INFO Parsed 86800000 reads
2025-02-03 20:20:26,766 INFO Parsed 86900000 reads
2025-02-03 20:20:28,575 INFO Parsed 87000000 reads
2025-02-03 20:20:30,384 INFO Parsed 87100000 reads
2025-02-03 20:20:32,194 INFO Parsed 87200000 reads
2025-02-03 20:20:34,001 INFO Parsed 87300000 reads
2025-02-03 20:20:35,820 INFO Parsed 87400000 reads
2025-02-03 20:20:37,632 INFO Parsed 87500000 reads
2025-02-03 20:20:39,434 INFO Parsed 87600000 reads
2025-02-03 20:20:41,233 INFO Parsed 87700000 reads
2025-02-03 20:20:43,038 INFO Parsed 87800000 reads
2025-02-03 20:20:44,983 INFO Parsed 87900000 reads
2025-02-03 20:20:46,792 INFO Parsed 88000000 reads
2025-02-03 20:20:48,599 INFO Parsed 88100000 reads
2025-02-03 20:20:50,401 INFO Parsed 88200000 reads
2025-02-03 20:20:52,202 INFO Parsed 88300000 reads
2025-02-03 20:20:54,004 INFO Parsed 88400000 reads
2025-02-03 20:20:55,827 INFO Parsed 88500000 reads
2025-02-03 20:20:57,646 INFO Parsed 88600000 reads
2025-02-03 20:20:59,461 INFO Parsed 88700000 reads
2025-02-03 20:21:01,273 INFO Parsed 88800000 reads
2025-02-03 20:21:03,088 INFO Parsed 88900000 reads
2025-02-03 20:21:04,895 INFO Parsed 89000000 reads
2025-02-03 20:21:06,701 INFO Parsed 89100000 reads
2025-02-03 20:21:08,513 INFO Parsed 89200000 reads
2025-02-03 20:21:10,464 INFO Parsed 89300000 reads
2025-02-03 20:21:12,289 INFO Parsed 89400000 reads
2025-02-03 20:21:14,105 INFO Parsed 89500000 reads
2025-02-03 20:21:15,917 INFO Parsed 89600000 reads
2025-02-03 20:21:17,730 INFO Parsed 89700000 reads
2025-02-03 20:21:19,548 INFO Parsed 89800000 reads
2025-02-03 20:21:21,370 INFO Parsed 89900000 reads
2025-02-03 20:21:23,196 INFO Parsed 90000000 reads
2025-02-03 20:21:25,021 INFO Parsed 90100000 reads
2025-02-03 20:21:26,841 INFO Parsed 90200000 reads
2025-02-03 20:21:28,671 INFO Parsed 90300000 reads
2025-02-03 20:21:30,507 INFO Parsed 90400000 reads
2025-02-03 20:21:32,337 INFO Parsed 90500000 reads
2025-02-03 20:21:34,157 INFO Parsed 90600000 reads
2025-02-03 20:21:36,144 INFO Parsed 90700000 reads
2025-02-03 20:21:37,969 INFO Parsed 90800000 reads
2025-02-03 20:21:39,794 INFO Parsed 90900000 reads
2025-02-03 20:21:41,620 INFO Parsed 91000000 reads
2025-02-03 20:21:43,444 INFO Parsed 91100000 reads
2025-02-03 20:21:45,259 INFO Parsed 91200000 reads
2025-02-03 20:21:47,083 INFO Parsed 91300000 reads
2025-02-03 20:21:48,905 INFO Parsed 91400000 reads
2025-02-03 20:21:50,726 INFO Parsed 91500000 reads
2025-02-03 20:21:52,538 INFO Parsed 91600000 reads
2025-02-03 20:21:54,347 INFO Parsed 91700000 reads
2025-02-03 20:21:56,160 INFO Parsed 91800000 reads
2025-02-03 20:21:57,977 INFO Parsed 91900000 reads
2025-02-03 20:21:59,792 INFO Parsed 92000000 reads
2025-02-03 20:22:01,834 INFO Parsed 92100000 reads
2025-02-03 20:22:03,640 INFO Parsed 92200000 reads
2025-02-03 20:22:05,444 INFO Parsed 92300000 reads
2025-02-03 20:22:07,265 INFO Parsed 92400000 reads
2025-02-03 20:22:09,067 INFO Parsed 92500000 reads
2025-02-03 20:22:10,880 INFO Parsed 92600000 reads
2025-02-03 20:22:12,697 INFO Parsed 92700000 reads
2025-02-03 20:22:14,515 INFO Parsed 92800000 reads
2025-02-03 20:22:16,334 INFO Parsed 92900000 reads
2025-02-03 20:22:18,158 INFO Parsed 93000000 reads
2025-02-03 20:22:19,986 INFO Parsed 93100000 reads
2025-02-03 20:22:21,806 INFO Parsed 93200000 reads
2025-02-03 20:22:23,625 INFO Parsed 93300000 reads
2025-02-03 20:22:25,442 INFO Parsed 93400000 reads
2025-02-03 20:22:27,257 INFO Parsed 93500000 reads
2025-02-03 20:22:29,181 INFO Parsed 93600000 reads
2025-02-03 20:22:30,993 INFO Parsed 93700000 reads
2025-02-03 20:22:32,816 INFO Parsed 93800000 reads
2025-02-03 20:22:34,643 INFO Parsed 93900000 reads
2025-02-03 20:22:36,473 INFO Parsed 94000000 reads
2025-02-03 20:22:38,300 INFO Parsed 94100000 reads
2025-02-03 20:22:40,121 INFO Parsed 94200000 reads
2025-02-03 20:22:41,945 INFO Parsed 94300000 reads
2025-02-03 20:22:43,767 INFO Parsed 94400000 reads
2025-02-03 20:22:45,590 INFO Parsed 94500000 reads
2025-02-03 20:22:47,417 INFO Parsed 94600000 reads
2025-02-03 20:22:49,236 INFO Parsed 94700000 reads
2025-02-03 20:22:51,073 INFO Parsed 94800000 reads
2025-02-03 20:22:52,922 INFO Parsed 94900000 reads
2025-02-03 20:22:54,839 INFO Parsed 95000000 reads
2025-02-03 20:22:56,662 INFO Parsed 95100000 reads
2025-02-03 20:22:58,489 INFO Parsed 95200000 reads
2025-02-03 20:23:00,302 INFO Parsed 95300000 reads
2025-02-03 20:23:02,101 INFO Parsed 95400000 reads
2025-02-03 20:23:03,919 INFO Parsed 95500000 reads
2025-02-03 20:23:05,736 INFO Parsed 95600000 reads
2025-02-03 20:23:07,545 INFO Parsed 95700000 reads
2025-02-03 20:23:09,351 INFO Parsed 95800000 reads
2025-02-03 20:23:11,157 INFO Parsed 95900000 reads
2025-02-03 20:23:12,971 INFO Parsed 96000000 reads
2025-02-03 20:23:14,781 INFO Parsed 96100000 reads
2025-02-03 20:23:16,589 INFO Parsed 96200000 reads
2025-02-03 20:23:18,394 INFO Parsed 96300000 reads
2025-02-03 20:23:20,357 INFO Parsed 96400000 reads
2025-02-03 20:23:22,172 INFO Parsed 96500000 reads
2025-02-03 20:23:23,979 INFO Parsed 96600000 reads
2025-02-03 20:23:25,783 INFO Parsed 96700000 reads
2025-02-03 20:23:27,582 INFO Parsed 96800000 reads
2025-02-03 20:23:29,399 INFO Parsed 96900000 reads
2025-02-03 20:23:31,225 INFO Parsed 97000000 reads
2025-02-03 20:23:33,053 INFO Parsed 97100000 reads
2025-02-03 20:23:34,876 INFO Parsed 97200000 reads
2025-02-03 20:23:36,692 INFO Parsed 97300000 reads
2025-02-03 20:23:38,515 INFO Parsed 97400000 reads
2025-02-03 20:23:40,341 INFO Parsed 97500000 reads
2025-02-03 20:23:42,157 INFO Parsed 97600000 reads
2025-02-03 20:23:43,991 INFO Parsed 97700000 reads
2025-02-03 20:23:45,993 INFO Parsed 97800000 reads
2025-02-03 20:23:47,827 INFO Parsed 97900000 reads
2025-02-03 20:23:49,641 INFO Parsed 98000000 reads
2025-02-03 20:23:51,447 INFO Parsed 98100000 reads
2025-02-03 20:23:53,259 INFO Parsed 98200000 reads
2025-02-03 20:23:55,083 INFO Parsed 98300000 reads
2025-02-03 20:23:56,917 INFO Parsed 98400000 reads
2025-02-03 20:23:58,740 INFO Parsed 98500000 reads
2025-02-03 20:24:00,562 INFO Parsed 98600000 reads
2025-02-03 20:24:02,382 INFO Parsed 98700000 reads
2025-02-03 20:24:04,196 INFO Parsed 98800000 reads
2025-02-03 20:24:06,012 INFO Parsed 98900000 reads
2025-02-03 20:24:07,830 INFO Parsed 99000000 reads
2025-02-03 20:24:09,648 INFO Parsed 99100000 reads
2025-02-03 20:24:11,618 INFO Parsed 99200000 reads
2025-02-03 20:24:13,460 INFO Parsed 99300000 reads
2025-02-03 20:24:15,280 INFO Parsed 99400000 reads
2025-02-03 20:24:17,096 INFO Parsed 99500000 reads
2025-02-03 20:24:19,143 INFO Parsed 99600000 reads
2025-02-03 20:24:21,290 INFO Parsed 99700000 reads
2025-02-03 20:24:23,554 INFO Parsed 99800000 reads
2025-02-03 20:24:25,689 INFO Parsed 99900000 reads
2025-02-03 20:24:27,828 INFO Parsed 100000000 reads
2025-02-03 20:24:29,809 INFO Parsed 100100000 reads
2025-02-03 20:24:31,814 INFO Parsed 100200000 reads
2025-02-03 20:24:33,869 INFO Parsed 100300000 reads
2025-02-03 20:24:35,957 INFO Parsed 100400000 reads
2025-02-03 20:24:38,235 INFO Parsed 100500000 reads
2025-02-03 20:24:40,115 INFO Parsed 100600000 reads
2025-02-03 20:24:42,131 INFO Parsed 100700000 reads
2025-02-03 20:24:44,181 INFO Parsed 100800000 reads
2025-02-03 20:24:46,255 INFO Parsed 100900000 reads
2025-02-03 20:24:48,305 INFO Parsed 101000000 reads
2025-02-03 20:24:50,251 INFO Parsed 101100000 reads
2025-02-03 20:24:52,302 INFO Parsed 101200000 reads
2025-02-03 20:24:54,381 INFO Parsed 101300000 reads
2025-02-03 20:24:56,480 INFO Parsed 101400000 reads
2025-02-03 20:24:58,470 INFO Parsed 101500000 reads
2025-02-03 20:25:00,464 INFO Parsed 101600000 reads
2025-02-03 20:25:02,517 INFO Parsed 101700000 reads
2025-02-03 20:25:04,880 INFO Parsed 101800000 reads
2025-02-03 20:25:06,963 INFO Parsed 101900000 reads
2025-02-03 20:25:08,876 INFO Parsed 102000000 reads
2025-02-03 20:25:10,893 INFO Parsed 102100000 reads
2025-02-03 20:25:12,940 INFO Parsed 102200000 reads
2025-02-03 20:25:15,005 INFO Parsed 102300000 reads
2025-02-03 20:25:17,106 INFO Parsed 102400000 reads
2025-02-03 20:25:19,034 INFO Parsed 102500000 reads
2025-02-03 20:25:21,081 INFO Parsed 102600000 reads
2025-02-03 20:25:23,159 INFO Parsed 102700000 reads
2025-02-03 20:25:25,257 INFO Parsed 102800000 reads
2025-02-03 20:25:27,358 INFO Parsed 102900000 reads
2025-02-03 20:25:29,662 INFO Parsed 103000000 reads
2025-02-03 20:25:31,748 INFO Parsed 103100000 reads
2025-02-03 20:25:33,804 INFO Parsed 103200000 reads
2025-02-03 20:25:35,808 INFO Parsed 103300000 reads
2025-02-03 20:25:37,733 INFO Parsed 103400000 reads
2025-02-03 20:25:39,834 INFO Parsed 103500000 reads
2025-02-03 20:25:41,913 INFO Parsed 103600000 reads
2025-02-03 20:25:43,953 INFO Parsed 103700000 reads
2025-02-03 20:25:45,768 INFO Parsed 103800000 reads
2025-02-03 20:25:47,881 INFO Parsed 103900000 reads
2025-02-03 20:25:49,964 INFO Parsed 104000000 reads
2025-02-03 20:25:52,024 INFO Parsed 104100000 reads
2025-02-03 20:25:54,021 INFO Parsed 104200000 reads
2025-02-03 20:25:56,160 INFO Parsed 104300000 reads
2025-02-03 20:25:58,250 INFO Parsed 104400000 reads
2025-02-03 20:26:00,306 INFO Parsed 104500000 reads
2025-02-03 20:26:02,331 INFO Parsed 104600000 reads
2025-02-03 20:26:04,251 INFO Parsed 104700000 reads
2025-02-03 20:26:06,241 INFO Parsed 104800000 reads
2025-02-03 20:26:08,335 INFO Parsed 104900000 reads
2025-02-03 20:26:10,402 INFO Parsed 105000000 reads
2025-02-03 20:26:12,412 INFO Parsed 105100000 reads
2025-02-03 20:26:14,268 INFO Parsed 105200000 reads
2025-02-03 20:26:16,396 INFO Parsed 105300000 reads
2025-02-03 20:26:18,486 INFO Parsed 105400000 reads
2025-02-03 20:26:20,539 INFO Parsed 105500000 reads
2025-02-03 20:26:22,773 INFO Parsed 105600000 reads
2025-02-03 20:26:24,685 INFO Parsed 105700000 reads
2025-02-03 20:26:26,703 INFO Parsed 105800000 reads
2025-02-03 20:26:28,765 INFO Parsed 105900000 reads
2025-02-03 20:26:30,702 INFO Parsed 106000000 reads
2025-02-03 20:26:32,711 INFO Parsed 106100000 reads
2025-02-03 20:26:34,720 INFO Parsed 106200000 reads
2025-02-03 20:26:36,749 INFO Parsed 106300000 reads
2025-02-03 20:26:38,815 INFO Parsed 106400000 reads
2025-02-03 20:26:40,688 INFO Parsed 106500000 reads
2025-02-03 20:26:42,697 INFO Parsed 106600000 reads
2025-02-03 20:26:44,724 INFO Parsed 106700000 reads
2025-02-03 20:26:46,775 INFO Parsed 106800000 reads
2025-02-03 20:26:49,112 INFO Parsed 106900000 reads
2025-02-03 20:26:51,073 INFO Parsed 107000000 reads
2025-02-03 20:26:53,112 INFO Parsed 107100000 reads
2025-02-03 20:26:55,126 INFO Parsed 107200000 reads
2025-02-03 20:26:57,183 INFO Parsed 107300000 reads
2025-02-03 20:26:59,159 INFO Parsed 107400000 reads
2025-02-03 20:27:01,146 INFO Parsed 107500000 reads
2025-02-03 20:27:03,170 INFO Parsed 107600000 reads
2025-02-03 20:27:05,194 INFO Parsed 107700000 reads
2025-02-03 20:27:07,254 INFO Parsed 107800000 reads
2025-02-03 20:27:09,156 INFO Parsed 107900000 reads
2025-02-03 20:27:11,160 INFO Parsed 108000000 reads
2025-02-03 20:27:13,469 INFO Parsed 108100000 reads
2025-02-03 20:27:15,514 INFO Parsed 108200000 reads
2025-02-03 20:27:17,601 INFO Parsed 108300000 reads
2025-02-03 20:27:19,522 INFO Parsed 108400000 reads
2025-02-03 20:27:21,537 INFO Parsed 108500000 reads
2025-02-03 20:27:23,395 INFO Parsed 108600000 reads
2025-02-03 20:27:25,276 INFO Parsed 108700000 reads
2025-02-03 20:27:27,338 INFO Parsed 108800000 reads
2025-02-03 20:27:29,438 INFO Parsed 108900000 reads
2025-02-03 20:27:31,435 INFO Parsed 109000000 reads
2025-02-03 20:27:33,095 INFO Parsed 109100000 reads
2025-02-03 20:27:35,168 INFO Parsed 109200000 reads
2025-02-03 20:27:37,235 INFO Parsed 109300000 reads
2025-02-03 20:27:39,583 INFO Parsed 109400000 reads
2025-02-03 20:27:41,495 INFO Parsed 109500000 reads
2025-02-03 20:27:43,306 INFO Parsed 109600000 reads
2025-02-03 20:27:45,392 INFO Parsed 109700000 reads
2025-02-03 20:27:47,496 INFO Parsed 109800000 reads
2025-02-03 20:27:49,547 INFO Parsed 109900000 reads
2025-02-03 20:27:51,399 INFO Parsed 110000000 reads
2025-02-03 20:27:53,322 INFO Parsed 110100000 reads
2025-02-03 20:27:55,385 INFO Parsed 110200000 reads
2025-02-03 20:27:57,496 INFO Parsed 110300000 reads
2025-02-03 20:27:59,486 INFO Parsed 110400000 reads
2025-02-03 20:28:01,222 INFO Parsed 110500000 reads
2025-02-03 20:28:03,304 INFO Parsed 110600000 reads
2025-02-03 20:28:05,598 INFO Parsed 110700000 reads
2025-02-03 20:28:07,693 INFO Parsed 110800000 reads
2025-02-03 20:28:09,608 INFO Parsed 110900000 reads
2025-02-03 20:28:11,438 INFO Parsed 111000000 reads
2025-02-03 20:28:13,524 INFO Parsed 111100000 reads
2025-02-03 20:28:15,626 INFO Parsed 111200000 reads
2025-02-03 20:28:17,372 INFO Parsed 111300000 reads
2025-02-03 20:28:17,761 INFO Parsed 111400000 reads
2025-02-03 20:28:18,152 INFO Parsed 111500000 reads
2025-02-03 20:28:18,546 INFO Parsed 111600000 reads
2025-02-03 20:28:18,941 INFO Parsed 111700000 reads
2025-02-03 20:28:19,340 INFO Parsed 111800000 reads
2025-02-03 20:28:19,741 INFO Parsed 111900000 reads
2025-02-03 20:28:20,143 INFO Parsed 112000000 reads
2025-02-03 20:28:20,543 INFO Parsed 112100000 reads
2025-02-03 20:28:20,943 INFO Parsed 112200000 reads
2025-02-03 20:28:21,341 INFO Parsed 112300000 reads
2025-02-03 20:28:21,731 INFO Parsed 112400000 reads
2025-02-03 20:28:22,122 INFO Parsed 112500000 reads
2025-02-03 20:28:22,519 INFO Parsed 112600000 reads
2025-02-03 20:28:22,918 INFO Parsed 112700000 reads
2025-02-03 20:28:23,317 INFO Parsed 112800000 reads
2025-02-03 20:28:23,718 INFO Parsed 112900000 reads
2025-02-03 20:28:24,122 INFO Parsed 113000000 reads
2025-02-03 20:28:24,525 INFO Parsed 113100000 reads
2025-02-03 20:28:24,921 INFO Parsed 113200000 reads
2025-02-03 20:28:25,311 INFO Parsed 113300000 reads
2025-02-03 20:28:25,703 INFO Parsed 113400000 reads
2025-02-03 20:28:26,103 INFO Parsed 113500000 reads
2025-02-03 20:28:26,503 INFO Parsed 113600000 reads
2025-02-03 20:28:26,906 INFO Parsed 113700000 reads
2025-02-03 20:28:27,310 INFO Parsed 113800000 reads
2025-02-03 20:28:27,717 INFO Parsed 113900000 reads
2025-02-03 20:28:28,122 INFO Parsed 114000000 reads
2025-02-03 20:28:28,519 INFO Parsed 114100000 reads
2025-02-03 20:28:28,906 INFO Parsed 114200000 reads
2025-02-03 20:28:29,295 INFO Parsed 114300000 reads
2025-02-03 20:28:29,692 INFO Parsed 114400000 reads
2025-02-03 20:28:30,088 INFO Parsed 114500000 reads
2025-02-03 20:28:30,484 INFO Parsed 114600000 reads
2025-02-03 20:28:30,885 INFO Parsed 114700000 reads
2025-02-03 20:28:31,284 INFO Parsed 114800000 reads
2025-02-03 20:28:31,686 INFO Parsed 114900000 reads
2025-02-03 20:28:32,081 INFO Parsed 115000000 reads
2025-02-03 20:28:32,472 INFO Parsed 115100000 reads
2025-02-03 20:28:32,866 INFO Parsed 115200000 reads
2025-02-03 20:28:33,263 INFO Parsed 115300000 reads
2025-02-03 20:28:33,662 INFO Parsed 115400000 reads
2025-02-03 20:28:34,061 INFO Parsed 115500000 reads
2025-02-03 20:28:34,464 INFO Parsed 115600000 reads
2025-02-03 20:28:34,870 INFO Parsed 115700000 reads
2025-02-03 20:28:35,273 INFO Parsed 115800000 reads
2025-02-03 20:28:35,678 INFO Parsed 115900000 reads
2025-02-03 20:28:36,065 INFO Parsed 116000000 reads
2025-02-03 20:28:36,458 INFO Parsed 116100000 reads
2025-02-03 20:28:36,853 INFO Parsed 116200000 reads
2025-02-03 20:28:37,255 INFO Parsed 116300000 reads
2025-02-03 20:28:37,655 INFO Parsed 116400000 reads
2025-02-03 20:28:38,057 INFO Parsed 116500000 reads
2025-02-03 20:28:38,465 INFO Parsed 116600000 reads
2025-02-03 20:28:38,873 INFO Parsed 116700000 reads
2025-02-03 20:28:39,285 INFO Parsed 116800000 reads
2025-02-03 20:28:39,690 INFO Parsed 116900000 reads
2025-02-03 20:28:40,089 INFO Parsed 117000000 reads
2025-02-03 20:28:40,486 INFO Parsed 117100000 reads
2025-02-03 20:28:40,887 INFO Parsed 117200000 reads
2025-02-03 20:28:41,287 INFO Parsed 117300000 reads
2025-02-03 20:28:41,684 INFO Parsed 117400000 reads
2025-02-03 20:28:42,082 INFO Parsed 117500000 reads
2025-02-03 20:28:42,481 INFO Parsed 117600000 reads
2025-02-03 20:28:42,879 INFO Parsed 117700000 reads
2025-02-03 20:28:43,275 INFO Parsed 117800000 reads
2025-02-03 20:28:43,674 INFO Parsed 117900000 reads
2025-02-03 20:28:44,070 INFO Parsed 118000000 reads
2025-02-03 20:28:44,471 INFO Parsed 118100000 reads
2025-02-03 20:28:44,871 INFO Parsed 118200000 reads
2025-02-03 20:28:45,274 INFO Parsed 118300000 reads
2025-02-03 20:28:45,674 INFO Parsed 118400000 reads
2025-02-03 20:28:46,074 INFO Parsed 118500000 reads
2025-02-03 20:28:46,471 INFO Parsed 118600000 reads
2025-02-03 20:28:46,870 INFO Parsed 118700000 reads
2025-02-03 20:28:47,268 INFO Parsed 118800000 reads
2025-02-03 20:28:47,666 INFO Parsed 118900000 reads
2025-02-03 20:28:48,064 INFO Parsed 119000000 reads
2025-02-03 20:28:48,465 INFO Parsed 119100000 reads
2025-02-03 20:28:48,865 INFO Parsed 119200000 reads
2025-02-03 20:28:49,262 INFO Parsed 119300000 reads
2025-02-03 20:28:49,660 INFO Parsed 119400000 reads
2025-02-03 20:28:50,055 INFO Parsed 119500000 reads
2025-02-03 20:28:50,453 INFO Parsed 119600000 reads
2025-02-03 20:28:50,852 INFO Parsed 119700000 reads
2025-02-03 20:28:51,248 INFO Parsed 119800000 reads
2025-02-03 20:28:51,646 INFO Parsed 119900000 reads
2025-02-03 20:28:52,044 INFO Parsed 120000000 reads
2025-02-03 20:28:52,443 INFO Parsed 120100000 reads
2025-02-03 20:28:52,840 INFO Parsed 120200000 reads
2025-02-03 20:28:53,238 INFO Parsed 120300000 reads
2025-02-03 20:28:53,632 INFO Parsed 120400000 reads
2025-02-03 20:28:54,021 INFO Parsed 120500000 reads
2025-02-03 20:28:54,423 INFO Parsed 120600000 reads
2025-02-03 20:28:54,822 INFO Parsed 120700000 reads
2025-02-03 20:28:55,225 INFO Parsed 120800000 reads
2025-02-03 20:28:55,625 INFO Parsed 120900000 reads
2025-02-03 20:28:56,023 INFO Parsed 121000000 reads
2025-02-03 20:28:56,424 INFO Parsed 121100000 reads
2025-02-03 20:28:56,821 INFO Parsed 121200000 reads
2025-02-03 20:28:57,216 INFO Parsed 121300000 reads
2025-02-03 20:28:57,610 INFO Parsed 121400000 reads
2025-02-03 20:28:58,009 INFO Parsed 121500000 reads
2025-02-03 20:28:58,410 INFO Parsed 121600000 reads
2025-02-03 20:28:58,809 INFO Parsed 121700000 reads
2025-02-03 20:28:59,211 INFO Parsed 121800000 reads
2025-02-03 20:28:59,607 INFO Parsed 121900000 reads
2025-02-03 20:29:00,006 INFO Parsed 122000000 reads
2025-02-03 20:29:00,407 INFO Parsed 122100000 reads
2025-02-03 20:29:00,808 INFO Parsed 122200000 reads
2025-02-03 20:29:01,209 INFO Parsed 122300000 reads
2025-02-03 20:29:01,614 INFO Parsed 122400000 reads
2025-02-03 20:29:02,021 INFO Parsed 122500000 reads
2025-02-03 20:29:02,425 INFO Parsed 122600000 reads
2025-02-03 20:29:02,826 INFO Parsed 122700000 reads
2025-02-03 20:29:03,228 INFO Parsed 122800000 reads
2025-02-03 20:29:03,631 INFO Parsed 122900000 reads
2025-02-03 20:29:04,032 INFO Parsed 123000000 reads
2025-02-03 20:29:04,426 INFO Parsed 123100000 reads
2025-02-03 20:29:04,822 INFO Parsed 123200000 reads
2025-02-03 20:29:05,221 INFO Parsed 123300000 reads
2025-02-03 20:29:05,624 INFO Parsed 123400000 reads
2025-02-03 20:29:06,025 INFO Parsed 123500000 reads
2025-02-03 20:29:06,426 INFO Parsed 123600000 reads
2025-02-03 20:29:06,824 INFO Parsed 123700000 reads
2025-02-03 20:29:07,225 INFO Parsed 123800000 reads
2025-02-03 20:29:07,625 INFO Parsed 123900000 reads
2025-02-03 20:29:08,022 INFO Parsed 124000000 reads
2025-02-03 20:29:08,418 INFO Parsed 124100000 reads
2025-02-03 20:29:08,818 INFO Parsed 124200000 reads
2025-02-03 20:29:09,220 INFO Parsed 124300000 reads
2025-02-03 20:29:09,621 INFO Parsed 124400000 reads
2025-02-03 20:29:10,021 INFO Parsed 124500000 reads
2025-02-03 20:29:10,422 INFO Parsed 124600000 reads
2025-02-03 20:29:10,822 INFO Parsed 124700000 reads
2025-02-03 20:29:11,217 INFO Parsed 124800000 reads
2025-02-03 20:29:11,611 INFO Parsed 124900000 reads
2025-02-03 20:29:12,010 INFO Parsed 125000000 reads
2025-02-03 20:29:12,411 INFO Parsed 125100000 reads
2025-02-03 20:29:12,813 INFO Parsed 125200000 reads
2025-02-03 20:29:13,214 INFO Parsed 125300000 reads
2025-02-03 20:29:13,612 INFO Parsed 125400000 reads
2025-02-03 20:29:14,011 INFO Parsed 125500000 reads
2025-02-03 20:29:14,409 INFO Parsed 125600000 reads
2025-02-03 20:29:14,801 INFO Parsed 125700000 reads
2025-02-03 20:29:15,191 INFO Parsed 125800000 reads
2025-02-03 20:29:15,594 INFO Parsed 125900000 reads
2025-02-03 20:29:15,993 INFO Parsed 126000000 reads
2025-02-03 20:29:16,394 INFO Parsed 126100000 reads
2025-02-03 20:29:16,789 INFO Parsed 126200000 reads
2025-02-03 20:29:17,190 INFO Parsed 126300000 reads
2025-02-03 20:29:17,589 INFO Parsed 126400000 reads
2025-02-03 20:29:17,984 INFO Parsed 126500000 reads
2025-02-03 20:29:18,376 INFO Parsed 126600000 reads
2025-02-03 20:29:18,768 INFO Parsed 126700000 reads
2025-02-03 20:29:19,168 INFO Parsed 126800000 reads
2025-02-03 20:29:19,568 INFO Parsed 126900000 reads
2025-02-03 20:29:19,966 INFO Parsed 127000000 reads
2025-02-03 20:29:20,362 INFO Parsed 127100000 reads
2025-02-03 20:29:20,760 INFO Parsed 127200000 reads
2025-02-03 20:29:21,152 INFO Parsed 127300000 reads
2025-02-03 20:29:21,542 INFO Parsed 127400000 reads
2025-02-03 20:29:21,934 INFO Parsed 127500000 reads
2025-02-03 20:29:22,325 INFO Parsed 127600000 reads
2025-02-03 20:29:22,716 INFO Parsed 127700000 reads
2025-02-03 20:29:23,118 INFO Parsed 127800000 reads
2025-02-03 20:29:23,516 INFO Parsed 127900000 reads
2025-02-03 20:29:23,914 INFO Parsed 128000000 reads
2025-02-03 20:29:24,313 INFO Parsed 128100000 reads
2025-02-03 20:29:24,715 INFO Parsed 128200000 reads
2025-02-03 20:29:25,118 INFO Parsed 128300000 reads
2025-02-03 20:29:25,516 INFO Parsed 128400000 reads
2025-02-03 20:29:25,911 INFO Parsed 128500000 reads
2025-02-03 20:29:26,302 INFO Parsed 128600000 reads
2025-02-03 20:29:26,700 INFO Parsed 128700000 reads
2025-02-03 20:29:27,099 INFO Parsed 128800000 reads
2025-02-03 20:29:27,498 INFO Parsed 128900000 reads
2025-02-03 20:29:27,895 INFO Parsed 129000000 reads
2025-02-03 20:29:28,292 INFO Parsed 129100000 reads
2025-02-03 20:29:28,694 INFO Parsed 129200000 reads
2025-02-03 20:29:29,092 INFO Parsed 129300000 reads
2025-02-03 20:29:29,483 INFO Parsed 129400000 reads
2025-02-03 20:29:29,873 INFO Parsed 129500000 reads
2025-02-03 20:29:30,274 INFO Parsed 129600000 reads
2025-02-03 20:29:30,674 INFO Parsed 129700000 reads
2025-02-03 20:29:31,070 INFO Parsed 129800000 reads
2025-02-03 20:29:31,471 INFO Parsed 129900000 reads
2025-02-03 20:29:31,872 INFO Parsed 130000000 reads
2025-02-03 20:29:32,270 INFO Parsed 130100000 reads
2025-02-03 20:29:32,666 INFO Parsed 130200000 reads
2025-02-03 20:29:33,059 INFO Parsed 130300000 reads
2025-02-03 20:29:33,453 INFO Parsed 130400000 reads
2025-02-03 20:29:33,851 INFO Parsed 130500000 reads
2025-02-03 20:29:34,251 INFO Parsed 130600000 reads
2025-02-03 20:29:34,654 INFO Parsed 130700000 reads
2025-02-03 20:29:35,053 INFO Parsed 130800000 reads
2025-02-03 20:29:35,454 INFO Parsed 130900000 reads
2025-02-03 20:29:35,857 INFO Parsed 131000000 reads
2025-02-03 20:29:36,260 INFO Parsed 131100000 reads
2025-02-03 20:29:36,657 INFO Parsed 131200000 reads
2025-02-03 20:29:37,053 INFO Parsed 131300000 reads
2025-02-03 20:29:37,446 INFO Parsed 131400000 reads
2025-02-03 20:29:37,847 INFO Parsed 131500000 reads
2025-02-03 20:29:38,249 INFO Parsed 131600000 reads
2025-02-03 20:29:38,648 INFO Parsed 131700000 reads
2025-02-03 20:29:39,049 INFO Parsed 131800000 reads
2025-02-03 20:29:39,448 INFO Parsed 131900000 reads
2025-02-03 20:29:39,850 INFO Parsed 132000000 reads
2025-02-03 20:29:40,243 INFO Parsed 132100000 reads
2025-02-03 20:29:40,633 INFO Parsed 132200000 reads
2025-02-03 20:29:41,033 INFO Parsed 132300000 reads
2025-02-03 20:29:41,433 INFO Parsed 132400000 reads
2025-02-03 20:29:41,834 INFO Parsed 132500000 reads
2025-02-03 20:29:42,234 INFO Parsed 132600000 reads
2025-02-03 20:29:42,634 INFO Parsed 132700000 reads
2025-02-03 20:29:43,033 INFO Parsed 132800000 reads
2025-02-03 20:29:43,342 INFO Input Reads: 132869926
2025-02-03 20:29:43,342 INFO regex matches read1: 105308272
2025-02-03 20:29:43,342 INFO regex matches read2: 90903843
2025-02-03 20:29:43,342 INFO Reads output: 90903843
2025-02-03 20:29:43,342 INFO regex does not match read1: 27561654
2025-02-03 20:29:43,342 INFO regex does not match read2: 14404429
# job finished in 2141 seconds at Mon Feb  3 20:29:43 2025 -- 2081.40 40.88  0.00  0.00 -- ad2b9396-a78b-43e4-917d-a956f8ea6ad8
/var/spool/slurmd/job47056077/slurm_script: line 32: --log=/home/mcn26/palmer_scratch/tabula_data/raw_recap/cohen_retina/main_bc_extract/SRR21787460_extract.log: No such file or directory
