
Note: the module "Python" cannot be unloaded because it was not loaded.

Lmod Warning:
-------------------------------------------------------------------------------
The following dependent module(s) are not currently loaded:
Python/3.10.8-GCCcore-12.2.0 (required by: Bowtie2/2.5.1-GCC-12.2.0)
-------------------------------------------------------------------------------



unzipping R1...
unzipping R2...
beginning barcode extraction...
# UMI-tools version: 1.1.6
# output generated by extract --extract-method=regex --bc-pattern=^(?P<cell_1>.{16})(?P<umi_1>.{12}) --bc-pattern2=(?P<discard_1>SCGGTAAGCTCCCGGGAGCTTGT){s<=3}(?P<umi_2>.{8}) --stdin=/home/mcn26/palmer_scratch/tabula_data/raw_recap/cohen_retina/filtered_fastq/SRR21787461_1.fastq.gz_R1_paired.fastq --read2-in= /home/mcn26/palmer_scratch/tabula_data/raw_recap/cohen_retina/filtered_fastq/SRR21787461_1.fastq.gz_R2_paired.fastq --read2-out=/home/mcn26/palmer_scratch/tabula_data/raw_recap/cohen_retina/main_bc_extract/SRR21787461_processed_R2.fastq
# job started at Mon Feb  3 19:36:49 2025 on r814u23n03.mccleary.ycrc.yale.edu -- f6385030-8770-4b97-8782-bc8ed4d373ab
# pid: 3731226, system: Linux 4.18.0-477.74.1.el8_8.x86_64 #1 SMP Thu Sep 12 12:27:11 EDT 2024 x86_64
# blacklist                               : None
# compresslevel                           : 6
# correct_umi_threshold                   : 0
# either_read                             : False
# either_read_resolve                     : discard
# error_correct_cell                      : False
# extract_method                          : regex
# filter_cell_barcode                     : None
# filter_cell_barcodes                    : False
# filter_umi                              : None
# filtered_out                            : None
# filtered_out2                           : None
# ignore_suffix                           : False
# log2stderr                              : False
# loglevel                                : 1
# pattern                                 : ^(?P<cell_1>.{16})(?P<umi_1>.{12})
# pattern2                                : (?P<discard_1>SCGGTAAGCTCCCGGGAGCTTGT){s<=3}(?P<umi_2>.{8})
# prime3                                  : None
# quality_encoding                        : None
# quality_filter_mask                     : None
# quality_filter_threshold                : None
# random_seed                             : None
# read2_in                                : 
# read2_only                              : False
# read2_out                               : /home/mcn26/palmer_scratch/tabula_data/raw_recap/cohen_retina/main_bc_extract/SRR21787461_processed_R2.fastq
# read2_stdout                            : False
# reads_subset                            : None
# reconcile                               : False
# retain_umi                              : None
# short_help                              : None
# stderr                                  : <_io.TextIOWrapper name='<stderr>' mode='w' encoding='utf-8'>
# stdin                                   : <_io.TextIOWrapper name='/home/mcn26/palmer_scratch/tabula_data/raw_recap/cohen_retina/filtered_fastq/SRR21787461_1.fastq.gz_R1_paired.fastq' mode='r' encoding='UTF-8'>
# stdlog                                  : <_io.TextIOWrapper name='<stdout>' mode='w' encoding='utf-8'>
# stdout                                  : <_io.TextIOWrapper name='<stdout>' mode='w' encoding='utf-8'>
# timeit_file                             : None
# timeit_header                           : None
# timeit_name                             : all
# tmpdir                                  : None
# umi_correct_log                         : None
# umi_separator                           : _
# umi_whitelist                           : None
# umi_whitelist_paired                    : None
# whitelist                               : None
Traceback (most recent call last):
  File "/home/mcn26/.conda/envs/biopython/bin/umi_tools", line 11, in <module>
    sys.exit(main())
             ^^^^^^
  File "/home/mcn26/.conda/envs/biopython/lib/python3.12/site-packages/umi_tools/umi_tools.py", line 61, in main
    module.main(sys.argv)
  File "/home/mcn26/.conda/envs/biopython/lib/python3.12/site-packages/umi_tools/extract.py", line 336, in main
    extract_cell, extract_umi = U.validateExtractOptions(options)
                                ^^^^^^^^^^^^^^^^^^^^^^^^^^^^^^^^^
  File "/home/mcn26/.conda/envs/biopython/lib/python3.12/site-packages/umi_tools/Utilities.py", line 1149, in validateExtractOptions
    raise ValueError("must specify a paired fastq ``--read2-in``")
ValueError: must specify a paired fastq ``--read2-in``
/var/spool/slurmd/job47054979/slurm_script: line 32: --log=/home/mcn26/palmer_scratch/tabula_data/raw_recap/cohen_retina/main_bc_extract/SRR21787461_extract.log: No such file or directory
