
Note: the module "Python" cannot be unloaded because it was not loaded.

Lmod Warning:
-------------------------------------------------------------------------------
The following dependent module(s) are not currently loaded:
Python/3.10.8-GCCcore-12.2.0 (required by: Bowtie2/2.5.1-GCC-12.2.0)
-------------------------------------------------------------------------------



beginning barcode extraction...
# UMI-tools version: 1.1.6
# output generated by extract --extract-method=regex --bc-pattern=^(?P<cell_1>.{16})(?P<umi_1>.{12}) --bc-pattern2=(?P<discard_1>SCGGTAAGCTCCCGGGAGCTTGT){s<=3}(?P<umi_2>.{8}) --stdin=/home/mcn26/palmer_scratch/tabula_data/raw_recap/cohen_retina/filtered_fastq/SRR21787461_1.fastq.gz_R1_paired.fastq --stdout=/home/mcn26/palmer_scratch/tabula_data/raw_recap/cohen_retina/main_bc_extract/SRR21787461_processed_R1.fastq --read2-in=/home/mcn26/palmer_scratch/tabula_data/raw_recap/cohen_retina/filtered_fastq/SRR21787461_1.fastq.gz_R2_paired.fastq --read2-out=/home/mcn26/palmer_scratch/tabula_data/raw_recap/cohen_retina/main_bc_extract/SRR21787461_processed_R2.fastq
# job started at Mon Feb  3 19:42:36 2025 on r814u09n11.mccleary.ycrc.yale.edu -- 17334aa2-6ed2-4d17-a11e-5bc43078ffe1
# pid: 2101704, system: Linux 4.18.0-477.74.1.el8_8.x86_64 #1 SMP Thu Sep 12 12:27:11 EDT 2024 x86_64
# blacklist                               : None
# compresslevel                           : 6
# correct_umi_threshold                   : 0
# either_read                             : False
# either_read_resolve                     : discard
# error_correct_cell                      : False
# extract_method                          : regex
# filter_cell_barcode                     : None
# filter_cell_barcodes                    : False
# filter_umi                              : None
# filtered_out                            : None
# filtered_out2                           : None
# ignore_suffix                           : False
# log2stderr                              : False
# loglevel                                : 1
# pattern                                 : ^(?P<cell_1>.{16})(?P<umi_1>.{12})
# pattern2                                : (?P<discard_1>SCGGTAAGCTCCCGGGAGCTTGT){s<=3}(?P<umi_2>.{8})
# prime3                                  : None
# quality_encoding                        : None
# quality_filter_mask                     : None
# quality_filter_threshold                : None
# random_seed                             : None
# read2_in                                : /home/mcn26/palmer_scratch/tabula_data/raw_recap/cohen_retina/filtered_fastq/SRR21787461_1.fastq.gz_R2_paired.fastq
# read2_only                              : False
# read2_out                               : /home/mcn26/palmer_scratch/tabula_data/raw_recap/cohen_retina/main_bc_extract/SRR21787461_processed_R2.fastq
# read2_stdout                            : False
# reads_subset                            : None
# reconcile                               : False
# retain_umi                              : None
# short_help                              : None
# stderr                                  : <_io.TextIOWrapper name='<stderr>' mode='w' encoding='utf-8'>
# stdin                                   : <_io.TextIOWrapper name='/home/mcn26/palmer_scratch/tabula_data/raw_recap/cohen_retina/filtered_fastq/SRR21787461_1.fastq.gz_R1_paired.fastq' mode='r' encoding='UTF-8'>
# stdlog                                  : <_io.TextIOWrapper name='<stdout>' mode='w' encoding='utf-8'>
# stdout                                  : <_io.TextIOWrapper name='/home/mcn26/palmer_scratch/tabula_data/raw_recap/cohen_retina/main_bc_extract/SRR21787461_processed_R1.fastq' mode='w' encoding='UTF-8'>
# timeit_file                             : None
# timeit_header                           : None
# timeit_name                             : all
# tmpdir                                  : None
# umi_correct_log                         : None
# umi_separator                           : _
# umi_whitelist                           : None
# umi_whitelist_paired                    : None
# whitelist                               : None
2025-02-03 19:42:36,175 INFO Starting barcode extraction
2025-02-03 19:42:38,047 INFO Parsed 100000 reads
2025-02-03 19:42:39,844 INFO Parsed 200000 reads
2025-02-03 19:42:41,638 INFO Parsed 300000 reads
2025-02-03 19:42:43,431 INFO Parsed 400000 reads
2025-02-03 19:42:45,227 INFO Parsed 500000 reads
2025-02-03 19:42:47,033 INFO Parsed 600000 reads
2025-02-03 19:42:48,846 INFO Parsed 700000 reads
2025-02-03 19:42:50,705 INFO Parsed 800000 reads
2025-02-03 19:42:52,501 INFO Parsed 900000 reads
2025-02-03 19:42:54,294 INFO Parsed 1000000 reads
2025-02-03 19:42:56,097 INFO Parsed 1100000 reads
2025-02-03 19:42:57,897 INFO Parsed 1200000 reads
2025-02-03 19:42:59,691 INFO Parsed 1300000 reads
2025-02-03 19:43:01,501 INFO Parsed 1400000 reads
2025-02-03 19:43:03,310 INFO Parsed 1500000 reads
2025-02-03 19:43:05,173 INFO Parsed 1600000 reads
2025-02-03 19:43:06,987 INFO Parsed 1700000 reads
2025-02-03 19:43:08,802 INFO Parsed 1800000 reads
2025-02-03 19:43:10,618 INFO Parsed 1900000 reads
2025-02-03 19:43:12,444 INFO Parsed 2000000 reads
2025-02-03 19:43:14,270 INFO Parsed 2100000 reads
2025-02-03 19:43:16,104 INFO Parsed 2200000 reads
2025-02-03 19:43:17,931 INFO Parsed 2300000 reads
2025-02-03 19:43:19,758 INFO Parsed 2400000 reads
2025-02-03 19:43:21,583 INFO Parsed 2500000 reads
2025-02-03 19:43:23,411 INFO Parsed 2600000 reads
2025-02-03 19:43:25,233 INFO Parsed 2700000 reads
2025-02-03 19:43:27,059 INFO Parsed 2800000 reads
2025-02-03 19:43:28,891 INFO Parsed 2900000 reads
2025-02-03 19:43:30,756 INFO Parsed 3000000 reads
2025-02-03 19:43:32,592 INFO Parsed 3100000 reads
2025-02-03 19:43:34,448 INFO Parsed 3200000 reads
2025-02-03 19:43:36,283 INFO Parsed 3300000 reads
2025-02-03 19:43:38,118 INFO Parsed 3400000 reads
2025-02-03 19:43:40,279 INFO Parsed 3500000 reads
2025-02-03 19:43:50,430 INFO Parsed 3600000 reads
2025-02-03 19:43:52,260 INFO Parsed 3700000 reads
2025-02-03 19:43:54,089 INFO Parsed 3800000 reads
2025-02-03 19:43:55,922 INFO Parsed 3900000 reads
2025-02-03 19:43:57,745 INFO Parsed 4000000 reads
2025-02-03 19:43:59,726 INFO Parsed 4100000 reads
2025-02-03 19:44:15,235 INFO Parsed 4200000 reads
2025-02-03 19:44:23,292 INFO Parsed 4300000 reads
2025-02-03 19:44:25,092 INFO Parsed 4400000 reads
2025-02-03 19:44:26,882 INFO Parsed 4500000 reads
2025-02-03 19:44:28,676 INFO Parsed 4600000 reads
2025-02-03 19:44:32,563 INFO Parsed 4700000 reads
2025-02-03 19:44:53,617 INFO Parsed 4800000 reads
2025-02-03 19:45:01,900 INFO Parsed 4900000 reads
2025-02-03 19:45:03,705 INFO Parsed 5000000 reads
2025-02-03 19:45:05,504 INFO Parsed 5100000 reads
2025-02-03 19:45:07,302 INFO Parsed 5200000 reads
2025-02-03 19:45:09,105 INFO Parsed 5300000 reads
2025-02-03 19:45:10,934 INFO Parsed 5400000 reads
2025-02-03 19:45:12,753 INFO Parsed 5500000 reads
2025-02-03 19:45:14,587 INFO Parsed 5600000 reads
2025-02-03 19:45:16,402 INFO Parsed 5700000 reads
2025-02-03 19:45:18,212 INFO Parsed 5800000 reads
2025-02-03 19:45:20,022 INFO Parsed 5900000 reads
2025-02-03 19:45:21,836 INFO Parsed 6000000 reads
2025-02-03 19:45:23,653 INFO Parsed 6100000 reads
2025-02-03 19:45:25,473 INFO Parsed 6200000 reads
2025-02-03 19:45:27,316 INFO Parsed 6300000 reads
2025-02-03 19:45:36,469 INFO Parsed 6400000 reads
2025-02-03 19:45:39,352 INFO Parsed 6500000 reads
2025-02-03 19:45:42,761 INFO Parsed 6600000 reads
2025-02-03 19:45:45,834 INFO Parsed 6700000 reads
2025-02-03 19:45:49,020 INFO Parsed 6800000 reads
2025-02-03 19:45:52,362 INFO Parsed 6900000 reads
2025-02-03 19:45:54,725 INFO Parsed 7000000 reads
2025-02-03 19:45:57,039 INFO Parsed 7100000 reads
2025-02-03 19:45:58,875 INFO Parsed 7200000 reads
2025-02-03 19:46:00,775 INFO Parsed 7300000 reads
2025-02-03 19:46:03,278 INFO Parsed 7400000 reads
2025-02-03 19:46:06,897 INFO Parsed 7500000 reads
2025-02-03 19:46:09,993 INFO Parsed 7600000 reads
2025-02-03 19:46:12,518 INFO Parsed 7700000 reads
2025-02-03 19:46:15,652 INFO Parsed 7800000 reads
2025-02-03 19:46:18,803 INFO Parsed 7900000 reads
2025-02-03 19:46:21,464 INFO Parsed 8000000 reads
2025-02-03 19:46:24,609 INFO Parsed 8100000 reads
2025-02-03 19:46:27,491 INFO Parsed 8200000 reads
2025-02-03 19:46:30,855 INFO Parsed 8300000 reads
2025-02-03 19:46:33,298 INFO Parsed 8400000 reads
2025-02-03 19:46:36,373 INFO Parsed 8500000 reads
2025-02-03 19:46:38,960 INFO Parsed 8600000 reads
2025-02-03 19:46:41,426 INFO Parsed 8700000 reads
2025-02-03 19:46:44,083 INFO Parsed 8800000 reads
2025-02-03 19:46:47,053 INFO Parsed 8900000 reads
2025-02-03 19:46:49,490 INFO Parsed 9000000 reads
2025-02-03 19:46:51,914 INFO Parsed 9100000 reads
2025-02-03 19:46:55,525 INFO Parsed 9200000 reads
2025-02-03 19:46:58,688 INFO Parsed 9300000 reads
2025-02-03 19:47:03,436 INFO Parsed 9400000 reads
2025-02-03 19:47:06,468 INFO Parsed 9500000 reads
2025-02-03 19:47:09,767 INFO Parsed 9600000 reads
2025-02-03 19:47:12,489 INFO Parsed 9700000 reads
2025-02-03 19:47:15,879 INFO Parsed 9800000 reads
2025-02-03 19:47:18,902 INFO Parsed 9900000 reads
2025-02-03 19:47:21,656 INFO Parsed 10000000 reads
2025-02-03 19:47:24,630 INFO Parsed 10100000 reads
2025-02-03 19:47:26,576 INFO Parsed 10200000 reads
2025-02-03 19:47:28,394 INFO Parsed 10300000 reads
2025-02-03 19:47:30,209 INFO Parsed 10400000 reads
2025-02-03 19:47:32,048 INFO Parsed 10500000 reads
2025-02-03 19:47:33,861 INFO Parsed 10600000 reads
2025-02-03 19:47:35,681 INFO Parsed 10700000 reads
2025-02-03 19:47:37,509 INFO Parsed 10800000 reads
2025-02-03 19:47:39,386 INFO Parsed 10900000 reads
2025-02-03 19:47:41,249 INFO Parsed 11000000 reads
2025-02-03 19:47:43,115 INFO Parsed 11100000 reads
2025-02-03 19:47:44,947 INFO Parsed 11200000 reads
2025-02-03 19:47:46,783 INFO Parsed 11300000 reads
2025-02-03 19:47:48,608 INFO Parsed 11400000 reads
2025-02-03 19:47:50,439 INFO Parsed 11500000 reads
2025-02-03 19:47:52,270 INFO Parsed 11600000 reads
2025-02-03 19:47:54,109 INFO Parsed 11700000 reads
2025-02-03 19:47:56,006 INFO Parsed 11800000 reads
2025-02-03 19:47:57,881 INFO Parsed 11900000 reads
2025-02-03 19:47:59,783 INFO Parsed 12000000 reads
2025-02-03 19:48:01,636 INFO Parsed 12100000 reads
2025-02-03 19:48:03,561 INFO Parsed 12200000 reads
2025-02-03 19:48:05,490 INFO Parsed 12300000 reads
2025-02-03 19:48:07,319 INFO Parsed 12400000 reads
2025-02-03 19:48:09,111 INFO Parsed 12500000 reads
2025-02-03 19:48:10,917 INFO Parsed 12600000 reads
2025-02-03 19:48:12,720 INFO Parsed 12700000 reads
2025-02-03 19:48:14,539 INFO Parsed 12800000 reads
2025-02-03 19:48:16,333 INFO Parsed 12900000 reads
2025-02-03 19:48:18,405 INFO Parsed 13000000 reads
2025-02-03 19:48:20,205 INFO Parsed 13100000 reads
2025-02-03 19:48:22,038 INFO Parsed 13200000 reads
2025-02-03 19:48:23,863 INFO Parsed 13300000 reads
2025-02-03 19:48:25,694 INFO Parsed 13400000 reads
2025-02-03 19:48:27,494 INFO Parsed 13500000 reads
2025-02-03 19:48:29,292 INFO Parsed 13600000 reads
2025-02-03 19:48:31,088 INFO Parsed 13700000 reads
2025-02-03 19:48:32,905 INFO Parsed 13800000 reads
2025-02-03 19:48:34,707 INFO Parsed 13900000 reads
2025-02-03 19:48:36,519 INFO Parsed 14000000 reads
2025-02-03 19:48:38,332 INFO Parsed 14100000 reads
2025-02-03 19:48:41,412 INFO Parsed 14200000 reads
2025-02-03 19:48:43,259 INFO Parsed 14300000 reads
2025-02-03 19:48:45,086 INFO Parsed 14400000 reads
2025-02-03 19:48:46,915 INFO Parsed 14500000 reads
2025-02-03 19:48:48,746 INFO Parsed 14600000 reads
2025-02-03 19:48:55,082 INFO Parsed 14700000 reads
2025-02-03 19:48:56,938 INFO Parsed 14800000 reads
2025-02-03 19:48:58,764 INFO Parsed 14900000 reads
2025-02-03 19:49:00,644 INFO Parsed 15000000 reads
2025-02-03 19:49:02,525 INFO Parsed 15100000 reads
2025-02-03 19:49:04,414 INFO Parsed 15200000 reads
2025-02-03 19:49:06,774 INFO Parsed 15300000 reads
2025-02-03 19:49:11,629 INFO Parsed 15400000 reads
2025-02-03 19:49:13,466 INFO Parsed 15500000 reads
2025-02-03 19:49:18,291 INFO Parsed 15600000 reads
2025-02-03 19:49:22,246 INFO Parsed 15700000 reads
2025-02-03 19:49:25,430 INFO Parsed 15800000 reads
2025-02-03 19:49:28,055 INFO Parsed 15900000 reads
2025-02-03 19:49:30,227 INFO Parsed 16000000 reads
2025-02-03 19:49:32,058 INFO Parsed 16100000 reads
2025-02-03 19:49:34,729 INFO Parsed 16200000 reads
2025-02-03 19:49:37,603 INFO Parsed 16300000 reads
2025-02-03 19:49:40,340 INFO Parsed 16400000 reads
2025-02-03 19:49:43,096 INFO Parsed 16500000 reads
2025-02-03 19:49:45,651 INFO Parsed 16600000 reads
2025-02-03 19:49:48,151 INFO Parsed 16700000 reads
2025-02-03 19:49:51,707 INFO Parsed 16800000 reads
2025-02-03 19:49:54,423 INFO Parsed 16900000 reads
2025-02-03 19:49:57,241 INFO Parsed 17000000 reads
2025-02-03 19:49:59,891 INFO Parsed 17100000 reads
2025-02-03 19:50:02,264 INFO Parsed 17200000 reads
2025-02-03 19:50:04,869 INFO Parsed 17300000 reads
2025-02-03 19:50:08,162 INFO Parsed 17400000 reads
2025-02-03 19:50:11,172 INFO Parsed 17500000 reads
2025-02-03 19:50:13,979 INFO Parsed 17600000 reads
2025-02-03 19:50:16,878 INFO Parsed 17700000 reads
2025-02-03 19:50:19,314 INFO Parsed 17800000 reads
2025-02-03 19:50:21,928 INFO Parsed 17900000 reads
2025-02-03 19:50:24,530 INFO Parsed 18000000 reads
2025-02-03 19:50:26,997 INFO Parsed 18100000 reads
2025-02-03 19:50:29,513 INFO Parsed 18200000 reads
2025-02-03 19:50:32,334 INFO Parsed 18300000 reads
2025-02-03 19:50:34,877 INFO Parsed 18400000 reads
2025-02-03 19:50:36,695 INFO Parsed 18500000 reads
2025-02-03 19:50:38,665 INFO Parsed 18600000 reads
2025-02-03 19:50:41,822 INFO Parsed 18700000 reads
2025-02-03 19:50:44,870 INFO Parsed 18800000 reads
2025-02-03 19:50:47,752 INFO Parsed 18900000 reads
2025-02-03 19:50:51,010 INFO Parsed 19000000 reads
2025-02-03 19:50:53,908 INFO Parsed 19100000 reads
2025-02-03 19:50:56,908 INFO Parsed 19200000 reads
2025-02-03 19:50:59,835 INFO Parsed 19300000 reads
2025-02-03 19:51:03,533 INFO Parsed 19400000 reads
2025-02-03 19:51:06,477 INFO Parsed 19500000 reads
2025-02-03 19:51:09,420 INFO Parsed 19600000 reads
2025-02-03 19:51:11,919 INFO Parsed 19700000 reads
2025-02-03 19:51:14,894 INFO Parsed 19800000 reads
2025-02-03 19:51:17,444 INFO Parsed 19900000 reads
2025-02-03 19:51:21,182 INFO Parsed 20000000 reads
2025-02-03 19:51:24,229 INFO Parsed 20100000 reads
2025-02-03 19:51:26,817 INFO Parsed 20200000 reads
2025-02-03 19:51:29,583 INFO Parsed 20300000 reads
2025-02-03 19:51:32,199 INFO Parsed 20400000 reads
2025-02-03 19:51:34,804 INFO Parsed 20500000 reads
2025-02-03 19:51:37,563 INFO Parsed 20600000 reads
2025-02-03 19:51:40,048 INFO Parsed 20700000 reads
2025-02-03 19:51:42,728 INFO Parsed 20800000 reads
2025-02-03 19:51:44,994 INFO Parsed 20900000 reads
2025-02-03 19:51:47,933 INFO Parsed 21000000 reads
2025-02-03 19:51:50,374 INFO Parsed 21100000 reads
2025-02-03 19:51:53,158 INFO Parsed 21200000 reads
2025-02-03 19:51:55,864 INFO Parsed 21300000 reads
2025-02-03 19:51:58,772 INFO Parsed 21400000 reads
2025-02-03 19:52:01,187 INFO Parsed 21500000 reads
2025-02-03 19:52:03,837 INFO Parsed 21600000 reads
2025-02-03 19:52:06,508 INFO Parsed 21700000 reads
2025-02-03 19:52:09,509 INFO Parsed 21800000 reads
2025-02-03 19:52:12,082 INFO Parsed 21900000 reads
2025-02-03 19:52:14,701 INFO Parsed 22000000 reads
2025-02-03 19:52:17,132 INFO Parsed 22100000 reads
2025-02-03 19:52:18,940 INFO Parsed 22200000 reads
2025-02-03 19:52:20,750 INFO Parsed 22300000 reads
2025-02-03 19:52:22,564 INFO Parsed 22400000 reads
2025-02-03 19:52:24,372 INFO Parsed 22500000 reads
2025-02-03 19:52:26,187 INFO Parsed 22600000 reads
2025-02-03 19:52:28,014 INFO Parsed 22700000 reads
2025-02-03 19:52:29,844 INFO Parsed 22800000 reads
2025-02-03 19:52:31,671 INFO Parsed 22900000 reads
2025-02-03 19:52:33,488 INFO Parsed 23000000 reads
2025-02-03 19:52:37,670 INFO Parsed 23100000 reads
2025-02-03 19:52:39,489 INFO Parsed 23200000 reads
2025-02-03 19:52:41,312 INFO Parsed 23300000 reads
2025-02-03 19:53:02,215 INFO Parsed 23400000 reads
2025-02-03 19:53:12,873 INFO Parsed 23500000 reads
2025-02-03 19:53:25,962 INFO Parsed 23600000 reads
2025-02-03 19:53:34,509 INFO Parsed 23700000 reads
2025-02-03 19:53:36,346 INFO Parsed 23800000 reads
2025-02-03 19:53:41,727 INFO Parsed 23900000 reads
2025-02-03 19:53:44,350 INFO Parsed 24000000 reads
2025-02-03 19:53:47,101 INFO Parsed 24100000 reads
2025-02-03 19:53:49,711 INFO Parsed 24200000 reads
2025-02-03 19:53:52,537 INFO Parsed 24300000 reads
2025-02-03 19:53:55,558 INFO Parsed 24400000 reads
2025-02-03 19:53:58,343 INFO Parsed 24500000 reads
2025-02-03 19:54:01,344 INFO Parsed 24600000 reads
2025-02-03 19:54:04,158 INFO Parsed 24700000 reads
2025-02-03 19:54:06,908 INFO Parsed 24800000 reads
2025-02-03 19:54:09,525 INFO Parsed 24900000 reads
2025-02-03 19:54:11,949 INFO Parsed 25000000 reads
2025-02-03 19:54:14,234 INFO Parsed 25100000 reads
2025-02-03 19:54:16,052 INFO Parsed 25200000 reads
2025-02-03 19:54:17,864 INFO Parsed 25300000 reads
2025-02-03 19:54:21,028 INFO Parsed 25400000 reads
2025-02-03 19:54:23,673 INFO Parsed 25500000 reads
2025-02-03 19:54:26,301 INFO Parsed 25600000 reads
2025-02-03 19:54:29,695 INFO Parsed 25700000 reads
2025-02-03 19:54:32,527 INFO Parsed 25800000 reads
2025-02-03 19:54:34,995 INFO Parsed 25900000 reads
2025-02-03 19:54:37,902 INFO Parsed 26000000 reads
2025-02-03 19:54:41,064 INFO Parsed 26100000 reads
2025-02-03 19:54:44,300 INFO Parsed 26200000 reads
2025-02-03 19:54:47,318 INFO Parsed 26300000 reads
2025-02-03 19:54:49,869 INFO Parsed 26400000 reads
2025-02-03 19:54:52,512 INFO Parsed 26500000 reads
2025-02-03 19:54:55,542 INFO Parsed 26600000 reads
2025-02-03 19:54:57,925 INFO Parsed 26700000 reads
2025-02-03 19:55:00,165 INFO Parsed 26800000 reads
2025-02-03 19:55:02,618 INFO Parsed 26900000 reads
2025-02-03 19:55:05,221 INFO Parsed 27000000 reads
2025-02-03 19:55:07,688 INFO Parsed 27100000 reads
2025-02-03 19:55:10,959 INFO Parsed 27200000 reads
2025-02-03 19:55:13,408 INFO Parsed 27300000 reads
2025-02-03 19:55:15,653 INFO Parsed 27400000 reads
2025-02-03 19:55:18,347 INFO Parsed 27500000 reads
2025-02-03 19:55:20,921 INFO Parsed 27600000 reads
2025-02-03 19:55:23,605 INFO Parsed 27700000 reads
2025-02-03 19:55:26,578 INFO Parsed 27800000 reads
2025-02-03 19:55:29,671 INFO Parsed 27900000 reads
2025-02-03 19:55:31,492 INFO Parsed 28000000 reads
2025-02-03 19:55:33,304 INFO Parsed 28100000 reads
2025-02-03 19:55:35,613 INFO Parsed 28200000 reads
2025-02-03 19:55:38,620 INFO Parsed 28300000 reads
2025-02-03 19:55:41,582 INFO Parsed 28400000 reads
2025-02-03 19:55:43,948 INFO Parsed 28500000 reads
2025-02-03 19:55:46,394 INFO Parsed 28600000 reads
2025-02-03 19:55:48,939 INFO Parsed 28700000 reads
2025-02-03 19:55:51,516 INFO Parsed 28800000 reads
2025-02-03 19:55:54,654 INFO Parsed 28900000 reads
2025-02-03 19:55:58,196 INFO Parsed 29000000 reads
2025-02-03 19:56:01,279 INFO Parsed 29100000 reads
2025-02-03 19:56:04,599 INFO Parsed 29200000 reads
2025-02-03 19:56:07,033 INFO Parsed 29300000 reads
2025-02-03 19:56:09,649 INFO Parsed 29400000 reads
2025-02-03 19:56:12,036 INFO Parsed 29500000 reads
2025-02-03 19:56:15,178 INFO Parsed 29600000 reads
2025-02-03 19:56:18,568 INFO Parsed 29700000 reads
2025-02-03 19:56:21,199 INFO Parsed 29800000 reads
2025-02-03 19:56:23,757 INFO Parsed 29900000 reads
2025-02-03 19:56:26,263 INFO Parsed 30000000 reads
2025-02-03 19:56:28,483 INFO Parsed 30100000 reads
2025-02-03 19:56:31,031 INFO Parsed 30200000 reads
2025-02-03 19:56:33,425 INFO Parsed 30300000 reads
2025-02-03 19:56:35,745 INFO Parsed 30400000 reads
2025-02-03 19:56:37,655 INFO Parsed 30500000 reads
2025-02-03 19:56:40,119 INFO Parsed 30600000 reads
2025-02-03 19:56:42,601 INFO Parsed 30700000 reads
2025-02-03 19:56:45,072 INFO Parsed 30800000 reads
2025-02-03 19:56:47,725 INFO Parsed 30900000 reads
2025-02-03 19:56:50,917 INFO Parsed 31000000 reads
2025-02-03 19:56:53,906 INFO Parsed 31100000 reads
2025-02-03 19:56:56,682 INFO Parsed 31200000 reads
2025-02-03 19:56:59,527 INFO Parsed 31300000 reads
2025-02-03 19:57:02,076 INFO Parsed 31400000 reads
2025-02-03 19:57:04,850 INFO Parsed 31500000 reads
2025-02-03 19:57:07,744 INFO Parsed 31600000 reads
2025-02-03 19:57:10,361 INFO Parsed 31700000 reads
2025-02-03 19:57:12,751 INFO Parsed 31800000 reads
2025-02-03 19:57:15,223 INFO Parsed 31900000 reads
2025-02-03 19:57:17,363 INFO Parsed 32000000 reads
2025-02-03 19:57:20,641 INFO Parsed 32100000 reads
2025-02-03 19:57:23,861 INFO Parsed 32200000 reads
2025-02-03 19:57:26,932 INFO Parsed 32300000 reads
2025-02-03 19:57:29,758 INFO Parsed 32400000 reads
2025-02-03 19:57:32,638 INFO Parsed 32500000 reads
2025-02-03 19:57:35,209 INFO Parsed 32600000 reads
2025-02-03 19:57:38,996 INFO Parsed 32700000 reads
2025-02-03 19:57:42,235 INFO Parsed 32800000 reads
2025-02-03 19:57:44,969 INFO Parsed 32900000 reads
2025-02-03 19:57:47,797 INFO Parsed 33000000 reads
2025-02-03 19:57:50,419 INFO Parsed 33100000 reads
2025-02-03 19:57:52,991 INFO Parsed 33200000 reads
2025-02-03 19:57:56,311 INFO Parsed 33300000 reads
2025-02-03 19:57:59,370 INFO Parsed 33400000 reads
2025-02-03 19:58:01,908 INFO Parsed 33500000 reads
2025-02-03 19:58:04,340 INFO Parsed 33600000 reads
2025-02-03 19:58:07,695 INFO Parsed 33700000 reads
2025-02-03 19:58:10,515 INFO Parsed 33800000 reads
2025-02-03 19:58:12,339 INFO Parsed 33900000 reads
2025-02-03 19:58:14,693 INFO Parsed 34000000 reads
2025-02-03 19:58:17,188 INFO Parsed 34100000 reads
2025-02-03 19:58:19,914 INFO Parsed 34200000 reads
2025-02-03 19:58:23,103 INFO Parsed 34300000 reads
2025-02-03 19:58:26,287 INFO Parsed 34400000 reads
2025-02-03 19:58:29,117 INFO Parsed 34500000 reads
2025-02-03 19:58:31,735 INFO Parsed 34600000 reads
2025-02-03 19:58:34,831 INFO Parsed 34700000 reads
2025-02-03 19:58:37,284 INFO Parsed 34800000 reads
2025-02-03 19:58:40,064 INFO Parsed 34900000 reads
2025-02-03 19:58:41,887 INFO Parsed 35000000 reads
2025-02-03 19:58:43,706 INFO Parsed 35100000 reads
2025-02-03 19:58:45,535 INFO Parsed 35200000 reads
2025-02-03 19:58:47,377 INFO Parsed 35300000 reads
2025-02-03 19:58:49,202 INFO Parsed 35400000 reads
2025-02-03 19:58:51,031 INFO Parsed 35500000 reads
2025-02-03 19:58:52,855 INFO Parsed 35600000 reads
2025-02-03 19:58:54,676 INFO Parsed 35700000 reads
2025-02-03 19:58:56,496 INFO Parsed 35800000 reads
2025-02-03 19:58:58,312 INFO Parsed 35900000 reads
2025-02-03 19:59:00,130 INFO Parsed 36000000 reads
2025-02-03 19:59:01,949 INFO Parsed 36100000 reads
2025-02-03 19:59:03,780 INFO Parsed 36200000 reads
2025-02-03 19:59:05,604 INFO Parsed 36300000 reads
2025-02-03 19:59:07,422 INFO Parsed 36400000 reads
2025-02-03 19:59:09,238 INFO Parsed 36500000 reads
2025-02-03 19:59:11,056 INFO Parsed 36600000 reads
2025-02-03 19:59:12,926 INFO Parsed 36700000 reads
2025-02-03 19:59:14,752 INFO Parsed 36800000 reads
2025-02-03 19:59:25,753 INFO Parsed 36900000 reads
2025-02-03 19:59:29,482 INFO Parsed 37000000 reads
2025-02-03 19:59:31,299 INFO Parsed 37100000 reads
2025-02-03 19:59:33,118 INFO Parsed 37200000 reads
2025-02-03 19:59:34,934 INFO Parsed 37300000 reads
2025-02-03 19:59:36,758 INFO Parsed 37400000 reads
2025-02-03 19:59:38,586 INFO Parsed 37500000 reads
2025-02-03 19:59:40,411 INFO Parsed 37600000 reads
2025-02-03 19:59:42,233 INFO Parsed 37700000 reads
2025-02-03 19:59:44,063 INFO Parsed 37800000 reads
2025-02-03 19:59:50,091 INFO Parsed 37900000 reads
2025-02-03 20:00:01,795 INFO Parsed 38000000 reads
2025-02-03 20:00:03,620 INFO Parsed 38100000 reads
2025-02-03 20:00:05,442 INFO Parsed 38200000 reads
2025-02-03 20:00:07,255 INFO Parsed 38300000 reads
2025-02-03 20:00:09,071 INFO Parsed 38400000 reads
2025-02-03 20:00:10,890 INFO Parsed 38500000 reads
2025-02-03 20:00:26,863 INFO Parsed 38600000 reads
2025-02-03 20:00:41,044 INFO Parsed 38700000 reads
2025-02-03 20:00:58,876 INFO Parsed 38800000 reads
2025-02-03 20:01:02,084 INFO Parsed 38900000 reads
2025-02-03 20:01:13,786 INFO Parsed 39000000 reads
2025-02-03 20:01:19,088 INFO Parsed 39100000 reads
2025-02-03 20:01:23,784 INFO Parsed 39200000 reads
2025-02-03 20:01:38,666 INFO Parsed 39300000 reads
2025-02-03 20:01:46,241 INFO Parsed 39400000 reads
2025-02-03 20:01:49,110 INFO Parsed 39500000 reads
2025-02-03 20:02:01,262 INFO Parsed 39600000 reads
2025-02-03 20:02:11,196 INFO Parsed 39700000 reads
2025-02-03 20:02:16,760 INFO Parsed 39800000 reads
2025-02-03 20:02:22,045 INFO Parsed 39900000 reads
2025-02-03 20:02:23,854 INFO Parsed 40000000 reads
2025-02-03 20:02:26,582 INFO Parsed 40100000 reads
2025-02-03 20:02:37,191 INFO Parsed 40200000 reads
2025-02-03 20:02:39,000 INFO Parsed 40300000 reads
2025-02-03 20:02:40,807 INFO Parsed 40400000 reads
2025-02-03 20:02:42,630 INFO Parsed 40500000 reads
2025-02-03 20:02:44,446 INFO Parsed 40600000 reads
2025-02-03 20:02:47,734 INFO Parsed 40700000 reads
2025-02-03 20:03:04,895 INFO Parsed 40800000 reads
2025-02-03 20:03:08,060 INFO Parsed 40900000 reads
2025-02-03 20:03:11,848 INFO Parsed 41000000 reads
2025-02-03 20:03:14,343 INFO Parsed 41100000 reads
2025-02-03 20:03:17,094 INFO Parsed 41200000 reads
2025-02-03 20:03:19,911 INFO Parsed 41300000 reads
2025-02-03 20:03:22,895 INFO Parsed 41400000 reads
2025-02-03 20:03:26,727 INFO Parsed 41500000 reads
2025-02-03 20:03:28,660 INFO Parsed 41600000 reads
2025-02-03 20:03:31,174 INFO Parsed 41700000 reads
2025-02-03 20:03:33,888 INFO Parsed 41800000 reads
2025-02-03 20:03:36,425 INFO Parsed 41900000 reads
2025-02-03 20:03:39,583 INFO Parsed 42000000 reads
2025-02-03 20:03:42,859 INFO Parsed 42100000 reads
2025-02-03 20:03:45,826 INFO Parsed 42200000 reads
2025-02-03 20:03:48,389 INFO Parsed 42300000 reads
2025-02-03 20:03:49,248 INFO Parsed 42400000 reads
2025-02-03 20:03:51,678 INFO Parsed 42500000 reads
2025-02-03 20:03:54,490 INFO Parsed 42600000 reads
2025-02-03 20:03:57,169 INFO Parsed 42700000 reads
2025-02-03 20:03:59,925 INFO Parsed 42800000 reads
2025-02-03 20:04:03,251 INFO Parsed 42900000 reads
2025-02-03 20:04:05,805 INFO Parsed 43000000 reads
2025-02-03 20:04:08,374 INFO Parsed 43100000 reads
2025-02-03 20:04:11,248 INFO Parsed 43200000 reads
2025-02-03 20:04:13,653 INFO Parsed 43300000 reads
2025-02-03 20:04:15,836 INFO Parsed 43400000 reads
2025-02-03 20:04:18,428 INFO Parsed 43500000 reads
2025-02-03 20:04:21,723 INFO Parsed 43600000 reads
2025-02-03 20:04:24,785 INFO Parsed 43700000 reads
2025-02-03 20:04:28,026 INFO Parsed 43800000 reads
2025-02-03 20:04:31,099 INFO Parsed 43900000 reads
2025-02-03 20:04:33,752 INFO Parsed 44000000 reads
2025-02-03 20:04:35,717 INFO Parsed 44100000 reads
2025-02-03 20:04:38,045 INFO Parsed 44200000 reads
2025-02-03 20:04:40,543 INFO Parsed 44300000 reads
2025-02-03 20:04:43,093 INFO Parsed 44400000 reads
2025-02-03 20:04:45,684 INFO Parsed 44500000 reads
2025-02-03 20:04:48,938 INFO Parsed 44600000 reads
2025-02-03 20:04:52,081 INFO Parsed 44700000 reads
2025-02-03 20:04:54,325 INFO Parsed 44800000 reads
2025-02-03 20:04:56,167 INFO Parsed 44900000 reads
2025-02-03 20:04:58,736 INFO Parsed 45000000 reads
2025-02-03 20:05:02,795 INFO Parsed 45100000 reads
2025-02-03 20:05:05,664 INFO Parsed 45200000 reads
2025-02-03 20:05:08,463 INFO Parsed 45300000 reads
2025-02-03 20:05:11,263 INFO Parsed 45400000 reads
2025-02-03 20:05:13,834 INFO Parsed 45500000 reads
2025-02-03 20:05:16,129 INFO Parsed 45600000 reads
2025-02-03 20:05:19,631 INFO Parsed 45700000 reads
2025-02-03 20:05:22,162 INFO Parsed 45800000 reads
2025-02-03 20:05:24,812 INFO Parsed 45900000 reads
2025-02-03 20:05:27,639 INFO Parsed 46000000 reads
2025-02-03 20:05:30,697 INFO Parsed 46100000 reads
2025-02-03 20:05:33,381 INFO Parsed 46200000 reads
2025-02-03 20:05:36,073 INFO Parsed 46300000 reads
2025-02-03 20:05:38,838 INFO Parsed 46400000 reads
2025-02-03 20:05:42,290 INFO Parsed 46500000 reads
2025-02-03 20:05:44,810 INFO Parsed 46600000 reads
2025-02-03 20:05:48,221 INFO Parsed 46700000 reads
2025-02-03 20:05:51,238 INFO Parsed 46800000 reads
2025-02-03 20:05:55,104 INFO Parsed 46900000 reads
2025-02-03 20:05:57,403 INFO Parsed 47000000 reads
2025-02-03 20:05:59,395 INFO Parsed 47100000 reads
2025-02-03 20:06:01,482 INFO Parsed 47200000 reads
2025-02-03 20:06:04,247 INFO Parsed 47300000 reads
2025-02-03 20:06:07,265 INFO Parsed 47400000 reads
2025-02-03 20:06:10,103 INFO Parsed 47500000 reads
2025-02-03 20:06:13,367 INFO Parsed 47600000 reads
2025-02-03 20:06:16,476 INFO Parsed 47700000 reads
2025-02-03 20:06:19,318 INFO Parsed 47800000 reads
2025-02-03 20:06:22,368 INFO Parsed 47900000 reads
2025-02-03 20:06:24,889 INFO Parsed 48000000 reads
2025-02-03 20:06:26,772 INFO Parsed 48100000 reads
2025-02-03 20:06:28,635 INFO Parsed 48200000 reads
2025-02-03 20:06:30,474 INFO Parsed 48300000 reads
2025-02-03 20:06:32,300 INFO Parsed 48400000 reads
2025-02-03 20:06:34,117 INFO Parsed 48500000 reads
2025-02-03 20:06:35,932 INFO Parsed 48600000 reads
2025-02-03 20:06:37,756 INFO Parsed 48700000 reads
2025-02-03 20:06:39,600 INFO Parsed 48800000 reads
2025-02-03 20:06:41,563 INFO Parsed 48900000 reads
2025-02-03 20:06:50,429 INFO Parsed 49000000 reads
2025-02-03 20:06:52,227 INFO Parsed 49100000 reads
2025-02-03 20:06:57,248 INFO Parsed 49200000 reads
2025-02-03 20:07:17,886 INFO Parsed 49300000 reads
2025-02-03 20:07:27,337 INFO Parsed 49400000 reads
2025-02-03 20:07:36,979 INFO Parsed 49500000 reads
2025-02-03 20:07:41,244 INFO Parsed 49600000 reads
2025-02-03 20:07:44,442 INFO Parsed 49700000 reads
2025-02-03 20:07:47,087 INFO Parsed 49800000 reads
2025-02-03 20:07:49,713 INFO Parsed 49900000 reads
2025-02-03 20:07:51,622 INFO Parsed 50000000 reads
2025-02-03 20:07:53,522 INFO Parsed 50100000 reads
2025-02-03 20:07:55,459 INFO Parsed 50200000 reads
2025-02-03 20:07:57,681 INFO Parsed 50300000 reads
2025-02-03 20:08:00,349 INFO Parsed 50400000 reads
2025-02-03 20:08:02,794 INFO Parsed 50500000 reads
2025-02-03 20:08:05,529 INFO Parsed 50600000 reads
2025-02-03 20:08:07,696 INFO Parsed 50700000 reads
2025-02-03 20:08:10,052 INFO Parsed 50800000 reads
2025-02-03 20:08:12,589 INFO Parsed 50900000 reads
2025-02-03 20:08:14,654 INFO Parsed 51000000 reads
2025-02-03 20:08:16,474 INFO Parsed 51100000 reads
2025-02-03 20:08:18,304 INFO Parsed 51200000 reads
2025-02-03 20:08:21,298 INFO Parsed 51300000 reads
2025-02-03 20:08:24,318 INFO Parsed 51400000 reads
2025-02-03 20:08:27,667 INFO Parsed 51500000 reads
2025-02-03 20:08:30,816 INFO Parsed 51600000 reads
2025-02-03 20:08:33,787 INFO Parsed 51700000 reads
2025-02-03 20:08:36,513 INFO Parsed 51800000 reads
2025-02-03 20:08:39,035 INFO Parsed 51900000 reads
2025-02-03 20:08:41,384 INFO Parsed 52000000 reads
2025-02-03 20:08:44,292 INFO Parsed 52100000 reads
2025-02-03 20:08:47,700 INFO Parsed 52200000 reads
2025-02-03 20:08:50,521 INFO Parsed 52300000 reads
2025-02-03 20:08:53,195 INFO Parsed 52400000 reads
2025-02-03 20:08:55,689 INFO Parsed 52500000 reads
2025-02-03 20:08:58,370 INFO Parsed 52600000 reads
2025-02-03 20:09:00,761 INFO Parsed 52700000 reads
2025-02-03 20:09:03,218 INFO Parsed 52800000 reads
2025-02-03 20:09:06,103 INFO Parsed 52900000 reads
2025-02-03 20:09:08,518 INFO Parsed 53000000 reads
2025-02-03 20:09:10,327 INFO Parsed 53100000 reads
2025-02-03 20:09:12,137 INFO Parsed 53200000 reads
2025-02-03 20:09:14,296 INFO Parsed 53300000 reads
2025-02-03 20:09:16,886 INFO Parsed 53400000 reads
2025-02-03 20:09:19,914 INFO Parsed 53500000 reads
2025-02-03 20:09:22,549 INFO Parsed 53600000 reads
2025-02-03 20:09:25,202 INFO Parsed 53700000 reads
2025-02-03 20:09:27,723 INFO Parsed 53800000 reads
2025-02-03 20:09:30,213 INFO Parsed 53900000 reads
2025-02-03 20:09:33,412 INFO Parsed 54000000 reads
2025-02-03 20:09:36,629 INFO Parsed 54100000 reads
2025-02-03 20:09:39,523 INFO Parsed 54200000 reads
2025-02-03 20:09:42,497 INFO Parsed 54300000 reads
2025-02-03 20:09:45,459 INFO Parsed 54400000 reads
2025-02-03 20:09:48,901 INFO Parsed 54500000 reads
2025-02-03 20:09:51,714 INFO Parsed 54600000 reads
2025-02-03 20:09:54,598 INFO Parsed 54700000 reads
2025-02-03 20:09:57,031 INFO Parsed 54800000 reads
2025-02-03 20:09:59,883 INFO Parsed 54900000 reads
2025-02-03 20:10:02,540 INFO Parsed 55000000 reads
2025-02-03 20:10:05,466 INFO Parsed 55100000 reads
2025-02-03 20:10:08,281 INFO Parsed 55200000 reads
2025-02-03 20:10:11,212 INFO Parsed 55300000 reads
2025-02-03 20:10:13,688 INFO Parsed 55400000 reads
2025-02-03 20:10:16,298 INFO Parsed 55500000 reads
2025-02-03 20:10:19,111 INFO Parsed 55600000 reads
2025-02-03 20:10:21,723 INFO Parsed 55700000 reads
2025-02-03 20:10:24,448 INFO Parsed 55800000 reads
2025-02-03 20:10:26,896 INFO Parsed 55900000 reads
2025-02-03 20:10:29,252 INFO Parsed 56000000 reads
2025-02-03 20:10:31,767 INFO Parsed 56100000 reads
2025-02-03 20:10:34,663 INFO Parsed 56200000 reads
2025-02-03 20:10:37,159 INFO Parsed 56300000 reads
2025-02-03 20:10:39,517 INFO Parsed 56400000 reads
2025-02-03 20:10:42,144 INFO Parsed 56500000 reads
2025-02-03 20:10:44,677 INFO Parsed 56600000 reads
2025-02-03 20:10:47,928 INFO Parsed 56700000 reads
2025-02-03 20:10:50,755 INFO Parsed 56800000 reads
2025-02-03 20:10:53,367 INFO Parsed 56900000 reads
2025-02-03 20:10:55,919 INFO Parsed 57000000 reads
2025-02-03 20:10:59,503 INFO Parsed 57100000 reads
2025-02-03 20:11:02,119 INFO Parsed 57200000 reads
2025-02-03 20:11:04,746 INFO Parsed 57300000 reads
2025-02-03 20:11:07,533 INFO Parsed 57400000 reads
2025-02-03 20:11:10,463 INFO Parsed 57500000 reads
2025-02-03 20:11:13,147 INFO Parsed 57600000 reads
2025-02-03 20:11:15,896 INFO Parsed 57700000 reads
2025-02-03 20:11:18,468 INFO Parsed 57800000 reads
2025-02-03 20:11:21,222 INFO Parsed 57900000 reads
2025-02-03 20:11:23,963 INFO Parsed 58000000 reads
2025-02-03 20:11:26,829 INFO Parsed 58100000 reads
2025-02-03 20:11:29,551 INFO Parsed 58200000 reads
2025-02-03 20:11:32,181 INFO Parsed 58300000 reads
2025-02-03 20:11:34,893 INFO Parsed 58400000 reads
2025-02-03 20:11:37,244 INFO Parsed 58500000 reads
2025-02-03 20:11:39,793 INFO Parsed 58600000 reads
2025-02-03 20:11:42,697 INFO Parsed 58700000 reads
2025-02-03 20:11:45,822 INFO Parsed 58800000 reads
2025-02-03 20:11:48,539 INFO Parsed 58900000 reads
2025-02-03 20:11:51,510 INFO Parsed 59000000 reads
2025-02-03 20:11:54,237 INFO Parsed 59100000 reads
2025-02-03 20:11:57,536 INFO Parsed 59200000 reads
2025-02-03 20:12:00,334 INFO Parsed 59300000 reads
2025-02-03 20:12:03,035 INFO Parsed 59400000 reads
2025-02-03 20:12:05,647 INFO Parsed 59500000 reads
2025-02-03 20:12:08,096 INFO Parsed 59600000 reads
2025-02-03 20:12:10,623 INFO Parsed 59700000 reads
2025-02-03 20:12:13,869 INFO Parsed 59800000 reads
2025-02-03 20:12:16,786 INFO Parsed 59900000 reads
2025-02-03 20:12:19,756 INFO Parsed 60000000 reads
2025-02-03 20:12:22,731 INFO Parsed 60100000 reads
2025-02-03 20:12:25,417 INFO Parsed 60200000 reads
2025-02-03 20:12:28,106 INFO Parsed 60300000 reads
2025-02-03 20:12:30,882 INFO Parsed 60400000 reads
2025-02-03 20:12:33,537 INFO Parsed 60500000 reads
2025-02-03 20:12:36,225 INFO Parsed 60600000 reads
2025-02-03 20:12:38,742 INFO Parsed 60700000 reads
2025-02-03 20:12:41,242 INFO Parsed 60800000 reads
2025-02-03 20:12:44,452 INFO Parsed 60900000 reads
2025-02-03 20:12:47,130 INFO Parsed 61000000 reads
2025-02-03 20:12:49,654 INFO Parsed 61100000 reads
2025-02-03 20:12:52,367 INFO Parsed 61200000 reads
2025-02-03 20:12:54,898 INFO Parsed 61300000 reads
2025-02-03 20:12:57,594 INFO Parsed 61400000 reads
2025-02-03 20:13:00,115 INFO Parsed 61500000 reads
2025-02-03 20:13:02,757 INFO Parsed 61600000 reads
2025-02-03 20:13:05,218 INFO Parsed 61700000 reads
2025-02-03 20:13:08,163 INFO Parsed 61800000 reads
2025-02-03 20:13:10,871 INFO Parsed 61900000 reads
2025-02-03 20:13:13,810 INFO Parsed 62000000 reads
2025-02-03 20:13:16,431 INFO Parsed 62100000 reads
2025-02-03 20:13:19,181 INFO Parsed 62200000 reads
2025-02-03 20:13:22,388 INFO Parsed 62300000 reads
2025-02-03 20:13:24,951 INFO Parsed 62400000 reads
2025-02-03 20:13:27,590 INFO Parsed 62500000 reads
2025-02-03 20:13:30,124 INFO Parsed 62600000 reads
2025-02-03 20:13:32,992 INFO Parsed 62700000 reads
2025-02-03 20:13:36,328 INFO Parsed 62800000 reads
2025-02-03 20:13:39,286 INFO Parsed 62900000 reads
2025-02-03 20:13:41,849 INFO Parsed 63000000 reads
2025-02-03 20:13:44,404 INFO Parsed 63100000 reads
2025-02-03 20:13:46,712 INFO Parsed 63200000 reads
2025-02-03 20:13:49,257 INFO Parsed 63300000 reads
2025-02-03 20:13:52,205 INFO Parsed 63400000 reads
2025-02-03 20:13:55,011 INFO Parsed 63500000 reads
2025-02-03 20:13:57,535 INFO Parsed 63600000 reads
2025-02-03 20:14:00,335 INFO Parsed 63700000 reads
2025-02-03 20:14:03,578 INFO Parsed 63800000 reads
2025-02-03 20:14:06,312 INFO Parsed 63900000 reads
2025-02-03 20:14:09,264 INFO Parsed 64000000 reads
2025-02-03 20:14:11,980 INFO Parsed 64100000 reads
2025-02-03 20:14:14,760 INFO Parsed 64200000 reads
2025-02-03 20:14:17,648 INFO Parsed 64300000 reads
2025-02-03 20:14:20,406 INFO Parsed 64400000 reads
2025-02-03 20:14:23,940 INFO Parsed 64500000 reads
2025-02-03 20:14:26,945 INFO Parsed 64600000 reads
2025-02-03 20:14:29,673 INFO Parsed 64700000 reads
2025-02-03 20:14:32,525 INFO Parsed 64800000 reads
2025-02-03 20:14:35,370 INFO Parsed 64900000 reads
2025-02-03 20:14:37,867 INFO Parsed 65000000 reads
2025-02-03 20:14:40,388 INFO Parsed 65100000 reads
2025-02-03 20:14:42,986 INFO Parsed 65200000 reads
2025-02-03 20:14:45,759 INFO Parsed 65300000 reads
2025-02-03 20:14:48,299 INFO Parsed 65400000 reads
2025-02-03 20:14:51,312 INFO Parsed 65500000 reads
2025-02-03 20:14:53,753 INFO Parsed 65600000 reads
2025-02-03 20:14:56,562 INFO Parsed 65700000 reads
2025-02-03 20:14:59,042 INFO Parsed 65800000 reads
2025-02-03 20:15:01,866 INFO Parsed 65900000 reads
2025-02-03 20:15:04,528 INFO Parsed 66000000 reads
2025-02-03 20:15:07,012 INFO Parsed 66100000 reads
2025-02-03 20:15:09,916 INFO Parsed 66200000 reads
2025-02-03 20:15:12,723 INFO Parsed 66300000 reads
2025-02-03 20:15:15,217 INFO Parsed 66400000 reads
2025-02-03 20:15:17,944 INFO Parsed 66500000 reads
2025-02-03 20:15:20,635 INFO Parsed 66600000 reads
2025-02-03 20:15:23,197 INFO Parsed 66700000 reads
2025-02-03 20:15:26,151 INFO Parsed 66800000 reads
2025-02-03 20:15:28,896 INFO Parsed 66900000 reads
2025-02-03 20:15:31,329 INFO Parsed 67000000 reads
2025-02-03 20:15:33,707 INFO Parsed 67100000 reads
2025-02-03 20:15:36,538 INFO Parsed 67200000 reads
2025-02-03 20:15:39,418 INFO Parsed 67300000 reads
2025-02-03 20:15:42,241 INFO Parsed 67400000 reads
2025-02-03 20:15:45,187 INFO Parsed 67500000 reads
2025-02-03 20:15:47,920 INFO Parsed 67600000 reads
2025-02-03 20:15:50,595 INFO Parsed 67700000 reads
2025-02-03 20:15:53,515 INFO Parsed 67800000 reads
2025-02-03 20:15:56,355 INFO Parsed 67900000 reads
2025-02-03 20:15:59,116 INFO Parsed 68000000 reads
2025-02-03 20:16:01,584 INFO Parsed 68100000 reads
2025-02-03 20:16:04,253 INFO Parsed 68200000 reads
2025-02-03 20:16:07,136 INFO Parsed 68300000 reads
2025-02-03 20:16:09,959 INFO Parsed 68400000 reads
2025-02-03 20:16:12,588 INFO Parsed 68500000 reads
2025-02-03 20:16:16,047 INFO Parsed 68600000 reads
2025-02-03 20:16:18,779 INFO Parsed 68700000 reads
2025-02-03 20:16:21,414 INFO Parsed 68800000 reads
2025-02-03 20:16:23,960 INFO Parsed 68900000 reads
2025-02-03 20:16:26,736 INFO Parsed 69000000 reads
2025-02-03 20:16:29,482 INFO Parsed 69100000 reads
2025-02-03 20:16:31,638 INFO Parsed 69200000 reads
2025-02-03 20:16:33,937 INFO Parsed 69300000 reads
2025-02-03 20:16:37,375 INFO Parsed 69400000 reads
2025-02-03 20:16:40,052 INFO Parsed 69500000 reads
2025-02-03 20:16:43,046 INFO Parsed 69600000 reads
2025-02-03 20:16:45,923 INFO Parsed 69700000 reads
2025-02-03 20:16:49,086 INFO Parsed 69800000 reads
2025-02-03 20:16:51,782 INFO Parsed 69900000 reads
2025-02-03 20:16:54,670 INFO Parsed 70000000 reads
2025-02-03 20:16:57,334 INFO Parsed 70100000 reads
2025-02-03 20:17:00,123 INFO Parsed 70200000 reads
2025-02-03 20:17:02,746 INFO Parsed 70300000 reads
2025-02-03 20:17:05,370 INFO Parsed 70400000 reads
2025-02-03 20:17:08,532 INFO Parsed 70500000 reads
2025-02-03 20:17:11,224 INFO Parsed 70600000 reads
2025-02-03 20:17:13,858 INFO Parsed 70700000 reads
2025-02-03 20:17:16,409 INFO Parsed 70800000 reads
2025-02-03 20:17:18,870 INFO Parsed 70900000 reads
2025-02-03 20:17:21,397 INFO Parsed 71000000 reads
2025-02-03 20:17:23,845 INFO Parsed 71100000 reads
2025-02-03 20:17:26,840 INFO Parsed 71200000 reads
2025-02-03 20:17:29,844 INFO Parsed 71300000 reads
2025-02-03 20:17:32,327 INFO Parsed 71400000 reads
2025-02-03 20:17:34,870 INFO Parsed 71500000 reads
2025-02-03 20:17:37,451 INFO Parsed 71600000 reads
2025-02-03 20:17:40,502 INFO Parsed 71700000 reads
2025-02-03 20:17:43,258 INFO Parsed 71800000 reads
2025-02-03 20:17:45,787 INFO Parsed 71900000 reads
2025-02-03 20:17:48,734 INFO Parsed 72000000 reads
2025-02-03 20:17:51,677 INFO Parsed 72100000 reads
2025-02-03 20:17:54,891 INFO Parsed 72200000 reads
2025-02-03 20:17:58,251 INFO Parsed 72300000 reads
2025-02-03 20:18:01,136 INFO Parsed 72400000 reads
2025-02-03 20:18:03,797 INFO Parsed 72500000 reads
2025-02-03 20:18:06,559 INFO Parsed 72600000 reads
2025-02-03 20:18:09,138 INFO Parsed 72700000 reads
2025-02-03 20:18:11,922 INFO Parsed 72800000 reads
2025-02-03 20:18:14,722 INFO Parsed 72900000 reads
2025-02-03 20:18:17,428 INFO Parsed 73000000 reads
2025-02-03 20:18:20,029 INFO Parsed 73100000 reads
2025-02-03 20:18:22,604 INFO Parsed 73200000 reads
2025-02-03 20:18:25,033 INFO Parsed 73300000 reads
2025-02-03 20:18:27,945 INFO Parsed 73400000 reads
2025-02-03 20:18:30,863 INFO Parsed 73500000 reads
2025-02-03 20:18:33,484 INFO Parsed 73600000 reads
2025-02-03 20:18:35,890 INFO Parsed 73700000 reads
2025-02-03 20:18:38,510 INFO Parsed 73800000 reads
2025-02-03 20:18:41,812 INFO Parsed 73900000 reads
2025-02-03 20:18:44,211 INFO Parsed 74000000 reads
2025-02-03 20:18:47,040 INFO Parsed 74100000 reads
2025-02-03 20:18:49,787 INFO Parsed 74200000 reads
2025-02-03 20:18:52,456 INFO Parsed 74300000 reads
2025-02-03 20:18:55,453 INFO Parsed 74400000 reads
2025-02-03 20:18:58,383 INFO Parsed 74500000 reads
2025-02-03 20:19:01,283 INFO Parsed 74600000 reads
2025-02-03 20:19:04,507 INFO Parsed 74700000 reads
2025-02-03 20:19:07,844 INFO Parsed 74800000 reads
2025-02-03 20:19:10,673 INFO Parsed 74900000 reads
2025-02-03 20:19:13,705 INFO Parsed 75000000 reads
2025-02-03 20:19:16,543 INFO Parsed 75100000 reads
2025-02-03 20:19:19,752 INFO Parsed 75200000 reads
2025-02-03 20:19:22,372 INFO Parsed 75300000 reads
2025-02-03 20:19:25,147 INFO Parsed 75400000 reads
2025-02-03 20:19:28,317 INFO Parsed 75500000 reads
2025-02-03 20:19:31,191 INFO Parsed 75600000 reads
2025-02-03 20:19:33,780 INFO Parsed 75700000 reads
2025-02-03 20:19:36,640 INFO Parsed 75800000 reads
2025-02-03 20:19:39,315 INFO Parsed 75900000 reads
2025-02-03 20:19:42,087 INFO Parsed 76000000 reads
2025-02-03 20:19:45,093 INFO Parsed 76100000 reads
2025-02-03 20:19:47,942 INFO Parsed 76200000 reads
2025-02-03 20:19:50,452 INFO Parsed 76300000 reads
2025-02-03 20:19:53,200 INFO Parsed 76400000 reads
2025-02-03 20:19:56,114 INFO Parsed 76500000 reads
2025-02-03 20:19:58,915 INFO Parsed 76600000 reads
2025-02-03 20:20:01,560 INFO Parsed 76700000 reads
2025-02-03 20:20:04,358 INFO Parsed 76800000 reads
2025-02-03 20:20:06,995 INFO Parsed 76900000 reads
2025-02-03 20:20:09,705 INFO Parsed 77000000 reads
2025-02-03 20:20:12,731 INFO Parsed 77100000 reads
2025-02-03 20:20:15,356 INFO Parsed 77200000 reads
2025-02-03 20:20:18,383 INFO Parsed 77300000 reads
2025-02-03 20:20:21,465 INFO Parsed 77400000 reads
2025-02-03 20:20:24,758 INFO Parsed 77500000 reads
2025-02-03 20:20:28,138 INFO Parsed 77600000 reads
2025-02-03 20:20:31,354 INFO Parsed 77700000 reads
2025-02-03 20:20:34,302 INFO Parsed 77800000 reads
2025-02-03 20:20:36,914 INFO Parsed 77900000 reads
2025-02-03 20:20:40,331 INFO Parsed 78000000 reads
2025-02-03 20:20:43,588 INFO Parsed 78100000 reads
2025-02-03 20:20:46,815 INFO Parsed 78200000 reads
2025-02-03 20:20:49,456 INFO Parsed 78300000 reads
2025-02-03 20:20:52,418 INFO Parsed 78400000 reads
2025-02-03 20:20:54,907 INFO Parsed 78500000 reads
2025-02-03 20:20:57,967 INFO Parsed 78600000 reads
2025-02-03 20:21:00,615 INFO Parsed 78700000 reads
2025-02-03 20:21:03,634 INFO Parsed 78800000 reads
2025-02-03 20:21:06,531 INFO Parsed 78900000 reads
2025-02-03 20:21:09,359 INFO Parsed 79000000 reads
2025-02-03 20:21:11,990 INFO Parsed 79100000 reads
2025-02-03 20:21:14,987 INFO Parsed 79200000 reads
2025-02-03 20:21:17,779 INFO Parsed 79300000 reads
2025-02-03 20:21:20,291 INFO Parsed 79400000 reads
2025-02-03 20:21:23,073 INFO Parsed 79500000 reads
2025-02-03 20:21:25,686 INFO Parsed 79600000 reads
2025-02-03 20:21:29,388 INFO Parsed 79700000 reads
2025-02-03 20:21:32,161 INFO Parsed 79800000 reads
2025-02-03 20:21:35,095 INFO Parsed 79900000 reads
2025-02-03 20:21:37,725 INFO Parsed 80000000 reads
2025-02-03 20:21:41,131 INFO Parsed 80100000 reads
2025-02-03 20:21:43,946 INFO Parsed 80200000 reads
2025-02-03 20:21:46,799 INFO Parsed 80300000 reads
2025-02-03 20:21:49,381 INFO Parsed 80400000 reads
2025-02-03 20:21:52,188 INFO Parsed 80500000 reads
2025-02-03 20:21:54,958 INFO Parsed 80600000 reads
2025-02-03 20:21:57,740 INFO Parsed 80700000 reads
2025-02-03 20:22:00,816 INFO Parsed 80800000 reads
2025-02-03 20:22:03,796 INFO Parsed 80900000 reads
2025-02-03 20:22:06,549 INFO Parsed 81000000 reads
2025-02-03 20:22:09,461 INFO Parsed 81100000 reads
2025-02-03 20:22:12,417 INFO Parsed 81200000 reads
2025-02-03 20:22:15,362 INFO Parsed 81300000 reads
2025-02-03 20:22:18,228 INFO Parsed 81400000 reads
2025-02-03 20:22:20,766 INFO Parsed 81500000 reads
2025-02-03 20:22:23,650 INFO Parsed 81600000 reads
2025-02-03 20:22:26,258 INFO Parsed 81700000 reads
2025-02-03 20:22:28,917 INFO Parsed 81800000 reads
2025-02-03 20:22:31,514 INFO Parsed 81900000 reads
2025-02-03 20:22:34,174 INFO Parsed 82000000 reads
2025-02-03 20:22:36,765 INFO Parsed 82100000 reads
2025-02-03 20:22:39,589 INFO Parsed 82200000 reads
2025-02-03 20:22:43,509 INFO Parsed 82300000 reads
2025-02-03 20:22:47,215 INFO Parsed 82400000 reads
2025-02-03 20:22:50,317 INFO Parsed 82500000 reads
2025-02-03 20:22:53,912 INFO Parsed 82600000 reads
2025-02-03 20:22:57,322 INFO Parsed 82700000 reads
2025-02-03 20:23:00,460 INFO Parsed 82800000 reads
2025-02-03 20:23:03,028 INFO Parsed 82900000 reads
2025-02-03 20:23:06,296 INFO Parsed 83000000 reads
2025-02-03 20:23:09,952 INFO Parsed 83100000 reads
2025-02-03 20:23:12,822 INFO Parsed 83200000 reads
2025-02-03 20:23:15,473 INFO Parsed 83300000 reads
2025-02-03 20:23:18,208 INFO Parsed 83400000 reads
2025-02-03 20:23:20,848 INFO Parsed 83500000 reads
2025-02-03 20:23:23,737 INFO Parsed 83600000 reads
2025-02-03 20:23:26,715 INFO Parsed 83700000 reads
2025-02-03 20:23:29,939 INFO Parsed 83800000 reads
2025-02-03 20:23:32,915 INFO Parsed 83900000 reads
2025-02-03 20:23:35,553 INFO Parsed 84000000 reads
2025-02-03 20:23:38,302 INFO Parsed 84100000 reads
2025-02-03 20:23:41,134 INFO Parsed 84200000 reads
2025-02-03 20:23:43,616 INFO Parsed 84300000 reads
2025-02-03 20:23:46,215 INFO Parsed 84400000 reads
2025-02-03 20:23:48,964 INFO Parsed 84500000 reads
2025-02-03 20:23:51,815 INFO Parsed 84600000 reads
2025-02-03 20:23:54,568 INFO Parsed 84700000 reads
2025-02-03 20:23:58,434 INFO Parsed 84800000 reads
2025-02-03 20:24:01,541 INFO Parsed 84900000 reads
2025-02-03 20:24:05,376 INFO Parsed 85000000 reads
2025-02-03 20:24:08,354 INFO Parsed 85100000 reads
2025-02-03 20:24:11,373 INFO Parsed 85200000 reads
2025-02-03 20:24:14,133 INFO Parsed 85300000 reads
2025-02-03 20:24:17,799 INFO Parsed 85400000 reads
2025-02-03 20:24:20,913 INFO Parsed 85500000 reads
2025-02-03 20:24:23,745 INFO Parsed 85600000 reads
2025-02-03 20:24:26,611 INFO Parsed 85700000 reads
2025-02-03 20:24:29,441 INFO Parsed 85800000 reads
2025-02-03 20:24:32,012 INFO Parsed 85900000 reads
2025-02-03 20:24:36,194 INFO Parsed 86000000 reads
2025-02-03 20:24:39,320 INFO Parsed 86100000 reads
2025-02-03 20:24:42,239 INFO Parsed 86200000 reads
2025-02-03 20:24:44,830 INFO Parsed 86300000 reads
2025-02-03 20:24:47,541 INFO Parsed 86400000 reads
2025-02-03 20:24:50,133 INFO Parsed 86500000 reads
2025-02-03 20:24:52,852 INFO Parsed 86600000 reads
2025-02-03 20:24:55,462 INFO Parsed 86700000 reads
2025-02-03 20:24:57,907 INFO Parsed 86800000 reads
2025-02-03 20:25:00,911 INFO Parsed 86900000 reads
2025-02-03 20:25:04,265 INFO Parsed 87000000 reads
2025-02-03 20:25:07,335 INFO Parsed 87100000 reads
2025-02-03 20:25:10,399 INFO Parsed 87200000 reads
2025-02-03 20:25:13,342 INFO Parsed 87300000 reads
2025-02-03 20:25:17,219 INFO Parsed 87400000 reads
2025-02-03 20:25:19,916 INFO Parsed 87500000 reads
2025-02-03 20:25:22,423 INFO Parsed 87600000 reads
2025-02-03 20:25:24,629 INFO Parsed 87700000 reads
2025-02-03 20:25:27,292 INFO Parsed 87800000 reads
2025-02-03 20:25:30,600 INFO Parsed 87900000 reads
2025-02-03 20:25:33,570 INFO Parsed 88000000 reads
2025-02-03 20:25:36,017 INFO Parsed 88100000 reads
2025-02-03 20:25:38,834 INFO Parsed 88200000 reads
2025-02-03 20:25:41,354 INFO Parsed 88300000 reads
2025-02-03 20:25:44,746 INFO Parsed 88400000 reads
2025-02-03 20:25:47,582 INFO Parsed 88500000 reads
2025-02-03 20:25:50,547 INFO Parsed 88600000 reads
2025-02-03 20:25:53,191 INFO Parsed 88700000 reads
2025-02-03 20:25:55,787 INFO Parsed 88800000 reads
2025-02-03 20:25:58,435 INFO Parsed 88900000 reads
2025-02-03 20:26:01,077 INFO Parsed 89000000 reads
2025-02-03 20:26:03,513 INFO Parsed 89100000 reads
2025-02-03 20:26:05,953 INFO Parsed 89200000 reads
2025-02-03 20:26:08,799 INFO Parsed 89300000 reads
2025-02-03 20:26:11,733 INFO Parsed 89400000 reads
2025-02-03 20:26:14,697 INFO Parsed 89500000 reads
2025-02-03 20:26:18,064 INFO Parsed 89600000 reads
2025-02-03 20:26:21,170 INFO Parsed 89700000 reads
2025-02-03 20:26:24,544 INFO Parsed 89800000 reads
2025-02-03 20:26:27,995 INFO Parsed 89900000 reads
2025-02-03 20:26:31,158 INFO Parsed 90000000 reads
2025-02-03 20:26:34,350 INFO Parsed 90100000 reads
2025-02-03 20:26:36,978 INFO Parsed 90200000 reads
2025-02-03 20:26:40,237 INFO Parsed 90300000 reads
2025-02-03 20:26:42,211 INFO Parsed 90400000 reads
2025-02-03 20:26:44,044 INFO Parsed 90500000 reads
2025-02-03 20:26:45,870 INFO Parsed 90600000 reads
2025-02-03 20:26:47,701 INFO Parsed 90700000 reads
2025-02-03 20:26:49,532 INFO Parsed 90800000 reads
2025-02-03 20:26:52,098 INFO Parsed 90900000 reads
2025-02-03 20:26:53,980 INFO Parsed 91000000 reads
2025-02-03 20:26:55,808 INFO Parsed 91100000 reads
2025-02-03 20:27:02,005 INFO Parsed 91200000 reads
2025-02-03 20:27:03,840 INFO Parsed 91300000 reads
2025-02-03 20:27:05,690 INFO Parsed 91400000 reads
2025-02-03 20:27:07,611 INFO Parsed 91500000 reads
2025-02-03 20:27:09,427 INFO Parsed 91600000 reads
2025-02-03 20:27:11,246 INFO Parsed 91700000 reads
2025-02-03 20:27:13,066 INFO Parsed 91800000 reads
2025-02-03 20:27:14,889 INFO Parsed 91900000 reads
2025-02-03 20:27:16,714 INFO Parsed 92000000 reads
2025-02-03 20:27:18,533 INFO Parsed 92100000 reads
2025-02-03 20:27:20,436 INFO Parsed 92200000 reads
2025-02-03 20:27:22,834 INFO Parsed 92300000 reads
2025-02-03 20:27:24,661 INFO Parsed 92400000 reads
2025-02-03 20:27:26,474 INFO Parsed 92500000 reads
2025-02-03 20:27:28,299 INFO Parsed 92600000 reads
2025-02-03 20:27:30,130 INFO Parsed 92700000 reads
2025-02-03 20:27:31,958 INFO Parsed 92800000 reads
2025-02-03 20:27:33,791 INFO Parsed 92900000 reads
2025-02-03 20:27:43,185 INFO Parsed 93000000 reads
2025-02-03 20:27:45,025 INFO Parsed 93100000 reads
2025-02-03 20:27:46,858 INFO Parsed 93200000 reads
2025-02-03 20:27:48,689 INFO Parsed 93300000 reads
2025-02-03 20:27:50,519 INFO Parsed 93400000 reads
2025-02-03 20:27:52,430 INFO Parsed 93500000 reads
2025-02-03 20:28:08,085 INFO Parsed 93600000 reads
2025-02-03 20:28:14,418 INFO Parsed 93700000 reads
2025-02-03 20:28:16,249 INFO Parsed 93800000 reads
2025-02-03 20:28:18,092 INFO Parsed 93900000 reads
2025-02-03 20:28:19,931 INFO Parsed 94000000 reads
2025-02-03 20:28:21,767 INFO Parsed 94100000 reads
2025-02-03 20:28:23,601 INFO Parsed 94200000 reads
2025-02-03 20:28:25,440 INFO Parsed 94300000 reads
2025-02-03 20:28:27,275 INFO Parsed 94400000 reads
2025-02-03 20:28:29,112 INFO Parsed 94500000 reads
2025-02-03 20:28:30,947 INFO Parsed 94600000 reads
2025-02-03 20:28:36,076 INFO Parsed 94700000 reads
2025-02-03 20:28:44,133 INFO Parsed 94800000 reads
2025-02-03 20:28:45,967 INFO Parsed 94900000 reads
2025-02-03 20:28:47,800 INFO Parsed 95000000 reads
2025-02-03 20:28:49,633 INFO Parsed 95100000 reads
2025-02-03 20:28:51,469 INFO Parsed 95200000 reads
2025-02-03 20:28:53,291 INFO Parsed 95300000 reads
2025-02-03 20:28:55,101 INFO Parsed 95400000 reads
2025-02-03 20:28:56,927 INFO Parsed 95500000 reads
2025-02-03 20:28:58,755 INFO Parsed 95600000 reads
2025-02-03 20:29:00,571 INFO Parsed 95700000 reads
2025-02-03 20:29:02,383 INFO Parsed 95800000 reads
2025-02-03 20:29:04,266 INFO Parsed 95900000 reads
2025-02-03 20:29:06,090 INFO Parsed 96000000 reads
2025-02-03 20:29:07,909 INFO Parsed 96100000 reads
2025-02-03 20:29:09,727 INFO Parsed 96200000 reads
2025-02-03 20:29:11,541 INFO Parsed 96300000 reads
2025-02-03 20:29:13,360 INFO Parsed 96400000 reads
2025-02-03 20:29:15,187 INFO Parsed 96500000 reads
2025-02-03 20:29:17,006 INFO Parsed 96600000 reads
2025-02-03 20:29:18,819 INFO Parsed 96700000 reads
2025-02-03 20:29:20,631 INFO Parsed 96800000 reads
2025-02-03 20:29:22,460 INFO Parsed 96900000 reads
2025-02-03 20:29:25,563 INFO Parsed 97000000 reads
2025-02-03 20:29:28,453 INFO Parsed 97100000 reads
2025-02-03 20:29:36,150 INFO Parsed 97200000 reads
2025-02-03 20:29:43,260 INFO Parsed 97300000 reads
2025-02-03 20:29:56,397 INFO Parsed 97400000 reads
2025-02-03 20:30:16,081 INFO Parsed 97500000 reads
2025-02-03 20:30:17,904 INFO Parsed 97600000 reads
2025-02-03 20:30:19,742 INFO Parsed 97700000 reads
2025-02-03 20:30:32,035 INFO Parsed 97800000 reads
2025-02-03 20:30:39,522 INFO Parsed 97900000 reads
2025-02-03 20:30:56,687 INFO Parsed 98000000 reads
2025-02-03 20:30:59,114 INFO Parsed 98100000 reads
2025-02-03 20:31:16,297 INFO Parsed 98200000 reads
2025-02-03 20:31:38,914 INFO Parsed 98300000 reads
2025-02-03 20:31:45,235 INFO Parsed 98400000 reads
2025-02-03 20:31:50,735 INFO Parsed 98500000 reads
2025-02-03 20:31:54,106 INFO Parsed 98600000 reads
2025-02-03 20:31:57,016 INFO Parsed 98700000 reads
2025-02-03 20:31:59,437 INFO Parsed 98800000 reads
2025-02-03 20:32:01,980 INFO Parsed 98900000 reads
2025-02-03 20:32:04,880 INFO Parsed 99000000 reads
2025-02-03 20:32:07,917 INFO Parsed 99100000 reads
2025-02-03 20:32:09,994 INFO Parsed 99200000 reads
2025-02-03 20:32:12,089 INFO Parsed 99300000 reads
2025-02-03 20:32:14,908 INFO Parsed 99400000 reads
2025-02-03 20:32:17,911 INFO Parsed 99500000 reads
2025-02-03 20:32:20,929 INFO Parsed 99600000 reads
2025-02-03 20:32:25,446 INFO Parsed 99700000 reads
2025-02-03 20:32:29,654 INFO Parsed 99800000 reads
2025-02-03 20:32:33,728 INFO Parsed 99900000 reads
2025-02-03 20:32:37,342 INFO Parsed 100000000 reads
2025-02-03 20:32:41,766 INFO Parsed 100100000 reads
2025-02-03 20:32:44,413 INFO Parsed 100200000 reads
2025-02-03 20:32:47,193 INFO Parsed 100300000 reads
2025-02-03 20:32:50,510 INFO Parsed 100400000 reads
2025-02-03 20:32:52,757 INFO Parsed 100500000 reads
2025-02-03 20:32:54,988 INFO Parsed 100600000 reads
2025-02-03 20:32:57,219 INFO Parsed 100700000 reads
2025-02-03 20:32:59,671 INFO Parsed 100800000 reads
2025-02-03 20:33:03,745 INFO Parsed 100900000 reads
2025-02-03 20:33:06,987 INFO Parsed 101000000 reads
2025-02-03 20:33:10,302 INFO Parsed 101100000 reads
2025-02-03 20:33:13,667 INFO Parsed 101200000 reads
2025-02-03 20:33:17,396 INFO Parsed 101300000 reads
2025-02-03 20:33:20,073 INFO Parsed 101400000 reads
2025-02-03 20:33:24,225 INFO Parsed 101500000 reads
2025-02-03 20:33:28,057 INFO Parsed 101600000 reads
2025-02-03 20:33:31,905 INFO Parsed 101700000 reads
2025-02-03 20:33:35,393 INFO Parsed 101800000 reads
2025-02-03 20:33:39,291 INFO Parsed 101900000 reads
2025-02-03 20:33:43,018 INFO Parsed 102000000 reads
2025-02-03 20:33:46,038 INFO Parsed 102100000 reads
2025-02-03 20:33:49,953 INFO Parsed 102200000 reads
2025-02-03 20:33:53,450 INFO Parsed 102300000 reads
2025-02-03 20:33:56,790 INFO Parsed 102400000 reads
2025-02-03 20:33:59,430 INFO Parsed 102500000 reads
2025-02-03 20:34:02,089 INFO Parsed 102600000 reads
2025-02-03 20:34:05,218 INFO Parsed 102700000 reads
2025-02-03 20:34:09,666 INFO Parsed 102800000 reads
2025-02-03 20:34:13,489 INFO Parsed 102900000 reads
2025-02-03 20:34:16,840 INFO Parsed 103000000 reads
2025-02-03 20:34:20,218 INFO Parsed 103100000 reads
2025-02-03 20:34:22,882 INFO Parsed 103200000 reads
2025-02-03 20:34:25,866 INFO Parsed 103300000 reads
2025-02-03 20:34:28,543 INFO Parsed 103400000 reads
2025-02-03 20:34:30,487 INFO Parsed 103500000 reads
2025-02-03 20:34:32,580 INFO Parsed 103600000 reads
2025-02-03 20:34:35,148 INFO Parsed 103700000 reads
2025-02-03 20:34:37,946 INFO Parsed 103800000 reads
2025-02-03 20:34:42,368 INFO Parsed 103900000 reads
2025-02-03 20:34:45,165 INFO Parsed 104000000 reads
2025-02-03 20:34:48,430 INFO Parsed 104100000 reads
2025-02-03 20:34:52,040 INFO Parsed 104200000 reads
2025-02-03 20:34:55,485 INFO Parsed 104300000 reads
2025-02-03 20:34:58,265 INFO Parsed 104400000 reads
2025-02-03 20:35:01,201 INFO Parsed 104500000 reads
2025-02-03 20:35:03,754 INFO Parsed 104600000 reads
2025-02-03 20:35:06,973 INFO Parsed 104700000 reads
2025-02-03 20:35:09,715 INFO Parsed 104800000 reads
2025-02-03 20:35:12,931 INFO Parsed 104900000 reads
2025-02-03 20:35:18,175 INFO Parsed 105000000 reads
2025-02-03 20:35:21,705 INFO Parsed 105100000 reads
2025-02-03 20:35:25,114 INFO Parsed 105200000 reads
2025-02-03 20:35:28,604 INFO Parsed 105300000 reads
2025-02-03 20:35:32,258 INFO Parsed 105400000 reads
2025-02-03 20:35:35,810 INFO Parsed 105500000 reads
2025-02-03 20:35:38,456 INFO Parsed 105600000 reads
2025-02-03 20:35:42,630 INFO Parsed 105700000 reads
2025-02-03 20:35:46,586 INFO Parsed 105800000 reads
2025-02-03 20:35:50,148 INFO Parsed 105900000 reads
2025-02-03 20:35:52,952 INFO Parsed 106000000 reads
2025-02-03 20:35:56,038 INFO Parsed 106100000 reads
2025-02-03 20:35:59,062 INFO Parsed 106200000 reads
2025-02-03 20:36:02,080 INFO Parsed 106300000 reads
2025-02-03 20:36:05,793 INFO Parsed 106400000 reads
2025-02-03 20:36:08,034 INFO Parsed 106500000 reads
2025-02-03 20:36:12,345 INFO Parsed 106600000 reads
2025-02-03 20:36:15,857 INFO Parsed 106700000 reads
2025-02-03 20:36:18,873 INFO Parsed 106800000 reads
2025-02-03 20:36:21,310 INFO Parsed 106900000 reads
2025-02-03 20:36:23,837 INFO Parsed 107000000 reads
2025-02-03 20:36:26,401 INFO Parsed 107100000 reads
2025-02-03 20:36:29,012 INFO Parsed 107200000 reads
2025-02-03 20:36:31,710 INFO Parsed 107300000 reads
2025-02-03 20:36:34,894 INFO Parsed 107400000 reads
2025-02-03 20:36:38,613 INFO Parsed 107500000 reads
2025-02-03 20:36:41,525 INFO Parsed 107600000 reads
2025-02-03 20:36:44,612 INFO Parsed 107700000 reads
2025-02-03 20:36:48,876 INFO Parsed 107800000 reads
2025-02-03 20:36:52,315 INFO Parsed 107900000 reads
2025-02-03 20:36:55,328 INFO Parsed 108000000 reads
2025-02-03 20:36:59,102 INFO Parsed 108100000 reads
2025-02-03 20:37:02,608 INFO Parsed 108200000 reads
2025-02-03 20:37:06,797 INFO Parsed 108300000 reads
2025-02-03 20:37:10,438 INFO Parsed 108400000 reads
2025-02-03 20:37:14,229 INFO Parsed 108500000 reads
2025-02-03 20:37:17,965 INFO Parsed 108600000 reads
2025-02-03 20:37:21,023 INFO Parsed 108700000 reads
2025-02-03 20:37:24,978 INFO Parsed 108800000 reads
2025-02-03 20:37:28,569 INFO Parsed 108900000 reads
2025-02-03 20:37:32,463 INFO Parsed 109000000 reads
2025-02-03 20:37:35,817 INFO Parsed 109100000 reads
2025-02-03 20:37:39,079 INFO Parsed 109200000 reads
2025-02-03 20:37:42,077 INFO Parsed 109300000 reads
2025-02-03 20:37:44,144 INFO Parsed 109400000 reads
2025-02-03 20:37:46,999 INFO Parsed 109500000 reads
2025-02-03 20:37:49,688 INFO Parsed 109600000 reads
2025-02-03 20:37:54,099 INFO Parsed 109700000 reads
2025-02-03 20:37:57,041 INFO Parsed 109800000 reads
2025-02-03 20:38:00,960 INFO Parsed 109900000 reads
2025-02-03 20:38:04,931 INFO Parsed 110000000 reads
2025-02-03 20:38:08,277 INFO Parsed 110100000 reads
2025-02-03 20:38:10,798 INFO Parsed 110200000 reads
2025-02-03 20:38:13,921 INFO Parsed 110300000 reads
2025-02-03 20:38:17,149 INFO Parsed 110400000 reads
2025-02-03 20:38:20,637 INFO Parsed 110500000 reads
2025-02-03 20:38:24,403 INFO Parsed 110600000 reads
2025-02-03 20:38:28,404 INFO Parsed 110700000 reads
2025-02-03 20:38:31,303 INFO Parsed 110800000 reads
2025-02-03 20:38:34,739 INFO Parsed 110900000 reads
2025-02-03 20:38:38,779 INFO Parsed 111000000 reads
2025-02-03 20:38:42,459 INFO Parsed 111100000 reads
2025-02-03 20:38:45,832 INFO Parsed 111200000 reads
2025-02-03 20:38:49,229 INFO Parsed 111300000 reads
2025-02-03 20:38:52,754 INFO Parsed 111400000 reads
2025-02-03 20:38:56,436 INFO Parsed 111500000 reads
2025-02-03 20:38:59,652 INFO Parsed 111600000 reads
2025-02-03 20:39:00,463 INFO Parsed 111700000 reads
2025-02-03 20:39:01,108 INFO Parsed 111800000 reads
2025-02-03 20:39:01,813 INFO Parsed 111900000 reads
2025-02-03 20:39:02,362 INFO Parsed 112000000 reads
2025-02-03 20:39:03,069 INFO Parsed 112100000 reads
2025-02-03 20:39:03,610 INFO Parsed 112200000 reads
2025-02-03 20:39:04,326 INFO Parsed 112300000 reads
2025-02-03 20:39:04,835 INFO Parsed 112400000 reads
2025-02-03 20:39:05,342 INFO Parsed 112500000 reads
2025-02-03 20:39:05,923 INFO Parsed 112600000 reads
2025-02-03 20:39:06,469 INFO Parsed 112700000 reads
2025-02-03 20:39:07,052 INFO Parsed 112800000 reads
2025-02-03 20:39:07,671 INFO Parsed 112900000 reads
2025-02-03 20:39:08,219 INFO Parsed 113000000 reads
2025-02-03 20:39:08,847 INFO Parsed 113100000 reads
2025-02-03 20:39:09,433 INFO Parsed 113200000 reads
2025-02-03 20:39:10,052 INFO Parsed 113300000 reads
2025-02-03 20:39:10,630 INFO Parsed 113400000 reads
2025-02-03 20:39:11,222 INFO Parsed 113500000 reads
2025-02-03 20:39:11,842 INFO Parsed 113600000 reads
2025-02-03 20:39:12,370 INFO Parsed 113700000 reads
2025-02-03 20:39:12,869 INFO Parsed 113800000 reads
2025-02-03 20:39:13,448 INFO Parsed 113900000 reads
2025-02-03 20:39:14,028 INFO Parsed 114000000 reads
2025-02-03 20:39:14,588 INFO Parsed 114100000 reads
2025-02-03 20:39:15,144 INFO Parsed 114200000 reads
2025-02-03 20:39:15,672 INFO Parsed 114300000 reads
2025-02-03 20:39:16,275 INFO Parsed 114400000 reads
2025-02-03 20:39:16,794 INFO Parsed 114500000 reads
2025-02-03 20:39:17,434 INFO Parsed 114600000 reads
2025-02-03 20:39:17,929 INFO Parsed 114700000 reads
2025-02-03 20:39:19,041 INFO Parsed 114800000 reads
2025-02-03 20:39:19,807 INFO Parsed 114900000 reads
2025-02-03 20:39:20,370 INFO Parsed 115000000 reads
2025-02-03 20:39:21,223 INFO Parsed 115100000 reads
2025-02-03 20:39:21,705 INFO Parsed 115200000 reads
2025-02-03 20:39:22,348 INFO Parsed 115300000 reads
2025-02-03 20:39:22,954 INFO Parsed 115400000 reads
2025-02-03 20:39:23,645 INFO Parsed 115500000 reads
2025-02-03 20:39:24,280 INFO Parsed 115600000 reads
2025-02-03 20:39:24,987 INFO Parsed 115700000 reads
2025-02-03 20:39:25,547 INFO Parsed 115800000 reads
2025-02-03 20:39:25,977 INFO Parsed 115900000 reads
2025-02-03 20:39:26,368 INFO Parsed 116000000 reads
2025-02-03 20:39:27,051 INFO Parsed 116100000 reads
2025-02-03 20:39:27,466 INFO Parsed 116200000 reads
2025-02-03 20:39:28,212 INFO Parsed 116300000 reads
2025-02-03 20:39:28,871 INFO Parsed 116400000 reads
2025-02-03 20:39:29,440 INFO Parsed 116500000 reads
2025-02-03 20:39:30,208 INFO Parsed 116600000 reads
2025-02-03 20:39:30,739 INFO Parsed 116700000 reads
2025-02-03 20:39:31,405 INFO Parsed 116800000 reads
2025-02-03 20:39:32,099 INFO Parsed 116900000 reads
2025-02-03 20:39:32,674 INFO Parsed 117000000 reads
2025-02-03 20:39:33,631 INFO Parsed 117100000 reads
2025-02-03 20:39:34,566 INFO Parsed 117200000 reads
2025-02-03 20:39:35,488 INFO Parsed 117300000 reads
2025-02-03 20:39:36,252 INFO Parsed 117400000 reads
2025-02-03 20:39:36,924 INFO Parsed 117500000 reads
2025-02-03 20:39:37,827 INFO Parsed 117600000 reads
2025-02-03 20:39:38,331 INFO Parsed 117700000 reads
2025-02-03 20:39:39,093 INFO Parsed 117800000 reads
2025-02-03 20:39:39,707 INFO Parsed 117900000 reads
2025-02-03 20:39:40,525 INFO Parsed 118000000 reads
2025-02-03 20:39:41,194 INFO Parsed 118100000 reads
2025-02-03 20:39:41,904 INFO Parsed 118200000 reads
2025-02-03 20:39:42,487 INFO Parsed 118300000 reads
2025-02-03 20:39:43,044 INFO Parsed 118400000 reads
2025-02-03 20:39:43,794 INFO Parsed 118500000 reads
2025-02-03 20:39:44,406 INFO Parsed 118600000 reads
2025-02-03 20:39:45,407 INFO Parsed 118700000 reads
2025-02-03 20:39:46,336 INFO Parsed 118800000 reads
2025-02-03 20:39:46,894 INFO Parsed 118900000 reads
2025-02-03 20:39:47,807 INFO Parsed 119000000 reads
2025-02-03 20:39:48,377 INFO Parsed 119100000 reads
2025-02-03 20:39:49,043 INFO Parsed 119200000 reads
2025-02-03 20:39:49,734 INFO Parsed 119300000 reads
2025-02-03 20:39:50,580 INFO Parsed 119400000 reads
2025-02-03 20:39:51,368 INFO Parsed 119500000 reads
2025-02-03 20:39:51,959 INFO Parsed 119600000 reads
2025-02-03 20:39:52,788 INFO Parsed 119700000 reads
2025-02-03 20:39:53,318 INFO Parsed 119800000 reads
2025-02-03 20:39:53,849 INFO Parsed 119900000 reads
2025-02-03 20:39:54,490 INFO Parsed 120000000 reads
2025-02-03 20:39:55,206 INFO Parsed 120100000 reads
2025-02-03 20:39:55,816 INFO Parsed 120200000 reads
2025-02-03 20:39:56,398 INFO Parsed 120300000 reads
2025-02-03 20:39:56,925 INFO Parsed 120400000 reads
2025-02-03 20:39:57,655 INFO Parsed 120500000 reads
2025-02-03 20:39:58,162 INFO Parsed 120600000 reads
2025-02-03 20:39:58,716 INFO Parsed 120700000 reads
2025-02-03 20:39:59,718 INFO Parsed 120800000 reads
2025-02-03 20:40:00,460 INFO Parsed 120900000 reads
2025-02-03 20:40:01,511 INFO Parsed 121000000 reads
2025-02-03 20:40:02,417 INFO Parsed 121100000 reads
2025-02-03 20:40:03,029 INFO Parsed 121200000 reads
2025-02-03 20:40:03,614 INFO Parsed 121300000 reads
2025-02-03 20:40:04,205 INFO Parsed 121400000 reads
2025-02-03 20:40:04,755 INFO Parsed 121500000 reads
2025-02-03 20:40:05,379 INFO Parsed 121600000 reads
2025-02-03 20:40:05,994 INFO Parsed 121700000 reads
2025-02-03 20:40:06,613 INFO Parsed 121800000 reads
2025-02-03 20:40:07,264 INFO Parsed 121900000 reads
2025-02-03 20:40:07,665 INFO Parsed 122000000 reads
2025-02-03 20:40:08,101 INFO Parsed 122100000 reads
2025-02-03 20:40:08,677 INFO Parsed 122200000 reads
2025-02-03 20:40:09,311 INFO Parsed 122300000 reads
2025-02-03 20:40:10,297 INFO Parsed 122400000 reads
2025-02-03 20:40:10,917 INFO Parsed 122500000 reads
2025-02-03 20:40:11,858 INFO Parsed 122600000 reads
2025-02-03 20:40:12,667 INFO Parsed 122700000 reads
2025-02-03 20:40:13,221 INFO Parsed 122800000 reads
2025-02-03 20:40:13,789 INFO Parsed 122900000 reads
2025-02-03 20:40:14,368 INFO Parsed 123000000 reads
2025-02-03 20:40:15,002 INFO Parsed 123100000 reads
2025-02-03 20:40:15,741 INFO Parsed 123200000 reads
2025-02-03 20:40:16,533 INFO Parsed 123300000 reads
2025-02-03 20:40:17,082 INFO Parsed 123400000 reads
2025-02-03 20:40:17,737 INFO Parsed 123500000 reads
2025-02-03 20:40:18,354 INFO Parsed 123600000 reads
2025-02-03 20:40:18,943 INFO Parsed 123700000 reads
2025-02-03 20:40:19,503 INFO Parsed 123800000 reads
2025-02-03 20:40:20,181 INFO Parsed 123900000 reads
2025-02-03 20:40:20,695 INFO Parsed 124000000 reads
2025-02-03 20:40:21,377 INFO Parsed 124100000 reads
2025-02-03 20:40:21,906 INFO Parsed 124200000 reads
2025-02-03 20:40:22,505 INFO Parsed 124300000 reads
2025-02-03 20:40:23,043 INFO Parsed 124400000 reads
2025-02-03 20:40:23,501 INFO Parsed 124500000 reads
2025-02-03 20:40:23,986 INFO Parsed 124600000 reads
2025-02-03 20:40:24,454 INFO Parsed 124700000 reads
2025-02-03 20:40:25,071 INFO Parsed 124800000 reads
2025-02-03 20:40:25,902 INFO Parsed 124900000 reads
2025-02-03 20:40:26,571 INFO Parsed 125000000 reads
2025-02-03 20:40:27,152 INFO Parsed 125100000 reads
2025-02-03 20:40:27,829 INFO Parsed 125200000 reads
2025-02-03 20:40:28,519 INFO Parsed 125300000 reads
2025-02-03 20:40:29,188 INFO Parsed 125400000 reads
2025-02-03 20:40:29,810 INFO Parsed 125500000 reads
2025-02-03 20:40:30,438 INFO Parsed 125600000 reads
2025-02-03 20:40:31,128 INFO Parsed 125700000 reads
2025-02-03 20:40:31,732 INFO Parsed 125800000 reads
2025-02-03 20:40:32,404 INFO Parsed 125900000 reads
2025-02-03 20:40:33,174 INFO Parsed 126000000 reads
2025-02-03 20:40:33,675 INFO Parsed 126100000 reads
2025-02-03 20:40:34,127 INFO Parsed 126200000 reads
2025-02-03 20:40:34,855 INFO Parsed 126300000 reads
2025-02-03 20:40:35,470 INFO Parsed 126400000 reads
2025-02-03 20:40:36,169 INFO Parsed 126500000 reads
2025-02-03 20:40:36,725 INFO Parsed 126600000 reads
2025-02-03 20:40:37,566 INFO Parsed 126700000 reads
2025-02-03 20:40:38,199 INFO Parsed 126800000 reads
2025-02-03 20:40:38,678 INFO Input Reads: 126880302
2025-02-03 20:40:38,678 INFO regex matches read1: 103301157
2025-02-03 20:40:38,678 INFO regex matches read2: 91138150
2025-02-03 20:40:38,678 INFO Reads output: 91138150
2025-02-03 20:40:38,678 INFO regex does not match read1: 23579145
2025-02-03 20:40:38,678 INFO regex does not match read2: 12163007
# job finished in 3482 seconds at Mon Feb  3 20:40:38 2025 -- 2090.87 71.70  0.00  0.00 -- 17334aa2-6ed2-4d17-a11e-5bc43078ffe1
/var/spool/slurmd/job47055775/slurm_script: line 33: --log=/home/mcn26/palmer_scratch/tabula_data/raw_recap/cohen_retina/main_bc_extract/SRR21787461_extract.log: No such file or directory
