FastQC v0.12.1
application/gzip
Started analysis of SRR21787460_1.fastq.gz
Approx 5% complete for SRR21787460_1.fastq.gz
Approx 10% complete for SRR21787460_1.fastq.gz
Approx 15% complete for SRR21787460_1.fastq.gz
Approx 20% complete for SRR21787460_1.fastq.gz
Approx 25% complete for SRR21787460_1.fastq.gz
Approx 30% complete for SRR21787460_1.fastq.gz
Approx 35% complete for SRR21787460_1.fastq.gz
Approx 40% complete for SRR21787460_1.fastq.gz
Approx 45% complete for SRR21787460_1.fastq.gz
Approx 50% complete for SRR21787460_1.fastq.gz
Approx 55% complete for SRR21787460_1.fastq.gz
Approx 60% complete for SRR21787460_1.fastq.gz
Approx 65% complete for SRR21787460_1.fastq.gz
Approx 70% complete for SRR21787460_1.fastq.gz
Approx 75% complete for SRR21787460_1.fastq.gz
Approx 80% complete for SRR21787460_1.fastq.gz
Approx 85% complete for SRR21787460_1.fastq.gz
Approx 90% complete for SRR21787460_1.fastq.gz
Approx 95% complete for SRR21787460_1.fastq.gz
Analysis complete for SRR21787460_1.fastq.gz
application/gzip
Started analysis of SRR21787460_2.fastq.gz
Approx 5% complete for SRR21787460_2.fastq.gz
Approx 10% complete for SRR21787460_2.fastq.gz
Approx 15% complete for SRR21787460_2.fastq.gz
Approx 20% complete for SRR21787460_2.fastq.gz
Approx 25% complete for SRR21787460_2.fastq.gz
Approx 30% complete for SRR21787460_2.fastq.gz
Approx 35% complete for SRR21787460_2.fastq.gz
Approx 40% complete for SRR21787460_2.fastq.gz
Approx 45% complete for SRR21787460_2.fastq.gz
Approx 50% complete for SRR21787460_2.fastq.gz
Approx 55% complete for SRR21787460_2.fastq.gz
Approx 60% complete for SRR21787460_2.fastq.gz
Approx 65% complete for SRR21787460_2.fastq.gz
Approx 70% complete for SRR21787460_2.fastq.gz
Approx 75% complete for SRR21787460_2.fastq.gz
Approx 80% complete for SRR21787460_2.fastq.gz
Approx 85% complete for SRR21787460_2.fastq.gz
Approx 90% complete for SRR21787460_2.fastq.gz
Approx 95% complete for SRR21787460_2.fastq.gz
Analysis complete for SRR21787460_2.fastq.gz
application/gzip
Started analysis of SRR21787461_1.fastq.gz
Approx 5% complete for SRR21787461_1.fastq.gz
Approx 10% complete for SRR21787461_1.fastq.gz
Approx 15% complete for SRR21787461_1.fastq.gz
Approx 20% complete for SRR21787461_1.fastq.gz
Approx 25% complete for SRR21787461_1.fastq.gz
Approx 30% complete for SRR21787461_1.fastq.gz
Approx 35% complete for SRR21787461_1.fastq.gz
Approx 40% complete for SRR21787461_1.fastq.gz
Approx 45% complete for SRR21787461_1.fastq.gz
Approx 50% complete for SRR21787461_1.fastq.gz
Approx 55% complete for SRR21787461_1.fastq.gz
Approx 60% complete for SRR21787461_1.fastq.gz
Approx 65% complete for SRR21787461_1.fastq.gz
Approx 70% complete for SRR21787461_1.fastq.gz
Approx 75% complete for SRR21787461_1.fastq.gz
Approx 80% complete for SRR21787461_1.fastq.gz
Approx 85% complete for SRR21787461_1.fastq.gz
Approx 90% complete for SRR21787461_1.fastq.gz
Approx 95% complete for SRR21787461_1.fastq.gz
Analysis complete for SRR21787461_1.fastq.gz
application/gzip
Started analysis of SRR21787461_2.fastq.gz
Approx 5% complete for SRR21787461_2.fastq.gz
Approx 10% complete for SRR21787461_2.fastq.gz
Approx 15% complete for SRR21787461_2.fastq.gz
Approx 20% complete for SRR21787461_2.fastq.gz
Approx 25% complete for SRR21787461_2.fastq.gz
Approx 30% complete for SRR21787461_2.fastq.gz
Approx 35% complete for SRR21787461_2.fastq.gz
Approx 40% complete for SRR21787461_2.fastq.gz
Approx 45% complete for SRR21787461_2.fastq.gz
Approx 50% complete for SRR21787461_2.fastq.gz
Approx 55% complete for SRR21787461_2.fastq.gz
Approx 60% complete for SRR21787461_2.fastq.gz
Approx 65% complete for SRR21787461_2.fastq.gz
Approx 70% complete for SRR21787461_2.fastq.gz
Approx 75% complete for SRR21787461_2.fastq.gz
Approx 80% complete for SRR21787461_2.fastq.gz
Approx 85% complete for SRR21787461_2.fastq.gz
Approx 90% complete for SRR21787461_2.fastq.gz
Approx 95% complete for SRR21787461_2.fastq.gz
Analysis complete for SRR21787461_2.fastq.gz
application/gzip
Started analysis of SRR21787462_1.fastq.gz
Approx 5% complete for SRR21787462_1.fastq.gz
Approx 10% complete for SRR21787462_1.fastq.gz
Approx 15% complete for SRR21787462_1.fastq.gz
Approx 20% complete for SRR21787462_1.fastq.gz
Approx 25% complete for SRR21787462_1.fastq.gz
Approx 30% complete for SRR21787462_1.fastq.gz
Approx 35% complete for SRR21787462_1.fastq.gz
Approx 40% complete for SRR21787462_1.fastq.gz
Approx 45% complete for SRR21787462_1.fastq.gz
Approx 50% complete for SRR21787462_1.fastq.gz
Approx 55% complete for SRR21787462_1.fastq.gz
Approx 60% complete for SRR21787462_1.fastq.gz
Approx 65% complete for SRR21787462_1.fastq.gz
Approx 70% complete for SRR21787462_1.fastq.gz
Approx 75% complete for SRR21787462_1.fastq.gz
Approx 80% complete for SRR21787462_1.fastq.gz
Approx 85% complete for SRR21787462_1.fastq.gz
Approx 90% complete for SRR21787462_1.fastq.gz
Approx 95% complete for SRR21787462_1.fastq.gz
Analysis complete for SRR21787462_1.fastq.gz
application/gzip
Started analysis of SRR21787462_2.fastq.gz
Approx 5% complete for SRR21787462_2.fastq.gz
Approx 10% complete for SRR21787462_2.fastq.gz
Approx 15% complete for SRR21787462_2.fastq.gz
Approx 20% complete for SRR21787462_2.fastq.gz
Approx 25% complete for SRR21787462_2.fastq.gz
Approx 30% complete for SRR21787462_2.fastq.gz
Approx 35% complete for SRR21787462_2.fastq.gz
Approx 40% complete for SRR21787462_2.fastq.gz
Approx 45% complete for SRR21787462_2.fastq.gz
Approx 50% complete for SRR21787462_2.fastq.gz
Approx 55% complete for SRR21787462_2.fastq.gz
Approx 60% complete for SRR21787462_2.fastq.gz
Approx 65% complete for SRR21787462_2.fastq.gz
Approx 70% complete for SRR21787462_2.fastq.gz
Approx 75% complete for SRR21787462_2.fastq.gz
Approx 80% complete for SRR21787462_2.fastq.gz
Approx 85% complete for SRR21787462_2.fastq.gz
Approx 90% complete for SRR21787462_2.fastq.gz
Approx 95% complete for SRR21787462_2.fastq.gz
Analysis complete for SRR21787462_2.fastq.gz
